2024-03-06 06:26:01 | init: TAmandahotikController.create()
2024-03-06 06:26:01 | init: handle request: mod=_
2024-03-06 06:26:14 | init: TAmandahotikController.create()
2024-03-06 06:26:14 | init: handle request: mod=_
2024-03-06 06:26:23 | init: TAdminController.create()
2024-03-06 06:26:23 | init: handle request: mod=_admin
2024-03-06 06:26:23 | init: TAmandahotikController.create()
2024-03-06 06:26:23 | init: handle request: mod=_
2024-03-06 06:27:18 | init: TIfaceController.create()
2024-03-06 06:27:18 | init: handle request: mod=_admin_iface
2024-03-06 06:27:19 | init: TAdminController.create()
2024-03-06 06:27:19 | init: handle request: mod=_admin
2024-03-06 06:27:19 | init: TAdminController.create()
2024-03-06 06:27:19 | init: handle request: mod=_admin
2024-03-06 06:27:19 | init: TAdminController.create()
2024-03-06 06:27:19 | init: handle request: mod=_admin
2024-03-06 06:27:19 | init: TAdminController.create()
2024-03-06 06:27:19 | init: handle request: mod=_admin
2024-03-06 06:27:39 | init: TAdminController.create()
2024-03-06 06:27:39 | init: handle request: mod=_admin
2024-03-06 06:27:39 | init: TAmandahotikController.create()
2024-03-06 06:27:39 | init: handle request: mod=_
2024-03-06 06:30:36 | init: TAdminController.create()
2024-03-06 06:30:36 | init: handle request: mod=_admin
2024-03-06 06:30:36 | init: TAmandahotikController.create()
2024-03-06 06:30:36 | init: handle request: mod=_
2024-03-06 06:30:54 | init: TAdminController.create()
2024-03-06 06:30:54 | init: handle request: mod=_admin
2024-03-06 06:30:54 | init: TAmandahotikController.create()
2024-03-06 06:30:54 | init: handle request: mod=_
2024-03-06 06:32:52 | init: TAdminController.create()
2024-03-06 06:32:52 | init: handle request: mod=_admin
2024-03-06 06:32:52 | init: TAmandahotikController.create()
2024-03-06 06:32:52 | init: handle request: mod=_
2024-03-06 06:35:18 | init: TAdminController.create()
2024-03-06 06:35:18 | init: handle request: mod=_admin
2024-03-06 06:35:18 | init: TAmandahotikController.create()
2024-03-06 06:35:18 | init: handle request: mod=_
2024-03-06 06:39:35 | init: TAdminController.create()
2024-03-06 06:39:35 | init: handle request: mod=_admin
2024-03-06 06:39:35 | init: TAmandahotikController.create()
2024-03-06 06:39:35 | init: handle request: mod=_
2024-03-06 06:39:44 | init: TAdminController.create()
2024-03-06 06:39:44 | init: handle request: mod=_admin
2024-03-06 06:39:45 | init: TAmandahotikController.create()
2024-03-06 06:39:45 | init: handle request: mod=_
2024-03-06 06:40:32 | init: TAdminController.create()
2024-03-06 06:40:32 | init: handle request: mod=_admin
2024-03-06 06:40:32 | init: TAmandahotikController.create()
2024-03-06 06:40:32 | init: handle request: mod=_
2024-03-06 06:41:24 | init: TAdminController.create()
2024-03-06 06:41:24 | init: handle request: mod=_admin
2024-03-06 06:41:24 | init: TAmandahotikController.create()
2024-03-06 06:41:24 | init: handle request: mod=_
2024-03-06 06:41:31 | init: TIfaceController.create()
2024-03-06 06:41:31 | init: handle request: mod=_admin_iface
2024-03-06 06:41:31 | init: TAdminController.create()
2024-03-06 06:41:31 | init: handle request: mod=_admin
2024-03-06 06:41:31 | init: TAdminController.create()
2024-03-06 06:41:31 | init: handle request: mod=_admin
2024-03-06 06:41:31 | init: TAdminController.create()
2024-03-06 06:41:31 | init: handle request: mod=_admin
2024-03-06 06:41:31 | init: TAdminController.create()
2024-03-06 06:41:31 | init: handle request: mod=_admin
2024-03-06 06:41:46 | init: TIfaceController.create()
2024-03-06 06:41:46 | init: handle request: mod=_admin_iface
2024-03-06 06:41:46 | init: TAdminController.create()
2024-03-06 06:41:46 | init: handle request: mod=_admin
2024-03-06 06:41:46 | init: TAdminController.create()
2024-03-06 06:41:46 | init: handle request: mod=_admin
2024-03-06 06:41:46 | init: TAdminController.create()
2024-03-06 06:41:46 | init: handle request: mod=_admin
2024-03-06 06:41:46 | init: TAdminController.create()
2024-03-06 06:41:46 | init: handle request: mod=_admin
2024-03-06 06:41:48 | init: TIfaceController.create()
2024-03-06 06:41:48 | init: handle request: mod=_admin_iface
2024-03-06 06:41:48 | init: TAdminController.create()
2024-03-06 06:41:48 | init: handle request: mod=_admin
2024-03-06 06:41:48 | init: TAdminController.create()
2024-03-06 06:41:48 | init: handle request: mod=_admin
2024-03-06 06:41:48 | init: TAdminController.create()
2024-03-06 06:41:48 | init: handle request: mod=_admin
2024-03-06 06:41:48 | init: TAdminController.create()
2024-03-06 06:41:48 | init: handle request: mod=_admin
2024-03-06 06:41:54 | init: TAdminController.create()
2024-03-06 06:41:54 | init: handle request: mod=_admin
2024-03-06 06:41:54 | init: TAdminController.create()
2024-03-06 06:41:54 | init: handle request: mod=_admin
2024-03-06 06:42:25 | init: TAdminController.create()
2024-03-06 06:42:25 | init: handle request: mod=_admin
2024-03-06 06:42:25 | init: TAdminController.create()
2024-03-06 06:42:25 | init: handle request: mod=_admin
2024-03-06 06:42:26 | init: TAdminController.create()
2024-03-06 06:42:26 | init: handle request: mod=_admin
2024-03-06 06:42:26 | init: TAdminController.create()
2024-03-06 06:42:26 | init: handle request: mod=_admin
2024-03-06 06:42:36 | init: TAdminController.create()
2024-03-06 06:42:36 | init: handle request: mod=_admin
2024-03-06 06:42:36 | init: TAdminController.create()
2024-03-06 06:42:36 | init: handle request: mod=_admin
2024-03-06 06:44:06 | init: TAdminController.create()
2024-03-06 06:44:06 | init: handle request: mod=_admin
2024-03-06 06:44:06 | init: TAdminController.create()
2024-03-06 06:44:06 | init: handle request: mod=_admin
2024-03-06 06:44:11 | init: TAdminController.create()
2024-03-06 06:44:11 | init: handle request: mod=_admin
2024-03-06 06:44:11 | init: TAdminController.create()
2024-03-06 06:44:11 | init: handle request: mod=_admin
2024-03-06 06:45:27 | init: TAdminController.create()
2024-03-06 06:45:27 | init: handle request: mod=_admin
2024-03-06 06:45:27 | init: TAdminController.create()
2024-03-06 06:45:27 | init: handle request: mod=_admin
2024-03-06 06:46:33 | init: TAdminController.create()
2024-03-06 06:46:33 | init: handle request: mod=_admin
2024-03-06 06:46:33 | init: TAdminController.create()
2024-03-06 06:46:33 | init: handle request: mod=_admin
2024-03-06 06:47:30 | init: TAdminController.create()
2024-03-06 06:47:30 | init: handle request: mod=_admin
2024-03-06 06:47:30 | init: TAdminController.create()
2024-03-06 06:47:30 | init: handle request: mod=_admin
2024-03-06 06:47:38 | init: TAdminController.create()
2024-03-06 06:47:38 | init: handle request: mod=_admin
2024-03-06 06:47:38 | init: TAdminController.create()
2024-03-06 06:47:38 | init: handle request: mod=_admin
2024-03-06 06:47:49 | init: TAdminController.create()
2024-03-06 06:47:49 | init: handle request: mod=_admin
2024-03-06 06:47:49 | init: TAdminController.create()
2024-03-06 06:47:49 | init: handle request: mod=_admin
2024-03-06 06:47:49 | init: TAdminController.create()
2024-03-06 06:47:49 | init: handle request: mod=_admin
2024-03-06 06:47:50 | init: TAdminController.create()
2024-03-06 06:47:50 | init: handle request: mod=_admin
2024-03-06 06:49:49 | init: TAdminController.create()
2024-03-06 06:49:49 | init: handle request: mod=_admin
2024-03-06 06:49:49 | init: TAdminController.create()
2024-03-06 06:49:49 | init: handle request: mod=_admin
2024-03-06 06:53:07 | init: TAdminController.create()
2024-03-06 06:53:07 | init: handle request: mod=_admin
2024-03-06 06:53:07 | init: TAdminController.create()
2024-03-06 06:53:07 | init: handle request: mod=_admin
2024-03-06 06:53:25 | init: TAdminController.create()
2024-03-06 06:53:25 | init: handle request: mod=_admin
2024-03-06 06:53:26 | init: TAdminController.create()
2024-03-06 06:53:26 | init: handle request: mod=_admin
2024-03-06 06:53:26 | init: TAdminController.create()
2024-03-06 06:53:26 | init: handle request: mod=_admin
2024-03-06 06:53:27 | init: TAdminController.create()
2024-03-06 06:53:27 | init: handle request: mod=_admin
2024-03-06 06:55:59 | init: TAdminController.create()
2024-03-06 06:55:59 | init: handle request: mod=_admin
2024-03-06 06:55:59 | init: TAdminController.create()
2024-03-06 06:55:59 | init: handle request: mod=_admin
2024-03-06 06:56:14 | init: TAdminController.create()
2024-03-06 06:56:14 | init: handle request: mod=_admin
2024-03-06 06:56:14 | init: TAdminController.create()
2024-03-06 06:56:14 | init: handle request: mod=_admin
2024-03-06 06:56:30 | init: TIfaceController.create()
2024-03-06 06:56:30 | init: handle request: mod=_admin_iface
2024-03-06 06:56:30 | init: TAdminController.create()
2024-03-06 06:56:30 | init: handle request: mod=_admin
2024-03-06 06:56:30 | init: TAdminController.create()
2024-03-06 06:56:30 | init: handle request: mod=_admin
2024-03-06 06:56:30 | init: TAdminController.create()
2024-03-06 06:56:30 | init: handle request: mod=_admin
2024-03-06 06:56:30 | init: TAdminController.create()
2024-03-06 06:56:30 | init: handle request: mod=_admin
2024-03-06 06:57:31 | init: TIfaceController.create()
2024-03-06 06:57:31 | init: handle request: mod=_admin_iface
2024-03-06 06:57:31 | init: TAdminController.create()
2024-03-06 06:57:31 | init: handle request: mod=_admin
2024-03-06 06:57:31 | init: TAdminController.create()
2024-03-06 06:57:31 | init: handle request: mod=_admin
2024-03-06 06:57:31 | init: TAdminController.create()
2024-03-06 06:57:31 | init: handle request: mod=_admin
2024-03-06 06:57:31 | init: TAdminController.create()
2024-03-06 06:57:31 | init: handle request: mod=_admin
2024-03-06 06:57:33 | init: TAdminController.create()
2024-03-06 06:57:33 | init: handle request: mod=_admin
2024-03-06 06:57:33 | init: TAmandahotikController.create()
2024-03-06 06:57:33 | init: handle request: mod=_
2024-03-06 06:57:34 | init: TAdminController.create()
2024-03-06 06:57:34 | init: handle request: mod=_admin
2024-03-06 06:57:34 | init: TAmandahotikController.create()
2024-03-06 06:57:34 | init: handle request: mod=_
2024-03-06 06:57:36 | init: TIfaceController.create()
2024-03-06 06:57:36 | init: handle request: mod=_admin_iface
2024-03-06 06:57:36 | init: TAdminController.create()
2024-03-06 06:57:36 | init: handle request: mod=_admin
2024-03-06 06:57:37 | init: TAdminController.create()
2024-03-06 06:57:37 | init: handle request: mod=_admin
2024-03-06 06:57:37 | init: TAdminController.create()
2024-03-06 06:57:37 | init: handle request: mod=_admin
2024-03-06 06:57:37 | init: TAdminController.create()
2024-03-06 06:57:37 | init: handle request: mod=_admin
2024-03-06 06:57:40 | init: TAdminController.create()
2024-03-06 06:57:40 | init: handle request: mod=_admin
2024-03-06 06:57:40 | init: TAmandahotikController.create()
2024-03-06 06:57:40 | init: handle request: mod=_
2024-03-06 06:57:41 | init: TAdminController.create()
2024-03-06 06:57:41 | init: handle request: mod=_admin
2024-03-06 06:57:42 | init: TAmandahotikController.create()
2024-03-06 06:57:42 | init: handle request: mod=_
2024-03-06 06:58:20 | init: TAdminController.create()
2024-03-06 06:58:20 | init: handle request: mod=_admin
2024-03-06 06:58:20 | init: TAmandahotikController.create()
2024-03-06 06:58:20 | init: handle request: mod=_
2024-03-06 06:59:20 | init: TAdminController.create()
2024-03-06 06:59:20 | init: handle request: mod=_admin
2024-03-06 06:59:20 | init: TAmandahotikController.create()
2024-03-06 06:59:20 | init: handle request: mod=_
2024-03-06 06:59:20 | init: TAdminController.create()
2024-03-06 06:59:20 | init: handle request: mod=_admin
2024-03-06 06:59:20 | init: TAmandahotikController.create()
2024-03-06 06:59:20 | init: handle request: mod=_
2024-03-06 06:59:21 | init: TAdminController.create()
2024-03-06 06:59:21 | init: handle request: mod=_admin
2024-03-06 06:59:21 | init: TAmandahotikController.create()
2024-03-06 06:59:21 | init: handle request: mod=_
2024-03-06 06:59:21 | init: TAdminController.create()
2024-03-06 06:59:21 | init: handle request: mod=_admin
2024-03-06 06:59:21 | init: TAmandahotikController.create()
2024-03-06 06:59:21 | init: handle request: mod=_
2024-03-06 06:59:35 | init: TAdminController.create()
2024-03-06 06:59:35 | init: handle request: mod=_admin
2024-03-06 06:59:35 | init: TAmandahotikController.create()
2024-03-06 06:59:35 | init: handle request: mod=_
2024-03-06 06:59:36 | init: TAdminController.create()
2024-03-06 06:59:36 | init: handle request: mod=_admin
2024-03-06 06:59:36 | init: TAmandahotikController.create()
2024-03-06 06:59:36 | init: handle request: mod=_
2024-03-06 06:59:58 | init: TAdminController.create()
2024-03-06 06:59:58 | init: handle request: mod=_admin
2024-03-06 06:59:58 | init: TAmandahotikController.create()
2024-03-06 06:59:58 | init: handle request: mod=_
2024-03-06 06:59:58 | init: TAdminController.create()
2024-03-06 06:59:58 | init: handle request: mod=_admin
2024-03-06 06:59:58 | init: TAmandahotikController.create()
2024-03-06 06:59:58 | init: handle request: mod=_
2024-03-06 07:00:10 | init: TAdminController.create()
2024-03-06 07:00:10 | init: handle request: mod=_admin
2024-03-06 07:00:10 | init: TAmandahotikController.create()
2024-03-06 07:00:10 | init: handle request: mod=_
2024-03-06 07:00:11 | init: TAdminController.create()
2024-03-06 07:00:11 | init: handle request: mod=_admin
2024-03-06 07:00:11 | init: TAmandahotikController.create()
2024-03-06 07:00:11 | init: handle request: mod=_
2024-03-06 07:00:11 | init: TAdminController.create()
2024-03-06 07:00:11 | init: handle request: mod=_admin
2024-03-06 07:00:11 | init: TAmandahotikController.create()
2024-03-06 07:00:11 | init: handle request: mod=_
2024-03-06 07:01:06 | init: TAdminController.create()
2024-03-06 07:01:06 | init: handle request: mod=_admin
2024-03-06 07:01:26 | init: TAdminController.create()
2024-03-06 07:01:26 | init: handle request: mod=_admin
2024-03-06 07:02:36 | init: TAdminController.create()
2024-03-06 07:02:36 | init: handle request: mod=_admin
2024-03-06 07:02:53 | init: TAdminController.create()
2024-03-06 07:02:53 | init: handle request: mod=_admin
2024-03-06 07:02:54 | init: TAdminController.create()
2024-03-06 07:02:54 | init: handle request: mod=_admin
2024-03-06 07:02:54 | init: TAdminController.create()
2024-03-06 07:02:54 | init: handle request: mod=_admin
2024-03-06 07:03:23 | init: TAdminController.create()
2024-03-06 07:03:23 | init: handle request: mod=_admin
2024-03-06 07:03:24 | init: TAdminController.create()
2024-03-06 07:03:24 | init: handle request: mod=_admin
2024-03-06 07:03:24 | init: TAdminController.create()
2024-03-06 07:03:24 | init: handle request: mod=_admin
2024-03-06 07:08:04 | init: TAdminController.create()
2024-03-06 07:08:04 | init: handle request: mod=_admin
2024-03-06 07:08:04 | init: TAdminController.create()
2024-03-06 07:08:04 | init: handle request: mod=_admin
2024-03-06 07:08:05 | init: TAdminController.create()
2024-03-06 07:08:05 | init: handle request: mod=_admin
2024-03-06 07:10:28 | init: TAdminController.create()
2024-03-06 07:10:28 | init: handle request: mod=_admin
2024-03-06 07:10:29 | init: TAdminController.create()
2024-03-06 07:10:29 | init: handle request: mod=_admin
2024-03-06 07:10:30 | init: TAdminController.create()
2024-03-06 07:10:30 | init: handle request: mod=_admin
2024-03-06 07:10:34 | init: TIfaceController.create()
2024-03-06 07:10:34 | init: handle request: mod=_admin_iface
2024-03-06 07:10:34 | init: TAdminController.create()
2024-03-06 07:10:34 | init: handle request: mod=_admin
2024-03-06 07:10:34 | init: TAdminController.create()
2024-03-06 07:10:34 | init: handle request: mod=_admin
2024-03-06 07:10:34 | init: TAdminController.create()
2024-03-06 07:10:34 | init: handle request: mod=_admin
2024-03-06 07:10:34 | init: TAdminController.create()
2024-03-06 07:10:34 | init: handle request: mod=_admin
2024-03-06 07:10:36 | init: TIfaceController.create()
2024-03-06 07:10:36 | init: handle request: mod=_admin_iface
2024-03-06 07:10:36 | init: TAdminController.create()
2024-03-06 07:10:36 | init: handle request: mod=_admin
2024-03-06 07:10:36 | init: TAdminController.create()
2024-03-06 07:10:36 | init: handle request: mod=_admin
2024-03-06 07:10:36 | init: TAdminController.create()
2024-03-06 07:10:36 | init: handle request: mod=_admin
2024-03-06 07:10:36 | init: TAdminController.create()
2024-03-06 07:10:36 | init: handle request: mod=_admin
2024-03-06 07:10:40 | init: TAdminController.create()
2024-03-06 07:10:40 | init: handle request: mod=_admin
2024-03-06 07:13:34 | init: TAdminController.create()
2024-03-06 07:13:34 | init: handle request: mod=_admin
2024-03-06 07:13:50 | init: TAdminController.create()
2024-03-06 07:13:50 | init: handle request: mod=_admin
2024-03-06 07:14:10 | init: TAdminController.create()
2024-03-06 07:14:10 | init: handle request: mod=_admin
2024-03-06 07:14:11 | init: TAdminController.create()
2024-03-06 07:14:11 | init: handle request: mod=_admin
2024-03-06 07:14:26 | init: TAdminController.create()
2024-03-06 07:14:26 | init: handle request: mod=_admin
2024-03-06 07:14:36 | init: TIfaceController.create()
2024-03-06 07:14:36 | init: handle request: mod=_admin_iface
2024-03-06 07:14:36 | init: TAdminController.create()
2024-03-06 07:14:36 | init: handle request: mod=_admin
2024-03-06 07:14:36 | init: TAdminController.create()
2024-03-06 07:14:36 | init: handle request: mod=_admin
2024-03-06 07:14:36 | init: TAdminController.create()
2024-03-06 07:14:36 | init: handle request: mod=_admin
2024-03-06 07:14:36 | init: TAdminController.create()
2024-03-06 07:14:36 | init: handle request: mod=_admin
2024-03-06 07:14:37 | init: TIfaceController.create()
2024-03-06 07:14:37 | init: handle request: mod=_admin_iface
2024-03-06 07:14:37 | init: TAdminController.create()
2024-03-06 07:14:37 | init: handle request: mod=_admin
2024-03-06 07:14:37 | init: TAdminController.create()
2024-03-06 07:14:37 | init: handle request: mod=_admin
2024-03-06 07:14:37 | init: TAdminController.create()
2024-03-06 07:14:37 | init: handle request: mod=_admin
2024-03-06 07:14:37 | init: TAdminController.create()
2024-03-06 07:14:37 | init: handle request: mod=_admin
2024-03-06 07:15:02 | init: TAdminController.create()
2024-03-06 07:15:02 | init: handle request: mod=_admin
2024-03-06 07:15:03 | init: TAdminController.create()
2024-03-06 07:15:03 | init: handle request: mod=_admin
2024-03-06 07:15:31 | init: TIfaceController.create()
2024-03-06 07:15:31 | init: handle request: mod=_admin_iface
2024-03-06 07:15:32 | init: TIfaceController.create()
2024-03-06 07:15:32 | init: handle request: mod=_admin_iface
2024-03-06 07:15:40 | init: TAdminController.create()
2024-03-06 07:15:40 | init: handle request: mod=_admin
2024-03-06 07:15:54 | init: TIfaceController.create()
2024-03-06 07:15:54 | init: handle request: mod=_admin_iface
2024-03-06 07:16:17 | init: TIfaceController.create()
2024-03-06 07:16:17 | init: handle request: mod=_admin_iface
2024-03-06 07:16:18 | init: TIfaceController.create()
2024-03-06 07:16:18 | init: handle request: mod=_admin_iface
2024-03-06 07:16:52 | init: TIfaceController.create()
2024-03-06 07:16:52 | init: handle request: mod=_admin_iface
2024-03-06 07:16:53 | init: TIfaceController.create()
2024-03-06 07:16:53 | init: handle request: mod=_admin_iface
2024-03-06 07:16:59 | init: TAdminController.create()
2024-03-06 07:16:59 | init: handle request: mod=_admin
2024-03-06 07:18:07 | init: TAdminController.create()
2024-03-06 07:18:07 | init: handle request: mod=_admin
2024-03-06 07:18:08 | init: TAdminController.create()
2024-03-06 07:18:08 | init: handle request: mod=_admin
2024-03-06 07:18:13 | init: TIfaceController.create()
2024-03-06 07:18:13 | init: handle request: mod=_admin_iface
2024-03-06 07:18:14 | init: TIfaceController.create()
2024-03-06 07:18:14 | init: handle request: mod=_admin_iface
2024-03-06 07:18:23 | init: TIfaceController.create()
2024-03-06 07:18:23 | init: handle request: mod=_admin_iface
2024-03-06 07:18:28 | init: TIfaceController.create()
2024-03-06 07:18:28 | init: handle request: mod=_admin_iface
2024-03-06 07:19:18 | init: TIfaceController.create()
2024-03-06 07:19:18 | init: handle request: mod=_admin_iface
2024-03-06 07:20:03 | init: TIfaceController.create()
2024-03-06 07:20:03 | init: handle request: mod=_admin_iface
2024-03-06 07:20:36 | init: TIfaceController.create()
2024-03-06 07:20:36 | init: handle request: mod=_admin_iface
2024-03-06 07:26:01 | init: TIfaceController.create()
2024-03-06 07:26:01 | init: handle request: mod=_admin_iface
2024-03-06 07:26:26 | init: TIfaceController.create()
2024-03-06 07:26:26 | init: handle request: mod=_admin_iface
2024-03-06 07:26:26 | init: TIfaceController.create()
2024-03-06 07:26:26 | init: handle request: mod=_admin_iface
2024-03-06 07:26:30 | init: TAdminController.create()
2024-03-06 07:26:30 | init: handle request: mod=_admin
2024-03-06 07:26:34 | init: TIfaceController.create()
2024-03-06 07:26:34 | init: handle request: mod=_admin_iface
2024-03-06 07:26:37 | init: TAdminController.create()
2024-03-06 07:26:37 | init: handle request: mod=_admin
2024-03-06 07:27:05 | init: TAdminController.create()
2024-03-06 07:27:05 | init: handle request: mod=_admin
2024-03-06 07:27:05 | init: TAmandahotikController.create()
2024-03-06 07:27:05 | init: handle request: mod=_
2024-03-06 07:27:32 | init: TAmandahotikController.create()
2024-03-06 07:27:32 | init: handle request: mod=_
2024-03-06 07:27:33 | init: TAmandahotikController.create()
2024-03-06 07:27:33 | init: handle request: mod=_
2024-03-06 07:27:52 | init: TAmandahotikController.create()
2024-03-06 07:27:52 | init: handle request: mod=_
2024-03-06 07:27:53 | init: TAmandahotikController.create()
2024-03-06 07:27:53 | init: handle request: mod=_
2024-03-06 07:27:54 | init: TAmandahotikController.create()
2024-03-06 07:27:54 | init: handle request: mod=_
2024-03-06 07:27:54 | init: TAmandahotikController.create()
2024-03-06 07:27:54 | init: handle request: mod=_
2024-03-06 07:29:11 | init: TIfaceController.create()
2024-03-06 07:29:11 | init: handle request: mod=_admin_iface
2024-03-06 07:29:11 | init: TAmandahotikController.create()
2024-03-06 07:29:11 | init: handle request: mod=_
2024-03-06 07:29:15 | init: TAdminController.create()
2024-03-06 07:29:15 | init: handle request: mod=_admin
2024-03-06 07:29:15 | init: TAmandahotikController.create()
2024-03-06 07:29:15 | init: handle request: mod=_
2024-03-06 07:29:19 | init: TIfaceController.create()
2024-03-06 07:29:19 | init: handle request: mod=_admin_iface
2024-03-06 07:29:19 | init: TAmandahotikController.create()
2024-03-06 07:29:19 | init: handle request: mod=_
2024-03-06 07:29:30 | init: TIfaceController.create()
2024-03-06 07:29:30 | init: handle request: mod=_admin_iface
2024-03-06 07:29:30 | init: TAmandahotikController.create()
2024-03-06 07:29:30 | init: handle request: mod=_
2024-03-06 07:29:36 | init: TAdminController.create()
2024-03-06 07:29:36 | init: handle request: mod=_admin
2024-03-06 07:29:36 | init: TAmandahotikController.create()
2024-03-06 07:29:36 | init: handle request: mod=_
2024-03-06 07:29:43 | init: TIfaceController.create()
2024-03-06 07:29:43 | init: handle request: mod=_admin_iface
2024-03-06 07:29:43 | init: TAmandahotikController.create()
2024-03-06 07:29:43 | init: handle request: mod=_
2024-03-06 07:35:03 | init: TAmandahotikController.create()
2024-03-06 07:35:03 | init: handle request: mod=_
2024-03-06 07:35:03 | init: TAdminController.create()
2024-03-06 07:35:03 | init: handle request: mod=_admin
2024-03-06 07:39:38 | init: TAdminController.create()
2024-03-06 07:39:38 | init: handle request: mod=_admin
2024-03-06 07:39:39 | init: TAdminController.create()
2024-03-06 07:39:39 | init: handle request: mod=_admin
2024-03-06 07:39:39 | init: TAdminController.create()
2024-03-06 07:39:39 | init: handle request: mod=_admin
2024-03-06 07:41:35 | init: TAdminController.create()
2024-03-06 07:41:35 | init: handle request: mod=_admin
2024-03-06 07:41:36 | init: TAdminController.create()
2024-03-06 07:41:36 | init: handle request: mod=_admin
2024-03-06 07:42:25 | init: TAdminController.create()
2024-03-06 07:42:25 | init: handle request: mod=_admin
2024-03-06 07:42:25 | init: TAmandahotikController.create()
2024-03-06 07:42:25 | init: handle request: mod=_
2024-03-06 07:42:28 | init: TAmandahotikController.create()
2024-03-06 07:42:28 | init: handle request: mod=_
2024-03-06 07:42:40 | init: TAmandahotikController.create()
2024-03-06 07:42:40 | init: handle request: mod=_
2024-03-06 07:42:40 | init: TAdminController.create()
2024-03-06 07:42:40 | init: handle request: mod=_admin
2024-03-06 07:44:09 | init: TAdminController.create()
2024-03-06 07:44:09 | init: handle request: mod=_admin
2024-03-06 07:44:10 | init: TAdminController.create()
2024-03-06 07:44:10 | init: handle request: mod=_admin
2024-03-06 07:44:26 | init: TAdminController.create()
2024-03-06 07:44:26 | init: handle request: mod=_admin
2024-03-06 07:48:50 | init: TAdminController.create()
2024-03-06 07:48:50 | init: handle request: mod=_admin
2024-03-06 07:48:55 | init: THotspotuserController.create()
2024-03-06 07:48:55 | init: handle request: mod=_admin_hotspotuser
2024-03-06 07:50:35 | init: TAdminController.create()
2024-03-06 07:50:35 | init: handle request: mod=_admin
2024-03-06 07:50:39 | init: TAdminController.create()
2024-03-06 07:50:39 | init: handle request: mod=_admin
2024-03-06 07:50:39 | init: TAmandahotikController.create()
2024-03-06 07:50:39 | init: handle request: mod=_
2024-03-06 07:53:44 | init: TAmandahotikController.create()
2024-03-06 07:53:44 | init: handle request: mod=_
