2024-03-13 06:12:04 | init: TAmandahotikController.create()
2024-03-13 06:12:04 | init: handle request: mod=_
2024-03-13 06:13:27 | init: TAmandahotikController.create()
2024-03-13 06:13:27 | init: handle request: mod=_
2024-03-13 06:14:01 | init: TAmandahotikController.create()
2024-03-13 06:14:01 | init: handle request: mod=_
2024-03-13 06:14:01 | init: TAdminController.create()
2024-03-13 06:14:01 | init: handle request: mod=_admin
2024-03-13 06:14:03 | init: THotspotuserController.create()
2024-03-13 06:14:03 | init: handle request: mod=_admin_hotspotuser
2024-03-13 06:14:34 | init: THotspotuserController.create()
2024-03-13 06:14:34 | init: handle request: mod=_admin_hotspotuser
2024-03-13 06:14:35 | init: THotspotuserController.create()
2024-03-13 06:14:35 | init: handle request: mod=_admin_hotspotuser
2024-03-13 06:14:35 | init: THotspotuserController.create()
2024-03-13 06:14:35 | init: handle request: mod=_admin_hotspotuser
2024-03-13 06:14:35 | init: THotspotuserController.create()
2024-03-13 06:14:35 | init: handle request: mod=_admin_hotspotuser
2024-03-13 06:14:36 | init: THotspotuserController.create()
2024-03-13 06:14:36 | init: handle request: mod=_admin_hotspotuser
2024-03-13 06:14:36 | init: THotspotuserController.create()
2024-03-13 06:14:36 | init: handle request: mod=_admin_hotspotuser
2024-03-13 06:28:00 | init: THotspotuserController.create()
2024-03-13 06:28:00 | init: handle request: mod=_admin_hotspotuser
2024-03-13 06:31:10 | init: THotspotuserController.create()
2024-03-13 06:31:10 | init: handle request: mod=_admin_hotspotuser
2024-03-13 06:31:11 | init: THotspotuserController.create()
2024-03-13 06:31:11 | init: handle request: mod=_admin_hotspotuser
2024-03-13 06:31:11 | init: THotspotuserController.create()
2024-03-13 06:31:11 | init: handle request: mod=_admin_hotspotuser
2024-03-13 06:31:11 | init: THotspotuserController.create()
2024-03-13 06:31:11 | init: handle request: mod=_admin_hotspotuser
2024-03-13 06:31:12 | init: THotspotuserController.create()
2024-03-13 06:31:12 | init: handle request: mod=_admin_hotspotuser
2024-03-13 06:31:23 | init: TAdminController.create()
2024-03-13 06:31:23 | init: handle request: mod=_admin
2024-03-13 06:31:23 | init: TAmandahotikController.create()
2024-03-13 06:31:23 | init: handle request: mod=_
2024-03-13 06:31:35 | init: TAmandahotikController.create()
2024-03-13 06:31:35 | init: handle request: mod=_
2024-03-13 06:31:35 | init: TAdminController.create()
2024-03-13 06:31:35 | init: handle request: mod=_admin
2024-03-13 06:31:37 | init: THotspotuserController.create()
2024-03-13 06:31:37 | init: handle request: mod=_admin_hotspotuser
2024-03-13 06:32:15 | init: THotspotuserController.create()
2024-03-13 06:32:15 | init: handle request: mod=_admin_hotspotuser
2024-03-13 06:37:53 | init: THotspotuserController.create()
2024-03-13 06:37:53 | init: handle request: mod=_admin_hotspotuser
2024-03-13 06:37:54 | init: THotspotuserController.create()
2024-03-13 06:37:54 | init: handle request: mod=_admin_hotspotuser
2024-03-13 06:38:42 | init: THotspotuserController.create()
2024-03-13 06:38:42 | init: handle request: mod=_admin_hotspotuser
2024-03-13 06:38:43 | init: THotspotuserController.create()
2024-03-13 06:38:43 | init: handle request: mod=_admin_hotspotuser
2024-03-13 06:38:43 | init: THotspotuserController.create()
2024-03-13 06:38:43 | init: handle request: mod=_admin_hotspotuser
2024-03-13 06:38:58 | init: THotspotuserController.create()
2024-03-13 06:38:58 | init: handle request: mod=_admin_hotspotuser
2024-03-13 06:38:59 | init: THotspotuserController.create()
2024-03-13 06:38:59 | init: handle request: mod=_admin_hotspotuser
2024-03-13 06:39:00 | init: THotspotuserController.create()
2024-03-13 06:39:00 | init: handle request: mod=_admin_hotspotuser
2024-03-13 06:39:00 | init: THotspotuserController.create()
2024-03-13 06:39:00 | init: handle request: mod=_admin_hotspotuser
2024-03-13 06:39:52 | init: THotspotuserController.create()
2024-03-13 06:39:52 | init: handle request: mod=_admin_hotspotuser
2024-03-13 06:39:53 | init: THotspotuserController.create()
2024-03-13 06:39:53 | init: handle request: mod=_admin_hotspotuser
2024-03-13 06:39:54 | init: THotspotuserController.create()
2024-03-13 06:39:54 | init: handle request: mod=_admin_hotspotuser
2024-03-13 06:39:54 | init: THotspotuserController.create()
2024-03-13 06:39:54 | init: handle request: mod=_admin_hotspotuser
2024-03-13 06:40:23 | init: TAdminController.create()
2024-03-13 06:40:23 | init: handle request: mod=_admin
2024-03-13 06:40:26 | init: TAdminController.create()
2024-03-13 06:40:26 | init: handle request: mod=_admin
2024-03-13 06:40:26 | init: TAmandahotikController.create()
2024-03-13 06:40:26 | init: handle request: mod=_
2024-03-13 06:40:34 | init: TAmandahotikController.create()
2024-03-13 06:40:34 | init: handle request: mod=_
2024-03-13 06:41:50 | init: TAmandahotikController.create()
2024-03-13 06:41:50 | init: handle request: mod=_
2024-03-13 06:41:51 | init: TAdminController.create()
2024-03-13 06:41:51 | init: handle request: mod=_admin
2024-03-13 06:42:36 | init: THotspotuserController.create()
2024-03-13 06:42:36 | init: handle request: mod=_admin_hotspotuser
2024-03-13 07:44:52 | init: THotspotuserController.create()
2024-03-13 07:44:52 | init: handle request: mod=_admin_hotspotuser
2024-03-13 07:44:53 | init: THotspotuserController.create()
2024-03-13 07:44:53 | init: handle request: mod=_admin_hotspotuser
2024-03-13 07:45:36 | init: TAdminController.create()
2024-03-13 07:45:36 | init: handle request: mod=_admin
2024-03-13 07:45:39 | init: TAdminController.create()
2024-03-13 07:45:39 | init: handle request: mod=_admin
2024-03-13 07:45:39 | init: TAmandahotikController.create()
2024-03-13 07:45:39 | init: handle request: mod=_
2024-03-13 07:45:45 | init: TAmandahotikController.create()
2024-03-13 07:45:45 | init: handle request: mod=_
2024-03-13 07:45:45 | init: TAdminController.create()
2024-03-13 07:45:45 | init: handle request: mod=_admin
2024-03-13 07:45:48 | init: THotspotuserController.create()
2024-03-13 07:45:48 | init: handle request: mod=_admin_hotspotuser
2024-03-13 07:46:41 | init: THotspotuserController.create()
2024-03-13 07:46:41 | init: handle request: mod=_admin_hotspotuser
2024-03-13 07:46:42 | init: THotspotuserController.create()
2024-03-13 07:46:42 | init: handle request: mod=_admin_hotspotuser
2024-03-13 07:46:46 | init: TAdminController.create()
2024-03-13 07:46:46 | init: handle request: mod=_admin
2024-03-13 07:46:46 | init: TAmandahotikController.create()
2024-03-13 07:46:46 | init: handle request: mod=_
2024-03-13 07:46:53 | init: TAmandahotikController.create()
2024-03-13 07:46:53 | init: handle request: mod=_
2024-03-13 07:46:54 | init: TAdminController.create()
2024-03-13 07:46:54 | init: handle request: mod=_admin
2024-03-13 07:46:56 | init: THotspotuserController.create()
2024-03-13 07:46:56 | init: handle request: mod=_admin_hotspotuser
2024-03-13 07:56:57 | init: THotspotuserController.create()
2024-03-13 07:56:57 | init: handle request: mod=_admin_hotspotuser
2024-03-13 07:56:58 | init: THotspotuserController.create()
2024-03-13 07:56:58 | init: handle request: mod=_admin_hotspotuser
2024-03-13 07:57:56 | init: TAdminController.create()
2024-03-13 07:57:56 | init: handle request: mod=_admin
2024-03-13 07:57:56 | init: TAmandahotikController.create()
2024-03-13 07:57:56 | init: handle request: mod=_
2024-03-13 07:58:02 | init: TAmandahotikController.create()
2024-03-13 07:58:02 | init: handle request: mod=_
2024-03-13 07:58:03 | init: TAdminController.create()
2024-03-13 07:58:03 | init: handle request: mod=_admin
2024-03-13 07:58:05 | init: THotspotuserController.create()
2024-03-13 07:58:05 | init: handle request: mod=_admin_hotspotuser
2024-03-13 07:59:49 | init: THotspotuserController.create()
2024-03-13 07:59:49 | init: handle request: mod=_admin_hotspotuser
2024-03-13 07:59:50 | init: THotspotuserController.create()
2024-03-13 07:59:50 | init: handle request: mod=_admin_hotspotuser
2024-03-13 08:00:07 | init: THotspotuserController.create()
2024-03-13 08:00:07 | init: handle request: mod=_admin_hotspotuser
2024-03-13 08:00:08 | init: THotspotuserController.create()
2024-03-13 08:00:08 | init: handle request: mod=_admin_hotspotuser
2024-03-13 08:00:08 | init: THotspotuserController.create()
2024-03-13 08:00:08 | init: handle request: mod=_admin_hotspotuser
2024-03-13 08:00:08 | init: THotspotuserController.create()
2024-03-13 08:00:08 | init: handle request: mod=_admin_hotspotuser
2024-03-13 08:00:09 | init: THotspotuserController.create()
2024-03-13 08:00:09 | init: handle request: mod=_admin_hotspotuser
2024-03-13 08:00:09 | init: THotspotuserController.create()
2024-03-13 08:00:09 | init: handle request: mod=_admin_hotspotuser
2024-03-13 08:00:10 | init: THotspotuserController.create()
2024-03-13 08:00:10 | init: handle request: mod=_admin_hotspotuser
2024-03-13 08:00:12 | init: THotspotuserController.create()
2024-03-13 08:00:12 | init: handle request: mod=_admin_hotspotuser
2024-03-13 08:00:12 | init: THotspotuserController.create()
2024-03-13 08:00:12 | init: handle request: mod=_admin_hotspotuser
2024-03-13 08:00:13 | init: THotspotuserController.create()
2024-03-13 08:00:13 | init: handle request: mod=_admin_hotspotuser
2024-03-13 08:00:34 | init: TAdminController.create()
2024-03-13 08:00:34 | init: handle request: mod=_admin
2024-03-13 08:00:36 | init: TAdminController.create()
2024-03-13 08:00:36 | init: handle request: mod=_admin
2024-03-13 08:00:36 | init: TAmandahotikController.create()
2024-03-13 08:00:36 | init: handle request: mod=_
2024-03-13 08:00:43 | init: TAmandahotikController.create()
2024-03-13 08:00:43 | init: handle request: mod=_
2024-03-13 08:00:43 | init: TAdminController.create()
2024-03-13 08:00:43 | init: handle request: mod=_admin
2024-03-13 08:00:45 | init: THotspotuserController.create()
2024-03-13 08:00:45 | init: handle request: mod=_admin_hotspotuser
2024-03-13 08:00:48 | init: THotspotuserController.create()
2024-03-13 08:00:48 | init: handle request: mod=_admin_hotspotuser
2024-03-13 08:04:15 | init: THotspotuserController.create()
2024-03-13 08:04:15 | init: handle request: mod=_admin_hotspotuser
2024-03-13 08:04:16 | init: THotspotuserController.create()
2024-03-13 08:04:16 | init: handle request: mod=_admin_hotspotuser
2024-03-13 08:05:01 | init: THotspotuserController.create()
2024-03-13 08:05:01 | init: handle request: mod=_admin_hotspotuser
2024-03-13 08:05:07 | init: THotspotuserController.create()
2024-03-13 08:05:07 | init: handle request: mod=_admin_hotspotuser
2024-03-13 08:07:28 | init: THotspotuserController.create()
2024-03-13 08:07:28 | init: handle request: mod=_admin_hotspotuser
2024-03-13 08:07:28 | init: THotspotuserController.create()
2024-03-13 08:07:28 | init: handle request: mod=_admin_hotspotuser
2024-03-13 08:07:47 | init: THotspotuserController.create()
2024-03-13 08:07:47 | init: handle request: mod=_admin_hotspotuser
2024-03-13 08:08:22 | init: THotspotuserController.create()
2024-03-13 08:08:22 | init: handle request: mod=_admin_hotspotuser
2024-03-13 08:08:35 | init: THotspotuserController.create()
2024-03-13 08:08:35 | init: handle request: mod=_admin_hotspotuser
2024-03-13 08:08:50 | init: THotspotuserController.create()
2024-03-13 08:08:50 | init: handle request: mod=_admin_hotspotuser
2024-03-13 08:08:51 | init: THotspotuserController.create()
2024-03-13 08:08:51 | init: handle request: mod=_admin_hotspotuser
2024-03-13 08:10:13 | init: THotspotuserController.create()
2024-03-13 08:10:13 | init: handle request: mod=_admin_hotspotuser
2024-03-13 08:10:14 | init: THotspotuserController.create()
2024-03-13 08:10:14 | init: handle request: mod=_admin_hotspotuser
2024-03-13 08:10:14 | init: THotspotuserController.create()
2024-03-13 08:10:14 | init: handle request: mod=_admin_hotspotuser
2024-03-13 08:11:00 | init: TAdminController.create()
2024-03-13 08:11:00 | init: handle request: mod=_admin
2024-03-13 08:11:00 | init: TAmandahotikController.create()
2024-03-13 08:11:00 | init: handle request: mod=_
2024-03-13 08:11:05 | init: TAmandahotikController.create()
2024-03-13 08:11:05 | init: handle request: mod=_
2024-03-13 08:11:05 | init: TAdminController.create()
2024-03-13 08:11:05 | init: handle request: mod=_admin
2024-03-13 08:11:08 | init: THotspotuserController.create()
2024-03-13 08:11:08 | init: handle request: mod=_admin_hotspotuser
2024-03-13 08:11:51 | init: THotspotuserController.create()
2024-03-13 08:11:51 | init: handle request: mod=_admin_hotspotuser
2024-03-13 08:11:52 | init: THotspotuserController.create()
2024-03-13 08:11:52 | init: handle request: mod=_admin_hotspotuser
2024-03-13 08:12:51 | init: THotspotuserController.create()
2024-03-13 08:12:51 | init: handle request: mod=_admin_hotspotuser
2024-03-13 08:12:52 | init: THotspotuserController.create()
2024-03-13 08:12:52 | init: handle request: mod=_admin_hotspotuser
2024-03-13 08:14:55 | init: THotspotuserController.create()
2024-03-13 08:14:55 | init: handle request: mod=_admin_hotspotuser
2024-03-13 08:14:55 | init: THotspotuserController.create()
2024-03-13 08:14:55 | init: handle request: mod=_admin_hotspotuser
2024-03-13 08:15:43 | init: THotspotuserController.create()
2024-03-13 08:15:43 | init: handle request: mod=_admin_hotspotuser
2024-03-13 08:15:44 | init: THotspotuserController.create()
2024-03-13 08:15:44 | init: handle request: mod=_admin_hotspotuser
2024-03-13 08:19:32 | init: THotspotuserController.create()
2024-03-13 08:19:32 | init: handle request: mod=_admin_hotspotuser
2024-03-13 08:19:33 | init: THotspotuserController.create()
2024-03-13 08:19:33 | init: handle request: mod=_admin_hotspotuser
2024-03-13 08:19:34 | init: THotspotuserController.create()
2024-03-13 08:19:34 | init: handle request: mod=_admin_hotspotuser
2024-03-13 08:20:16 | init: THotspotuserController.create()
2024-03-13 08:20:16 | init: handle request: mod=_admin_hotspotuser
2024-03-13 08:20:17 | init: THotspotuserController.create()
2024-03-13 08:20:17 | init: handle request: mod=_admin_hotspotuser
2024-03-13 08:20:39 | init: THotspotuserController.create()
2024-03-13 08:20:39 | init: handle request: mod=_admin_hotspotuser
2024-03-13 08:20:40 | init: THotspotuserController.create()
2024-03-13 08:20:40 | init: handle request: mod=_admin_hotspotuser
2024-03-13 08:21:15 | init: THotspotuserController.create()
2024-03-13 08:21:15 | init: handle request: mod=_admin_hotspotuser
2024-03-13 08:21:16 | init: THotspotuserController.create()
2024-03-13 08:21:16 | init: handle request: mod=_admin_hotspotuser
2024-03-13 08:22:18 | init: THotspotuserController.create()
2024-03-13 08:22:18 | init: handle request: mod=_admin_hotspotuser
2024-03-13 08:22:19 | init: THotspotuserController.create()
2024-03-13 08:22:19 | init: handle request: mod=_admin_hotspotuser
2024-03-13 08:24:33 | init: THotspotuserController.create()
2024-03-13 08:24:33 | init: handle request: mod=_admin_hotspotuser
2024-03-13 08:25:15 | init: THotspotuserController.create()
2024-03-13 08:25:15 | init: handle request: mod=_admin_hotspotuser
2024-03-13 08:28:54 | init: THotspotuserController.create()
2024-03-13 08:28:54 | init: handle request: mod=_admin_hotspotuser
2024-03-13 08:28:55 | init: THotspotuserController.create()
2024-03-13 08:28:55 | init: handle request: mod=_admin_hotspotuser
2024-03-13 08:28:56 | init: THotspotuserController.create()
2024-03-13 08:28:56 | init: handle request: mod=_admin_hotspotuser
2024-03-13 08:30:19 | init: THotspotuserController.create()
2024-03-13 08:30:19 | init: handle request: mod=_admin_hotspotuser
2024-03-13 08:30:21 | init: THotspotuserController.create()
2024-03-13 08:30:21 | init: handle request: mod=_admin_hotspotuser
2024-03-13 08:31:17 | init: THotspotuserController.create()
2024-03-13 08:31:17 | init: handle request: mod=_admin_hotspotuser
2024-03-13 08:31:18 | init: THotspotuserController.create()
2024-03-13 08:31:18 | init: handle request: mod=_admin_hotspotuser
2024-03-13 08:31:18 | init: THotspotuserController.create()
2024-03-13 08:31:18 | init: handle request: mod=_admin_hotspotuser
2024-03-13 08:31:53 | init: THotspotuserController.create()
2024-03-13 08:31:53 | init: handle request: mod=_admin_hotspotuser
2024-03-13 08:31:53 | init: THotspotuserController.create()
2024-03-13 08:31:53 | init: handle request: mod=_admin_hotspotuser
2024-03-13 08:34:07 | init: THotspotuserController.create()
2024-03-13 08:34:07 | init: handle request: mod=_admin_hotspotuser
2024-03-13 08:34:08 | init: THotspotuserController.create()
2024-03-13 08:34:08 | init: handle request: mod=_admin_hotspotuser
2024-03-13 08:34:30 | init: THotspotuserController.create()
2024-03-13 08:34:30 | init: handle request: mod=_admin_hotspotuser
2024-03-13 08:35:10 | init: TAdminController.create()
2024-03-13 08:35:10 | init: handle request: mod=_admin
2024-03-13 08:35:13 | init: THotspotuserController.create()
2024-03-13 08:35:13 | init: handle request: mod=_admin_hotspotuser
2024-03-13 08:36:07 | init: TAmandahotikController.create()
2024-03-13 08:36:07 | init: handle request: mod=_
2024-03-13 08:36:14 | init: TAmandahotikController.create()
2024-03-13 08:36:14 | init: handle request: mod=_
2024-03-13 08:36:14 | init: TAdminController.create()
2024-03-13 08:36:14 | init: handle request: mod=_admin
2024-03-13 08:36:16 | init: THotspotuserController.create()
2024-03-13 08:36:16 | init: handle request: mod=_admin_hotspotuser
2024-03-13 08:37:45 | init: TAmandahotikController.create()
2024-03-13 08:37:45 | init: handle request: mod=_
2024-03-13 08:37:51 | init: TAmandahotikController.create()
2024-03-13 08:37:51 | init: handle request: mod=_
2024-03-13 08:37:51 | init: TAdminController.create()
2024-03-13 08:37:51 | init: handle request: mod=_admin
2024-03-13 08:37:53 | init: THotspotuserController.create()
2024-03-13 08:37:53 | init: handle request: mod=_admin_hotspotuser
2024-03-13 08:39:03 | init: THotspotuserController.create()
2024-03-13 08:39:03 | init: handle request: mod=_admin_hotspotuser
2024-03-13 08:39:04 | init: THotspotuserController.create()
2024-03-13 08:39:04 | init: handle request: mod=_admin_hotspotuser
2024-03-13 08:39:46 | init: THotspotuserController.create()
2024-03-13 08:39:46 | init: handle request: mod=_admin_hotspotuser
2024-03-13 08:40:51 | init: THotspotuserController.create()
2024-03-13 08:40:51 | init: handle request: mod=_admin_hotspotuser
2024-03-13 08:42:02 | init: THotspotuserController.create()
2024-03-13 08:42:02 | init: handle request: mod=_admin_hotspotuser
2024-03-13 08:42:47 | init: THotspotuserController.create()
2024-03-13 08:42:47 | init: handle request: mod=_admin_hotspotuser
2024-03-13 08:43:16 | init: THotspotuserController.create()
2024-03-13 08:43:16 | init: handle request: mod=_admin_hotspotuser
2024-03-13 08:44:44 | init: THotspotuserController.create()
2024-03-13 08:44:44 | init: handle request: mod=_admin_hotspotuser
2024-03-13 08:46:08 | init: THotspotuserController.create()
2024-03-13 08:46:08 | init: handle request: mod=_admin_hotspotuser
2024-03-13 08:47:05 | init: THotspotuserController.create()
2024-03-13 08:47:05 | init: handle request: mod=_admin_hotspotuser
2024-03-13 08:48:14 | init: THotspotuserController.create()
2024-03-13 08:48:14 | init: handle request: mod=_admin_hotspotuser
2024-03-13 08:49:55 | init: THotspotuserController.create()
2024-03-13 08:49:55 | init: handle request: mod=_admin_hotspotuser
2024-03-13 08:51:12 | init: THotspotuserController.create()
2024-03-13 08:51:12 | init: handle request: mod=_admin_hotspotuser
2024-03-13 08:52:00 | init: THotspotuserController.create()
2024-03-13 08:52:00 | init: handle request: mod=_admin_hotspotuser
2024-03-13 08:52:48 | init: THotspotuserController.create()
2024-03-13 08:52:48 | init: handle request: mod=_admin_hotspotuser
2024-03-13 08:53:16 | init: THotspotuserController.create()
2024-03-13 08:53:16 | init: handle request: mod=_admin_hotspotuser
2024-03-13 08:54:01 | init: THotspotuserController.create()
2024-03-13 08:54:01 | init: handle request: mod=_admin_hotspotuser
2024-03-13 08:54:02 | init: THotspotuserController.create()
2024-03-13 08:54:02 | init: handle request: mod=_admin_hotspotuser
2024-03-13 09:01:53 | init: THotspotuserController.create()
2024-03-13 09:01:53 | init: handle request: mod=_admin_hotspotuser
2024-03-13 09:02:07 | init: TAdminController.create()
2024-03-13 09:02:07 | init: handle request: mod=_admin
2024-03-13 09:02:07 | init: TAmandahotikController.create()
2024-03-13 09:02:07 | init: handle request: mod=_
2024-03-13 09:02:13 | init: TAmandahotikController.create()
2024-03-13 09:02:13 | init: handle request: mod=_
2024-03-13 09:02:13 | init: TAdminController.create()
2024-03-13 09:02:13 | init: handle request: mod=_admin
2024-03-13 09:02:15 | init: THotspotuserController.create()
2024-03-13 09:02:15 | init: handle request: mod=_admin_hotspotuser
2024-03-13 09:02:33 | init: THotspotuserController.create()
2024-03-13 09:02:33 | init: handle request: mod=_admin_hotspotuser
2024-03-13 09:02:33 | init: THotspotuserController.create()
2024-03-13 09:02:33 | init: handle request: mod=_admin_hotspotuser
2024-03-13 09:02:36 | init: THotspotuserController.create()
2024-03-13 09:02:36 | init: handle request: mod=_admin_hotspotuser
2024-03-13 09:02:38 | init: THotspotuserController.create()
2024-03-13 09:02:38 | init: handle request: mod=_admin_hotspotuser
2024-03-13 09:02:38 | init: THotspotuserController.create()
2024-03-13 09:02:38 | init: handle request: mod=_admin_hotspotuser
2024-03-13 09:03:42 | init: THotspotuserController.create()
2024-03-13 09:03:42 | init: handle request: mod=_admin_hotspotuser
2024-03-13 09:03:45 | init: THotspotuserController.create()
2024-03-13 09:03:45 | init: handle request: mod=_admin_hotspotuser
2024-03-13 09:03:45 | init: THotspotuserController.create()
2024-03-13 09:03:45 | init: handle request: mod=_admin_hotspotuser
2024-03-13 09:03:47 | init: THotspotuserController.create()
2024-03-13 09:03:47 | init: handle request: mod=_admin_hotspotuser
2024-03-13 09:03:47 | init: THotspotuserController.create()
2024-03-13 09:03:47 | init: handle request: mod=_admin_hotspotuser
2024-03-13 09:03:48 | init: THotspotuserController.create()
2024-03-13 09:03:48 | init: handle request: mod=_admin_hotspotuser
2024-03-13 09:03:48 | init: THotspotuserController.create()
2024-03-13 09:03:48 | init: handle request: mod=_admin_hotspotuser
2024-03-13 09:04:20 | init: THotspotuserController.create()
2024-03-13 09:04:20 | init: handle request: mod=_admin_hotspotuser
2024-03-13 09:04:22 | init: THotspotuserController.create()
2024-03-13 09:04:22 | init: handle request: mod=_admin_hotspotuser
2024-03-13 09:04:22 | init: THotspotuserController.create()
2024-03-13 09:04:22 | init: handle request: mod=_admin_hotspotuser
2024-03-13 09:04:23 | init: THotspotuserController.create()
2024-03-13 09:04:23 | init: handle request: mod=_admin_hotspotuser
2024-03-13 09:04:24 | init: THotspotuserController.create()
2024-03-13 09:04:24 | init: handle request: mod=_admin_hotspotuser
2024-03-13 09:05:23 | init: THotspotuserController.create()
2024-03-13 09:05:23 | init: handle request: mod=_admin_hotspotuser
2024-03-13 09:05:23 | init: THotspotuserController.create()
2024-03-13 09:05:23 | init: handle request: mod=_admin_hotspotuser
2024-03-13 09:05:25 | init: THotspotuserController.create()
2024-03-13 09:05:25 | init: handle request: mod=_admin_hotspotuser
2024-03-13 09:05:25 | init: THotspotuserController.create()
2024-03-13 09:05:25 | init: handle request: mod=_admin_hotspotuser
2024-03-13 09:08:09 | init: THotspotuserController.create()
2024-03-13 09:08:09 | init: handle request: mod=_admin_hotspotuser
2024-03-13 09:08:10 | init: THotspotuserController.create()
2024-03-13 09:08:10 | init: handle request: mod=_admin_hotspotuser
2024-03-13 09:08:10 | init: THotspotuserController.create()
2024-03-13 09:08:10 | init: handle request: mod=_admin_hotspotuser
2024-03-13 09:08:21 | init: TAdminController.create()
2024-03-13 09:08:21 | init: handle request: mod=_admin
2024-03-13 09:08:25 | init: THotspotuserController.create()
2024-03-13 09:08:25 | init: handle request: mod=_admin_hotspotuser
2024-03-13 09:09:06 | init: THotspotuserController.create()
2024-03-13 09:09:06 | init: handle request: mod=_admin_hotspotuser
2024-03-13 09:09:43 | init: THotspotuserController.create()
2024-03-13 09:09:43 | init: handle request: mod=_admin_hotspotuser
2024-03-13 09:09:44 | init: THotspotuserController.create()
2024-03-13 09:09:44 | init: handle request: mod=_admin_hotspotuser
2024-03-13 09:09:52 | init: THotspotuserController.create()
2024-03-13 09:09:52 | init: handle request: mod=_admin_hotspotuser
2024-03-13 09:09:53 | init: THotspotuserController.create()
2024-03-13 09:09:53 | init: handle request: mod=_admin_hotspotuser
2024-03-13 09:10:10 | init: THotspotuserController.create()
2024-03-13 09:10:10 | init: handle request: mod=_admin_hotspotuser
2024-03-13 09:10:11 | init: THotspotuserController.create()
2024-03-13 09:10:11 | init: handle request: mod=_admin_hotspotuser
2024-03-13 09:10:41 | init: THotspotuserController.create()
2024-03-13 09:10:41 | init: handle request: mod=_admin_hotspotuser
2024-03-13 09:10:41 | init: THotspotuserController.create()
2024-03-13 09:10:41 | init: handle request: mod=_admin_hotspotuser
2024-03-13 09:13:38 | init: THotspotuserController.create()
2024-03-13 09:13:38 | init: handle request: mod=_admin_hotspotuser
2024-03-13 09:15:14 | init: THotspotuserController.create()
2024-03-13 09:15:14 | init: handle request: mod=_admin_hotspotuser
2024-03-13 09:20:41 | init: THotspotuserController.create()
2024-03-13 09:20:41 | init: handle request: mod=_admin_hotspotuser
2024-03-13 09:20:41 | init: THotspotuserController.create()
2024-03-13 09:20:41 | init: handle request: mod=_admin_hotspotuser
2024-03-13 09:21:01 | init: THotspotuserController.create()
2024-03-13 09:21:01 | init: handle request: mod=_admin_hotspotuser
2024-03-13 09:21:03 | init: TAdminController.create()
2024-03-13 09:21:03 | init: handle request: mod=_admin
2024-03-13 09:21:06 | init: THotspotuserController.create()
2024-03-13 09:21:06 | init: handle request: mod=_admin_hotspotuser
2024-03-13 09:21:45 | init: THotspotuserController.create()
2024-03-13 09:21:45 | init: handle request: mod=_admin_hotspotuser
2024-03-13 09:21:49 | init: THotspotuserController.create()
2024-03-13 09:21:49 | init: handle request: mod=_admin_hotspotuser
2024-03-13 09:21:50 | init: THotspotuserController.create()
2024-03-13 09:21:50 | init: handle request: mod=_admin_hotspotuser
2024-03-13 09:22:01 | init: TAdminController.create()
2024-03-13 09:22:01 | init: handle request: mod=_admin
2024-03-13 09:22:04 | init: THotspotuserController.create()
2024-03-13 09:22:04 | init: handle request: mod=_admin_hotspotuser
2024-03-13 09:23:45 | init: TAdminController.create()
2024-03-13 09:23:45 | init: handle request: mod=_admin
2024-03-13 09:23:46 | init: TAmandahotikController.create()
2024-03-13 09:23:46 | init: handle request: mod=_
2024-03-13 09:23:59 | init: TAmandahotikController.create()
2024-03-13 09:23:59 | init: handle request: mod=_
2024-03-13 09:23:59 | init: TAdminController.create()
2024-03-13 09:23:59 | init: handle request: mod=_admin
2024-03-13 09:24:04 | init: THotspotuserController.create()
2024-03-13 09:24:04 | init: handle request: mod=_admin_hotspotuser
