2024-03-12 14:59:07 | init: TAmandahotikController.create()
2024-03-12 14:59:07 | init: handle request: mod=_
2024-03-12 14:59:19 | init: TAmandahotikController.create()
2024-03-12 14:59:19 | init: handle request: mod=_
2024-03-12 14:59:56 | init: TAmandahotikController.create()
2024-03-12 14:59:56 | init: handle request: mod=_
2024-03-12 14:59:56 | init: TAdminController.create()
2024-03-12 14:59:56 | init: handle request: mod=_admin
2024-03-12 15:00:00 | init: THotspotuserController.create()
2024-03-12 15:00:00 | init: handle request: mod=_admin_hotspotuser
2024-03-12 15:03:31 | init: TAdminController.create()
2024-03-12 15:03:31 | init: handle request: mod=_admin
2024-03-12 15:03:36 | init: TAdminController.create()
2024-03-12 15:03:36 | init: handle request: mod=_admin
2024-03-12 15:03:37 | init: TAmandahotikController.create()
2024-03-12 15:03:37 | init: handle request: mod=_
2024-03-12 15:03:40 | init: TAdminController.create()
2024-03-12 15:03:40 | init: handle request: mod=_admin
2024-03-12 15:03:40 | init: TAmandahotikController.create()
2024-03-12 15:03:40 | init: handle request: mod=_
2024-03-12 15:03:45 | init: TAmandahotikController.create()
2024-03-12 15:03:45 | init: handle request: mod=_
2024-03-12 15:03:56 | init: TAmandahotikController.create()
2024-03-12 15:03:56 | init: handle request: mod=_
2024-03-12 15:03:56 | init: TAdminController.create()
2024-03-12 15:03:56 | init: handle request: mod=_admin
2024-03-12 15:04:00 | init: THotspotuserController.create()
2024-03-12 15:04:00 | init: handle request: mod=_admin_hotspotuser
2024-03-12 15:09:59 | init: TAdminController.create()
2024-03-12 15:09:59 | init: handle request: mod=_admin
2024-03-12 15:09:59 | init: TAmandahotikController.create()
2024-03-12 15:09:59 | init: handle request: mod=_
2024-03-12 15:10:03 | init: THotspotuserController.create()
2024-03-12 15:10:03 | init: handle request: mod=_admin_hotspotuser
2024-03-12 15:10:03 | init: TAmandahotikController.create()
2024-03-12 15:10:03 | init: handle request: mod=_
2024-03-12 15:10:13 | init: TAmandahotikController.create()
2024-03-12 15:10:13 | init: handle request: mod=_
2024-03-12 15:10:13 | init: TAdminController.create()
2024-03-12 15:10:13 | init: handle request: mod=_admin
2024-03-12 15:10:17 | init: THotspotuserController.create()
2024-03-12 15:10:17 | init: handle request: mod=_admin_hotspotuser
2024-03-12 15:11:53 | init: THotspotuserController.create()
2024-03-12 15:11:53 | init: handle request: mod=_admin_hotspotuser
2024-03-12 15:11:59 | init: TAdminController.create()
2024-03-12 15:11:59 | init: handle request: mod=_admin
2024-03-12 15:11:59 | init: TAmandahotikController.create()
2024-03-12 15:11:59 | init: handle request: mod=_
2024-03-12 15:12:08 | init: TAmandahotikController.create()
2024-03-12 15:12:08 | init: handle request: mod=_
2024-03-12 15:12:08 | init: TAdminController.create()
2024-03-12 15:12:08 | init: handle request: mod=_admin
2024-03-12 15:12:11 | init: THotspotuserController.create()
2024-03-12 15:12:11 | init: handle request: mod=_admin_hotspotuser
2024-03-12 15:12:50 | init: THotspotuserController.create()
2024-03-12 15:12:50 | init: handle request: mod=_admin_hotspotuser
2024-03-12 15:12:54 | init: TAdminController.create()
2024-03-12 15:12:54 | init: handle request: mod=_admin
2024-03-12 15:12:54 | init: TAmandahotikController.create()
2024-03-12 15:12:54 | init: handle request: mod=_
2024-03-12 15:13:09 | init: TAmandahotikController.create()
2024-03-12 15:13:09 | init: handle request: mod=_
2024-03-12 15:13:09 | init: TAdminController.create()
2024-03-12 15:13:09 | init: handle request: mod=_admin
2024-03-12 15:13:11 | init: THotspotuserController.create()
2024-03-12 15:13:11 | init: handle request: mod=_admin_hotspotuser
2024-03-12 15:15:17 | init: THotspotuserController.create()
2024-03-12 15:15:17 | init: handle request: mod=_admin_hotspotuser
2024-03-12 15:15:17 | init: THotspotuserController.create()
2024-03-12 15:15:17 | init: handle request: mod=_admin_hotspotuser
2024-03-12 15:15:18 | init: THotspotuserController.create()
2024-03-12 15:15:18 | init: handle request: mod=_admin_hotspotuser
2024-03-12 15:15:18 | init: THotspotuserController.create()
2024-03-12 15:15:18 | init: handle request: mod=_admin_hotspotuser
2024-03-12 15:15:19 | init: THotspotuserController.create()
2024-03-12 15:15:19 | init: handle request: mod=_admin_hotspotuser
2024-03-12 15:15:26 | init: TAdminController.create()
2024-03-12 15:15:26 | init: handle request: mod=_admin
2024-03-12 15:15:26 | init: TAmandahotikController.create()
2024-03-12 15:15:26 | init: handle request: mod=_
2024-03-12 15:15:30 | init: TAdminController.create()
2024-03-12 15:15:30 | init: handle request: mod=_admin
2024-03-12 15:15:30 | init: TAmandahotikController.create()
2024-03-12 15:15:30 | init: handle request: mod=_
2024-03-12 15:15:41 | init: TAmandahotikController.create()
2024-03-12 15:15:41 | init: handle request: mod=_
2024-03-12 15:15:41 | init: TAdminController.create()
2024-03-12 15:15:41 | init: handle request: mod=_admin
2024-03-12 15:15:44 | init: THotspotuserController.create()
2024-03-12 15:15:44 | init: handle request: mod=_admin_hotspotuser
2024-03-12 15:21:35 | init: THotspotuserController.create()
2024-03-12 15:21:35 | init: handle request: mod=_admin_hotspotuser
2024-03-12 15:21:41 | init: TAdminController.create()
2024-03-12 15:21:41 | init: handle request: mod=_admin
2024-03-12 15:21:45 | init: THotspotuserController.create()
2024-03-12 15:21:45 | init: handle request: mod=_admin_hotspotuser
2024-03-12 15:21:51 | init: TAdminController.create()
2024-03-12 15:21:51 | init: handle request: mod=_admin
2024-03-12 15:21:51 | init: TAmandahotikController.create()
2024-03-12 15:21:51 | init: handle request: mod=_
2024-03-12 15:22:01 | init: TAmandahotikController.create()
2024-03-12 15:22:01 | init: handle request: mod=_
2024-03-12 15:23:41 | init: TAmandahotikController.create()
2024-03-12 15:23:41 | init: handle request: mod=_
2024-03-12 15:25:00 | init: TAmandahotikController.create()
2024-03-12 15:25:00 | init: handle request: mod=_
2024-03-12 15:25:27 | init: TAmandahotikController.create()
2024-03-12 15:25:27 | init: handle request: mod=_
2024-03-12 15:25:27 | init: TAdminController.create()
2024-03-12 15:25:27 | init: handle request: mod=_admin
2024-03-12 15:25:29 | init: THotspotuserController.create()
2024-03-12 15:25:29 | init: handle request: mod=_admin_hotspotuser
2024-03-12 15:26:02 | init: TAdminController.create()
2024-03-12 15:26:02 | init: handle request: mod=_admin
2024-03-12 15:26:02 | init: TAmandahotikController.create()
2024-03-12 15:26:02 | init: handle request: mod=_
2024-03-12 15:26:12 | init: TAmandahotikController.create()
2024-03-12 15:26:12 | init: handle request: mod=_
2024-03-12 15:26:13 | init: TAdminController.create()
2024-03-12 15:26:13 | init: handle request: mod=_admin
2024-03-12 15:26:15 | init: THotspotuserController.create()
2024-03-12 15:26:15 | init: handle request: mod=_admin_hotspotuser
2024-03-12 15:29:00 | init: THotspotuserController.create()
2024-03-12 15:29:00 | init: handle request: mod=_admin_hotspotuser
2024-03-12 15:29:00 | init: THotspotuserController.create()
2024-03-12 15:29:00 | init: handle request: mod=_admin_hotspotuser
2024-03-12 15:29:01 | init: THotspotuserController.create()
2024-03-12 15:29:01 | init: handle request: mod=_admin_hotspotuser
2024-03-12 15:29:01 | init: THotspotuserController.create()
2024-03-12 15:29:01 | init: handle request: mod=_admin_hotspotuser
2024-03-12 15:29:01 | init: THotspotuserController.create()
2024-03-12 15:29:01 | init: handle request: mod=_admin_hotspotuser
2024-03-12 15:29:05 | init: TAdminController.create()
2024-03-12 15:29:05 | init: handle request: mod=_admin
2024-03-12 15:29:05 | init: TAmandahotikController.create()
2024-03-12 15:29:05 | init: handle request: mod=_
2024-03-12 15:29:14 | init: TAmandahotikController.create()
2024-03-12 15:29:14 | init: handle request: mod=_
2024-03-12 15:29:14 | init: TAdminController.create()
2024-03-12 15:29:14 | init: handle request: mod=_admin
2024-03-12 15:29:17 | init: THotspotuserController.create()
2024-03-12 15:29:17 | init: handle request: mod=_admin_hotspotuser
2024-03-12 15:29:43 | init: THotspotuserController.create()
2024-03-12 15:29:43 | init: handle request: mod=_admin_hotspotuser
2024-03-12 15:29:44 | init: THotspotuserController.create()
2024-03-12 15:29:44 | init: handle request: mod=_admin_hotspotuser
2024-03-12 15:29:44 | init: THotspotuserController.create()
2024-03-12 15:29:44 | init: handle request: mod=_admin_hotspotuser
2024-03-12 15:30:18 | init: THotspotuserController.create()
2024-03-12 15:30:18 | init: handle request: mod=_admin_hotspotuser
2024-03-12 15:30:19 | init: THotspotuserController.create()
2024-03-12 15:30:19 | init: handle request: mod=_admin_hotspotuser
2024-03-12 15:31:01 | init: THotspotuserController.create()
2024-03-12 15:31:01 | init: handle request: mod=_admin_hotspotuser
2024-03-12 15:31:01 | init: TAmandahotikController.create()
2024-03-12 15:32:59 | init: THotspotuserController.create()
2024-03-12 15:32:59 | init: handle request: mod=_admin_hotspotuser
2024-03-12 15:33:00 | init: THotspotuserController.create()
2024-03-12 15:33:00 | init: handle request: mod=_admin_hotspotuser
2024-03-12 15:33:00 | init: THotspotuserController.create()
2024-03-12 15:33:00 | init: handle request: mod=_admin_hotspotuser
2024-03-12 15:33:01 | init: THotspotuserController.create()
2024-03-12 15:33:01 | init: handle request: mod=_admin_hotspotuser
2024-03-12 15:54:33 | init: THotspotuserController.create()
2024-03-12 15:54:33 | init: handle request: mod=_admin_hotspotuser
2024-03-12 15:54:36 | init: TAdminController.create()
2024-03-12 15:54:36 | init: handle request: mod=_admin
2024-03-12 15:54:37 | init: TAmandahotikController.create()
2024-03-12 15:54:37 | init: handle request: mod=_
2024-03-12 15:54:41 | init: TAdminController.create()
2024-03-12 15:54:41 | init: handle request: mod=_admin
2024-03-12 15:54:41 | init: TAmandahotikController.create()
2024-03-12 15:54:41 | init: handle request: mod=_
2024-03-12 15:54:52 | init: TAmandahotikController.create()
2024-03-12 15:54:52 | init: handle request: mod=_
2024-03-12 15:54:52 | init: TAdminController.create()
2024-03-12 15:54:52 | init: handle request: mod=_admin
2024-03-12 15:54:56 | init: THotspotuserController.create()
2024-03-12 15:54:56 | init: handle request: mod=_admin_hotspotuser
2024-03-12 15:56:42 | init: TAdminController.create()
2024-03-12 15:56:42 | init: handle request: mod=_admin
2024-03-12 15:56:42 | init: TAmandahotikController.create()
2024-03-12 15:56:42 | init: handle request: mod=_
2024-03-12 15:56:45 | init: TAdminController.create()
2024-03-12 15:56:45 | init: handle request: mod=_admin
2024-03-12 15:56:45 | init: TAmandahotikController.create()
2024-03-12 15:56:45 | init: handle request: mod=_
2024-03-12 15:56:58 | init: TAmandahotikController.create()
2024-03-12 15:56:58 | init: handle request: mod=_
2024-03-12 15:56:59 | init: TAdminController.create()
2024-03-12 15:56:59 | init: handle request: mod=_admin
2024-03-12 15:57:36 | init: THotspotuserController.create()
2024-03-12 15:57:36 | init: handle request: mod=_admin_hotspotuser
2024-03-12 15:58:41 | init: THotspotuserController.create()
2024-03-12 15:58:41 | init: handle request: mod=_admin_hotspotuser
2024-03-12 15:58:43 | init: THotspotuserController.create()
2024-03-12 15:58:43 | init: handle request: mod=_admin_hotspotuser
2024-03-12 16:01:27 | init: THotspotuserController.create()
2024-03-12 16:01:27 | init: handle request: mod=_admin_hotspotuser
2024-03-12 16:01:28 | init: THotspotuserController.create()
2024-03-12 16:01:28 | init: handle request: mod=_admin_hotspotuser
2024-03-12 16:01:28 | init: THotspotuserController.create()
2024-03-12 16:01:28 | init: handle request: mod=_admin_hotspotuser
2024-03-12 16:01:35 | init: TAdminController.create()
2024-03-12 16:01:35 | init: handle request: mod=_admin
2024-03-12 16:01:35 | init: TAmandahotikController.create()
2024-03-12 16:01:35 | init: handle request: mod=_
2024-03-12 16:01:45 | init: TAmandahotikController.create()
2024-03-12 16:01:45 | init: handle request: mod=_
2024-03-12 16:01:45 | init: TAdminController.create()
2024-03-12 16:01:45 | init: handle request: mod=_admin
2024-03-12 16:01:47 | init: THotspotuserController.create()
2024-03-12 16:01:47 | init: handle request: mod=_admin_hotspotuser
2024-03-12 16:04:18 | init: THotspotuserController.create()
2024-03-12 16:04:18 | init: handle request: mod=_admin_hotspotuser
2024-03-12 16:04:19 | init: THotspotuserController.create()
2024-03-12 16:04:19 | init: handle request: mod=_admin_hotspotuser
2024-03-12 16:04:24 | init: TAdminController.create()
2024-03-12 16:04:24 | init: handle request: mod=_admin
2024-03-12 16:04:24 | init: TAmandahotikController.create()
2024-03-12 16:04:24 | init: handle request: mod=_
2024-03-12 16:04:33 | init: TAmandahotikController.create()
2024-03-12 16:04:33 | init: handle request: mod=_
2024-03-12 16:04:33 | init: TAdminController.create()
2024-03-12 16:04:33 | init: handle request: mod=_admin
2024-03-12 16:04:35 | init: THotspotuserController.create()
2024-03-12 16:04:35 | init: handle request: mod=_admin_hotspotuser
2024-03-12 16:05:29 | init: THotspotuserController.create()
2024-03-12 16:05:29 | init: handle request: mod=_admin_hotspotuser
2024-03-12 16:06:12 | init: TAdminController.create()
2024-03-12 16:06:12 | init: handle request: mod=_admin
2024-03-12 16:06:12 | init: TAmandahotikController.create()
2024-03-12 16:06:12 | init: handle request: mod=_
2024-03-12 16:06:16 | init: THotspotuserController.create()
2024-03-12 16:06:16 | init: handle request: mod=_admin_hotspotuser
2024-03-12 16:06:16 | init: TAmandahotikController.create()
2024-03-12 16:06:16 | init: handle request: mod=_
2024-03-12 16:06:29 | init: TAmandahotikController.create()
2024-03-12 16:06:29 | init: handle request: mod=_
2024-03-12 16:06:29 | init: TAdminController.create()
2024-03-12 16:06:29 | init: handle request: mod=_admin
2024-03-12 16:06:45 | init: THotspotuserController.create()
2024-03-12 16:06:45 | init: handle request: mod=_admin_hotspotuser
2024-03-12 16:08:11 | init: THotspotuserController.create()
2024-03-12 16:08:11 | init: handle request: mod=_admin_hotspotuser
2024-03-12 16:08:14 | init: THotspotuserController.create()
2024-03-12 16:08:14 | init: handle request: mod=_admin_hotspotuser
2024-03-12 16:08:27 | init: THotspotuserController.create()
2024-03-12 16:08:27 | init: handle request: mod=_admin_hotspotuser
