2024-03-15 10:15:04 | init: TAmandahotikController.create()
2024-03-15 10:15:04 | init: handle request: mod=_
2024-03-15 10:16:25 | init: TAmandahotikController.create()
2024-03-15 10:16:25 | init: handle request: mod=_
2024-03-15 10:17:54 | init: TAmandahotikController.create()
2024-03-15 10:17:54 | init: handle request: mod=_
2024-03-15 10:18:23 | init: TAmandahotikController.create()
2024-03-15 10:18:23 | init: handle request: mod=_
2024-03-15 10:18:24 | init: TAdminController.create()
2024-03-15 10:18:24 | init: handle request: mod=_admin
2024-03-15 10:18:30 | init: TAdminController.create()
2024-03-15 10:18:30 | init: handle request: mod=_admin
2024-03-15 10:18:30 | init: TAmandahotikController.create()
2024-03-15 10:18:30 | init: handle request: mod=_
2024-03-15 10:18:35 | init: TAmandahotikController.create()
2024-03-15 10:18:35 | init: handle request: mod=_
2024-03-15 10:19:37 | init: TAdminController.create()
2024-03-15 10:19:37 | init: handle request: mod=_admin
2024-03-15 10:19:37 | init: TAmandahotikController.create()
2024-03-15 10:19:37 | init: handle request: mod=_
2024-03-15 10:19:44 | init: TAmandahotikController.create()
2024-03-15 10:19:44 | init: handle request: mod=_
2024-03-15 10:19:44 | init: TAdminController.create()
2024-03-15 10:19:44 | init: handle request: mod=_admin
2024-03-15 10:19:47 | init: TAdminController.create()
2024-03-15 10:19:47 | init: handle request: mod=_admin
2024-03-15 10:19:47 | init: TAmandahotikController.create()
2024-03-15 10:19:47 | init: handle request: mod=_
2024-03-15 10:19:51 | init: TAmandahotikController.create()
2024-03-15 10:19:51 | init: handle request: mod=_
2024-03-15 10:19:56 | init: TAmandahotikController.create()
2024-03-15 10:19:56 | init: handle request: mod=_
2024-03-15 10:19:57 | init: TAdminController.create()
2024-03-15 10:19:57 | init: handle request: mod=_admin
2024-03-15 10:19:59 | init: TAdminController.create()
2024-03-15 10:19:59 | init: handle request: mod=_admin
2024-03-15 10:19:59 | init: TAmandahotikController.create()
2024-03-15 10:19:59 | init: handle request: mod=_
2024-03-15 10:20:38 | init: TAmandahotikController.create()
2024-03-15 10:20:38 | init: handle request: mod=_
2024-03-15 10:20:40 | init: TAmandahotikController.create()
2024-03-15 10:20:40 | init: handle request: mod=_
2024-03-15 10:20:40 | init: TAdminController.create()
2024-03-15 10:20:40 | init: handle request: mod=_admin
2024-03-15 10:20:42 | init: THotspotuserController.create()
2024-03-15 10:20:42 | init: handle request: mod=_admin_hotspotuser
2024-03-15 10:21:11 | init: TAdminController.create()
2024-03-15 10:21:11 | init: handle request: mod=_admin
2024-03-15 10:21:21 | init: TAmandahotikController.create()
2024-03-15 10:21:21 | init: handle request: mod=_
2024-03-15 10:21:27 | init: THotspotuserController.create()
2024-03-15 10:21:27 | init: handle request: mod=_admin_hotspotuser
2024-03-15 10:21:29 | init: TAdminController.create()
2024-03-15 10:21:29 | init: handle request: mod=_admin
2024-03-15 10:21:43 | init: THotspotuserController.create()
2024-03-15 10:21:43 | init: handle request: mod=_admin_hotspotuser
2024-03-15 10:22:21 | init: THotspotuserController.create()
2024-03-15 10:22:21 | init: handle request: mod=_admin_hotspotuser
2024-03-15 10:26:41 | init: THotspotuserController.create()
2024-03-15 10:26:41 | init: handle request: mod=_admin_hotspotuser
2024-03-15 10:27:21 | init: THotspotuserController.create()
2024-03-15 10:27:21 | init: handle request: mod=_admin_hotspotuser
2024-03-15 10:27:28 | init: THotspotuserController.create()
2024-03-15 10:27:28 | init: handle request: mod=_admin_hotspotuser
2024-03-15 10:27:36 | init: THotspotuserController.create()
2024-03-15 10:27:36 | init: handle request: mod=_admin_hotspotuser
2024-03-15 10:38:21 | init: THotspotuserController.create()
2024-03-15 10:38:21 | init: handle request: mod=_admin_hotspotuser
2024-03-15 10:38:35 | init: THotspotuserController.create()
2024-03-15 10:38:35 | init: handle request: mod=_admin_hotspotuser
2024-03-15 10:38:56 | init: THotspotuserController.create()
2024-03-15 10:38:56 | init: handle request: mod=_admin_hotspotuser
2024-03-15 10:39:38 | init: THotspotuserController.create()
2024-03-15 10:39:38 | init: handle request: mod=_admin_hotspotuser
2024-03-15 10:43:58 | init: THotspotuserController.create()
2024-03-15 10:43:58 | init: handle request: mod=_admin_hotspotuser
2024-03-15 10:44:00 | init: THotspotuserController.create()
2024-03-15 10:44:00 | init: handle request: mod=_admin_hotspotuser
2024-03-15 10:44:01 | init: THotspotuserController.create()
2024-03-15 10:44:01 | init: handle request: mod=_admin_hotspotuser
2024-03-15 10:45:15 | init: THotspotuserController.create()
2024-03-15 10:45:15 | init: handle request: mod=_admin_hotspotuser
2024-03-15 10:45:16 | init: THotspotuserController.create()
2024-03-15 10:45:16 | init: handle request: mod=_admin_hotspotuser
2024-03-15 10:45:16 | init: THotspotuserController.create()
2024-03-15 10:45:16 | init: handle request: mod=_admin_hotspotuser
2024-03-15 10:45:19 | init: TAdminController.create()
2024-03-15 10:45:19 | init: handle request: mod=_admin
2024-03-15 10:45:19 | init: TAmandahotikController.create()
2024-03-15 10:45:19 | init: handle request: mod=_
2024-03-15 10:45:21 | init: TAmandahotikController.create()
2024-03-15 10:45:21 | init: handle request: mod=_
2024-03-15 10:45:21 | init: TAdminController.create()
2024-03-15 10:45:21 | init: handle request: mod=_admin
2024-03-15 10:45:23 | init: TAdminController.create()
2024-03-15 10:45:23 | init: handle request: mod=_admin
2024-03-15 10:45:24 | init: TAdminController.create()
2024-03-15 10:45:24 | init: handle request: mod=_admin
2024-03-15 10:45:24 | init: TAdminController.create()
2024-03-15 10:45:24 | init: handle request: mod=_admin
2024-03-15 10:45:26 | init: THotspotuserController.create()
2024-03-15 10:45:26 | init: handle request: mod=_admin_hotspotuser
2024-03-15 10:46:05 | init: THotspotuserController.create()
2024-03-15 10:46:05 | init: handle request: mod=_admin_hotspotuser
2024-03-15 10:46:06 | init: THotspotuserController.create()
2024-03-15 10:46:06 | init: handle request: mod=_admin_hotspotuser
2024-03-15 10:46:06 | init: THotspotuserController.create()
2024-03-15 10:46:06 | init: handle request: mod=_admin_hotspotuser
2024-03-15 10:46:08 | init: TAdminController.create()
2024-03-15 10:46:08 | init: handle request: mod=_admin
2024-03-15 10:46:09 | init: TAdminController.create()
2024-03-15 10:46:09 | init: handle request: mod=_admin
2024-03-15 10:46:14 | init: TAdminController.create()
2024-03-15 10:46:14 | init: handle request: mod=_admin
2024-03-15 10:46:14 | init: TAmandahotikController.create()
2024-03-15 10:46:14 | init: handle request: mod=_
2024-03-15 10:46:16 | init: TAmandahotikController.create()
2024-03-15 10:46:16 | init: handle request: mod=_
2024-03-15 10:46:16 | init: TAdminController.create()
2024-03-15 10:46:16 | init: handle request: mod=_admin
2024-03-15 10:46:19 | init: THotspotuserController.create()
2024-03-15 10:46:19 | init: handle request: mod=_admin_hotspotuser
2024-03-15 10:48:21 | init: THotspotuserController.create()
2024-03-15 10:48:21 | init: handle request: mod=_admin_hotspotuser
2024-03-15 10:48:28 | init: TAdminController.create()
2024-03-15 10:48:28 | init: handle request: mod=_admin
2024-03-15 10:48:29 | init: TAdminController.create()
2024-03-15 10:48:29 | init: handle request: mod=_admin
2024-03-15 10:48:30 | init: TAdminController.create()
2024-03-15 10:48:30 | init: handle request: mod=_admin
2024-03-15 10:48:30 | init: TAdminController.create()
2024-03-15 10:48:30 | init: handle request: mod=_admin
2024-03-15 10:48:30 | init: TAdminController.create()
2024-03-15 10:48:30 | init: handle request: mod=_admin
2024-03-15 10:48:43 | init: THotspotuserController.create()
2024-03-15 10:48:43 | init: handle request: mod=_admin_hotspotuser
2024-03-15 10:50:31 | init: THotspotuserController.create()
2024-03-15 10:50:31 | init: handle request: mod=_admin_hotspotuser
2024-03-15 10:51:01 | init: THotspotuserController.create()
2024-03-15 10:51:01 | init: handle request: mod=_admin_hotspotuser
2024-03-15 10:51:24 | init: THotspotuserController.create()
2024-03-15 10:51:24 | init: handle request: mod=_admin_hotspotuser
2024-03-15 10:56:15 | init: THotspotuserController.create()
2024-03-15 10:56:15 | init: handle request: mod=_admin_hotspotuser
2024-03-15 10:56:22 | init: THotspotuserController.create()
2024-03-15 10:56:22 | init: handle request: mod=_admin_hotspotuser
2024-03-15 10:56:36 | init: THotspotuserController.create()
2024-03-15 10:56:36 | init: handle request: mod=_admin_hotspotuser
2024-03-15 10:56:45 | init: THotspotuserController.create()
2024-03-15 10:56:45 | init: handle request: mod=_admin_hotspotuser
2024-03-15 10:56:48 | init: THotspotuserController.create()
2024-03-15 10:56:48 | init: handle request: mod=_admin_hotspotuser
2024-03-15 10:57:18 | init: THotspotuserController.create()
2024-03-15 10:57:18 | init: handle request: mod=_admin_hotspotuser
2024-03-15 10:57:19 | init: THotspotuserController.create()
2024-03-15 10:57:19 | init: handle request: mod=_admin_hotspotuser
2024-03-15 10:58:05 | init: THotspotuserController.create()
2024-03-15 10:58:05 | init: handle request: mod=_admin_hotspotuser
2024-03-15 10:58:09 | init: THotspotuserController.create()
2024-03-15 10:58:09 | init: handle request: mod=_admin_hotspotuser
2024-03-15 10:58:10 | init: THotspotuserController.create()
2024-03-15 10:58:10 | init: handle request: mod=_admin_hotspotuser
2024-03-15 10:58:10 | init: THotspotuserController.create()
2024-03-15 10:58:10 | init: handle request: mod=_admin_hotspotuser
2024-03-15 10:59:48 | init: THotspotuserController.create()
2024-03-15 10:59:48 | init: handle request: mod=_admin_hotspotuser
2024-03-15 10:59:49 | init: THotspotuserController.create()
2024-03-15 10:59:49 | init: handle request: mod=_admin_hotspotuser
2024-03-15 10:59:49 | init: THotspotuserController.create()
2024-03-15 10:59:49 | init: handle request: mod=_admin_hotspotuser
2024-03-15 10:59:54 | init: THotspotuserController.create()
2024-03-15 10:59:54 | init: handle request: mod=_admin_hotspotuser
2024-03-15 11:02:13 | init: THotspotuserController.create()
2024-03-15 11:02:13 | init: handle request: mod=_admin_hotspotuser
2024-03-15 11:02:13 | init: THotspotuserController.create()
2024-03-15 11:02:13 | init: handle request: mod=_admin_hotspotuser
2024-03-15 11:02:17 | init: THotspotuserController.create()
2024-03-15 11:02:17 | init: handle request: mod=_admin_hotspotuser
2024-03-15 11:02:18 | init: THotspotuserController.create()
2024-03-15 11:02:18 | init: handle request: mod=_admin_hotspotuser
2024-03-15 11:02:18 | init: THotspotuserController.create()
2024-03-15 11:02:18 | init: handle request: mod=_admin_hotspotuser
2024-03-15 11:02:18 | init: THotspotuserController.create()
2024-03-15 11:02:18 | init: handle request: mod=_admin_hotspotuser
2024-03-15 11:02:19 | init: THotspotuserController.create()
2024-03-15 11:02:19 | init: handle request: mod=_admin_hotspotuser
2024-03-15 11:02:19 | init: THotspotuserController.create()
2024-03-15 11:02:19 | init: handle request: mod=_admin_hotspotuser
2024-03-15 11:02:22 | init: THotspotuserController.create()
2024-03-15 11:02:22 | init: handle request: mod=_admin_hotspotuser
2024-03-15 11:02:23 | init: THotspotuserController.create()
2024-03-15 11:02:23 | init: handle request: mod=_admin_hotspotuser
2024-03-15 11:03:42 | init: THotspotuserController.create()
2024-03-15 11:03:42 | init: handle request: mod=_admin_hotspotuser
2024-03-15 11:03:43 | init: THotspotuserController.create()
2024-03-15 11:03:43 | init: handle request: mod=_admin_hotspotuser
2024-03-15 11:03:49 | init: THotspotuserController.create()
2024-03-15 11:03:49 | init: handle request: mod=_admin_hotspotuser
2024-03-15 11:03:50 | init: THotspotuserController.create()
2024-03-15 11:03:50 | init: handle request: mod=_admin_hotspotuser
2024-03-15 11:03:53 | init: THotspotuserController.create()
2024-03-15 11:03:53 | init: handle request: mod=_admin_hotspotuser
2024-03-15 11:16:13 | init: THotspotuserController.create()
2024-03-15 11:16:13 | init: handle request: mod=_admin_hotspotuser
2024-03-15 11:16:17 | init: THotspotuserController.create()
2024-03-15 11:16:17 | init: handle request: mod=_admin_hotspotuser
2024-03-15 11:17:05 | init: THotspotuserController.create()
2024-03-15 11:17:05 | init: handle request: mod=_admin_hotspotuser
2024-03-15 11:17:06 | init: THotspotuserController.create()
2024-03-15 11:17:06 | init: handle request: mod=_admin_hotspotuser
2024-03-15 11:17:12 | init: THotspotuserController.create()
2024-03-15 11:17:12 | init: handle request: mod=_admin_hotspotuser
2024-03-15 11:17:13 | init: THotspotuserController.create()
2024-03-15 11:17:13 | init: handle request: mod=_admin_hotspotuser
2024-03-15 11:17:14 | init: THotspotuserController.create()
2024-03-15 11:17:14 | init: handle request: mod=_admin_hotspotuser
2024-03-15 11:17:14 | init: THotspotuserController.create()
2024-03-15 11:17:14 | init: handle request: mod=_admin_hotspotuser
2024-03-15 11:17:59 | init: THotspotuserController.create()
2024-03-15 11:17:59 | init: handle request: mod=_admin_hotspotuser
2024-03-15 11:18:02 | init: THotspotuserController.create()
2024-03-15 11:18:02 | init: handle request: mod=_admin_hotspotuser
2024-03-15 11:18:03 | init: THotspotuserController.create()
2024-03-15 11:18:03 | init: handle request: mod=_admin_hotspotuser
2024-03-15 11:18:04 | init: THotspotuserController.create()
2024-03-15 11:18:04 | init: handle request: mod=_admin_hotspotuser
2024-03-15 11:18:04 | init: THotspotuserController.create()
2024-03-15 11:18:04 | init: handle request: mod=_admin_hotspotuser
2024-03-15 11:18:54 | init: THotspotuserController.create()
2024-03-15 11:18:54 | init: handle request: mod=_admin_hotspotuser
2024-03-15 11:18:54 | init: THotspotuserController.create()
2024-03-15 11:18:54 | init: handle request: mod=_admin_hotspotuser
2024-03-15 11:18:54 | init: THotspotuserController.create()
2024-03-15 11:18:54 | init: handle request: mod=_admin_hotspotuser
2024-03-15 11:18:57 | init: THotspotuserController.create()
2024-03-15 11:18:57 | init: handle request: mod=_admin_hotspotuser
2024-03-15 11:20:21 | init: THotspotuserController.create()
2024-03-15 11:20:21 | init: handle request: mod=_admin_hotspotuser
2024-03-15 11:20:35 | init: THotspotuserController.create()
2024-03-15 11:20:35 | init: handle request: mod=_admin_hotspotuser
2024-03-15 11:20:35 | init: THotspotuserController.create()
2024-03-15 11:20:35 | init: handle request: mod=_admin_hotspotuser
2024-03-15 11:21:35 | init: THotspotuserController.create()
2024-03-15 11:21:35 | init: handle request: mod=_admin_hotspotuser
2024-03-15 11:21:55 | init: THotspotuserController.create()
2024-03-15 11:21:55 | init: handle request: mod=_admin_hotspotuser
2024-03-15 11:22:54 | init: THotspotuserController.create()
2024-03-15 11:22:54 | init: handle request: mod=_admin_hotspotuser
2024-03-15 11:23:19 | init: THotspotuserController.create()
2024-03-15 11:23:19 | init: handle request: mod=_admin_hotspotuser
2024-03-15 11:23:48 | init: THotspotuserController.create()
2024-03-15 11:23:48 | init: handle request: mod=_admin_hotspotuser
2024-03-15 11:24:05 | init: THotspotuserController.create()
2024-03-15 11:24:05 | init: handle request: mod=_admin_hotspotuser
2024-03-15 11:28:50 | init: THotspotuserController.create()
2024-03-15 11:28:50 | init: handle request: mod=_admin_hotspotuser
2024-03-15 11:28:51 | init: THotspotuserController.create()
2024-03-15 11:28:51 | init: handle request: mod=_admin_hotspotuser
2024-03-15 11:28:57 | init: THotspotuserController.create()
2024-03-15 11:28:57 | init: handle request: mod=_admin_hotspotuser
2024-03-15 11:28:57 | init: THotspotuserController.create()
2024-03-15 11:28:57 | init: handle request: mod=_admin_hotspotuser
2024-03-15 11:29:35 | init: THotspotuserController.create()
2024-03-15 11:29:35 | init: handle request: mod=_admin_hotspotuser
2024-03-15 11:29:36 | init: THotspotuserController.create()
2024-03-15 11:29:36 | init: handle request: mod=_admin_hotspotuser
2024-03-15 11:29:49 | init: THotspotuserController.create()
2024-03-15 11:29:49 | init: handle request: mod=_admin_hotspotuser
2024-03-15 11:30:01 | init: THotspotuserController.create()
2024-03-15 11:30:01 | init: handle request: mod=_admin_hotspotuser
2024-03-15 11:31:59 | init: THotspotuserController.create()
2024-03-15 11:31:59 | init: handle request: mod=_admin_hotspotuser
2024-03-15 11:34:58 | init: THotspotuserController.create()
2024-03-15 11:34:58 | init: handle request: mod=_admin_hotspotuser
2024-03-15 11:37:29 | init: THotspotuserController.create()
2024-03-15 11:37:29 | init: handle request: mod=_admin_hotspotuser
2024-03-15 11:39:49 | init: TAdminController.create()
2024-03-15 11:39:49 | init: handle request: mod=_admin
2024-03-15 11:40:41 | init: TAdminController.create()
2024-03-15 11:40:41 | init: handle request: mod=_admin
2024-03-15 11:41:05 | init: TAdminController.create()
2024-03-15 11:41:05 | init: handle request: mod=_admin
2024-03-15 11:41:05 | init: TAmandahotikController.create()
2024-03-15 11:41:05 | init: handle request: mod=_
2024-03-15 11:41:08 | init: TAmandahotikController.create()
2024-03-15 11:41:08 | init: handle request: mod=_
2024-03-15 11:41:08 | init: TAdminController.create()
2024-03-15 11:41:08 | init: handle request: mod=_admin
2024-03-15 11:41:10 | init: THotspotuserController.create()
2024-03-15 11:41:10 | init: handle request: mod=_admin_hotspotuser
2024-03-15 11:42:54 | init: THotspotuserController.create()
2024-03-15 11:42:54 | init: handle request: mod=_admin_hotspotuser
2024-03-15 11:43:20 | init: TAdminController.create()
2024-03-15 11:43:20 | init: handle request: mod=_admin
2024-03-15 11:43:32 | init: THotspotuserController.create()
2024-03-15 11:43:32 | init: handle request: mod=_admin_hotspotuser
2024-03-15 11:44:54 | init: THotspotuserController.create()
2024-03-15 11:44:54 | init: handle request: mod=_admin_hotspotuser
2024-03-15 11:45:26 | init: THotspotuserController.create()
2024-03-15 11:45:26 | init: handle request: mod=_admin_hotspotuser
2024-03-15 11:46:49 | init: THotspotuserController.create()
2024-03-15 11:46:49 | init: handle request: mod=_admin_hotspotuser
2024-03-15 11:47:24 | init: THotspotuserController.create()
2024-03-15 11:47:24 | init: handle request: mod=_admin_hotspotuser
2024-03-15 11:48:17 | init: THotspotuserController.create()
2024-03-15 11:48:17 | init: handle request: mod=_admin_hotspotuser
2024-03-15 11:51:15 | init: THotspotuserController.create()
2024-03-15 11:51:15 | init: handle request: mod=_admin_hotspotuser
2024-03-15 11:51:48 | init: THotspotuserController.create()
2024-03-15 11:51:48 | init: handle request: mod=_admin_hotspotuser
2024-03-15 11:52:15 | init: THotspotuserController.create()
2024-03-15 11:52:15 | init: handle request: mod=_admin_hotspotuser
2024-03-15 11:54:53 | init: THotspotuserController.create()
2024-03-15 11:54:53 | init: handle request: mod=_admin_hotspotuser
2024-03-15 11:55:57 | init: THotspotuserController.create()
2024-03-15 11:55:57 | init: handle request: mod=_admin_hotspotuser
2024-03-15 12:05:57 | init: THotspotuserController.create()
2024-03-15 12:05:57 | init: handle request: mod=_admin_hotspotuser
2024-03-15 12:05:59 | init: THotspotuserController.create()
2024-03-15 12:05:59 | init: handle request: mod=_admin_hotspotuser
2024-03-15 12:06:00 | init: TAdminController.create()
2024-03-15 12:06:00 | init: handle request: mod=_admin
2024-03-15 12:06:01 | init: TAmandahotikController.create()
2024-03-15 12:06:01 | init: handle request: mod=_
2024-03-15 12:06:02 | init: TAmandahotikController.create()
2024-03-15 12:06:02 | init: handle request: mod=_
2024-03-15 12:06:02 | init: TAdminController.create()
2024-03-15 12:06:02 | init: handle request: mod=_admin
2024-03-15 12:06:05 | init: THotspotuserController.create()
2024-03-15 12:06:05 | init: handle request: mod=_admin_hotspotuser
2024-03-15 12:06:24 | init: THotspotuserController.create()
2024-03-15 12:06:24 | init: handle request: mod=_admin_hotspotuser
2024-03-15 12:06:25 | init: THotspotuserController.create()
2024-03-15 12:06:25 | init: handle request: mod=_admin_hotspotuser
2024-03-15 12:07:51 | init: THotspotuserController.create()
2024-03-15 12:07:51 | init: handle request: mod=_admin_hotspotuser
2024-03-15 12:07:55 | init: THotspotuserController.create()
2024-03-15 12:07:55 | init: handle request: mod=_admin_hotspotuser
2024-03-15 12:08:28 | init: TAdminController.create()
2024-03-15 12:08:28 | init: handle request: mod=_admin
2024-03-15 12:08:53 | init: THotspotuserController.create()
2024-03-15 12:08:53 | init: handle request: mod=_admin_hotspotuser
2024-03-15 12:15:02 | init: THotspotuserController.create()
2024-03-15 12:15:02 | init: handle request: mod=_admin_hotspotuser
2024-03-15 12:22:20 | init: TAdminController.create()
2024-03-15 12:22:20 | init: handle request: mod=_admin
2024-03-15 12:22:20 | init: TAmandahotikController.create()
2024-03-15 12:22:20 | init: handle request: mod=_
2024-03-15 12:22:23 | init: THotspotuserController.create()
2024-03-15 12:22:23 | init: handle request: mod=_admin_hotspotuser
2024-03-15 12:22:23 | init: TAmandahotikController.create()
2024-03-15 12:22:23 | init: handle request: mod=_
2024-03-15 13:18:22 | init: TAmandahotikController.create()
2024-03-15 13:18:22 | init: handle request: mod=_
2024-03-15 13:18:22 | init: TAdminController.create()
2024-03-15 13:18:22 | init: handle request: mod=_admin
2024-03-15 13:18:26 | init: THotspotuserController.create()
2024-03-15 13:18:26 | init: handle request: mod=_admin_hotspotuser
2024-03-15 13:25:55 | init: THotspotuserController.create()
2024-03-15 13:25:55 | init: handle request: mod=_admin_hotspotuser
2024-03-15 13:25:58 | init: THotspotuserController.create()
2024-03-15 13:25:58 | init: handle request: mod=_admin_hotspotuser
2024-03-15 13:28:02 | init: THotspotuserController.create()
2024-03-15 13:28:02 | init: handle request: mod=_admin_hotspotuser
2024-03-15 13:44:30 | init: THotspotuserController.create()
2024-03-15 13:44:30 | init: handle request: mod=_admin_hotspotuser
2024-03-15 13:44:34 | init: THotspotuserController.create()
2024-03-15 13:44:34 | init: handle request: mod=_admin_hotspotuser
2024-03-15 13:45:28 | init: THotspotuserController.create()
2024-03-15 13:45:28 | init: handle request: mod=_admin_hotspotuser
2024-03-15 13:47:52 | init: THotspotuserController.create()
2024-03-15 13:47:52 | init: handle request: mod=_admin_hotspotuser
2024-03-15 13:49:29 | init: THotspotuserController.create()
2024-03-15 13:49:29 | init: handle request: mod=_admin_hotspotuser
2024-03-15 13:50:40 | init: THotspotuserController.create()
2024-03-15 13:50:40 | init: handle request: mod=_admin_hotspotuser
2024-03-15 13:51:40 | init: THotspotuserController.create()
2024-03-15 13:51:40 | init: handle request: mod=_admin_hotspotuser
2024-03-15 13:57:12 | init: THotspotuserController.create()
2024-03-15 13:57:12 | init: handle request: mod=_admin_hotspotuser
2024-03-15 13:57:33 | init: THotspotuserController.create()
2024-03-15 13:57:33 | init: handle request: mod=_admin_hotspotuser
2024-03-15 13:57:33 | init: THotspotuserController.create()
2024-03-15 13:57:33 | init: handle request: mod=_admin_hotspotuser
2024-03-15 13:57:36 | init: THotspotuserController.create()
2024-03-15 13:57:36 | init: handle request: mod=_admin_hotspotuser
2024-03-15 13:58:26 | init: THotspotuserController.create()
2024-03-15 13:58:26 | init: handle request: mod=_admin_hotspotuser
2024-03-15 13:58:36 | init: THotspotuserController.create()
2024-03-15 13:58:36 | init: handle request: mod=_admin_hotspotuser
2024-03-15 13:58:36 | init: THotspotuserController.create()
2024-03-15 13:58:36 | init: handle request: mod=_admin_hotspotuser
2024-03-15 13:58:40 | init: THotspotuserController.create()
2024-03-15 13:58:40 | init: handle request: mod=_admin_hotspotuser
2024-03-15 14:01:25 | init: TAdminController.create()
2024-03-15 14:01:25 | init: handle request: mod=_admin
2024-03-15 14:01:27 | init: THotspotuserController.create()
2024-03-15 14:01:27 | init: handle request: mod=_admin_hotspotuser
2024-03-15 14:01:38 | init: THotspotuserController.create()
2024-03-15 14:01:38 | init: handle request: mod=_admin_hotspotuser
2024-03-15 14:01:38 | init: THotspotuserController.create()
2024-03-15 14:01:38 | init: handle request: mod=_admin_hotspotuser
2024-03-15 14:02:22 | init: THotspotuserController.create()
2024-03-15 14:02:22 | init: handle request: mod=_admin_hotspotuser
2024-03-15 14:02:31 | init: THotspotuserController.create()
2024-03-15 14:02:31 | init: handle request: mod=_admin_hotspotuser
2024-03-15 14:02:32 | init: THotspotuserController.create()
2024-03-15 14:02:32 | init: handle request: mod=_admin_hotspotuser
2024-03-15 14:04:50 | init: THotspotuserController.create()
2024-03-15 14:04:50 | init: handle request: mod=_admin_hotspotuser
2024-03-15 14:05:04 | init: THotspotuserController.create()
2024-03-15 14:05:04 | init: handle request: mod=_admin_hotspotuser
2024-03-15 14:05:04 | init: THotspotuserController.create()
2024-03-15 14:05:04 | init: handle request: mod=_admin_hotspotuser
2024-03-15 14:05:29 | init: THotspotuserController.create()
2024-03-15 14:05:29 | init: handle request: mod=_admin_hotspotuser
2024-03-15 14:05:29 | init: THotspotuserController.create()
2024-03-15 14:05:29 | init: handle request: mod=_admin_hotspotuser
2024-03-15 14:05:32 | init: THotspotuserController.create()
2024-03-15 14:05:32 | init: handle request: mod=_admin_hotspotuser
2024-03-15 14:05:32 | init: THotspotuserController.create()
2024-03-15 14:05:32 | init: handle request: mod=_admin_hotspotuser
2024-03-15 14:07:48 | init: THotspotuserController.create()
2024-03-15 14:07:48 | init: handle request: mod=_admin_hotspotuser
2024-03-15 14:08:07 | init: THotspotuserController.create()
2024-03-15 14:08:07 | init: handle request: mod=_admin_hotspotuser
2024-03-15 14:08:07 | init: THotspotuserController.create()
2024-03-15 14:08:07 | init: handle request: mod=_admin_hotspotuser
2024-03-15 14:08:32 | init: THotspotuserController.create()
2024-03-15 14:08:32 | init: handle request: mod=_admin_hotspotuser
2024-03-15 14:08:32 | init: THotspotuserController.create()
2024-03-15 14:08:32 | init: handle request: mod=_admin_hotspotuser
2024-03-15 14:08:41 | init: THotspotuserController.create()
2024-03-15 14:08:41 | init: handle request: mod=_admin_hotspotuser
2024-03-15 14:08:49 | init: THotspotuserController.create()
2024-03-15 14:08:49 | init: handle request: mod=_admin_hotspotuser
2024-03-15 14:08:50 | init: THotspotuserController.create()
2024-03-15 14:08:50 | init: handle request: mod=_admin_hotspotuser
2024-03-15 14:09:19 | init: THotspotuserController.create()
2024-03-15 14:09:19 | init: handle request: mod=_admin_hotspotuser
2024-03-15 14:09:19 | init: THotspotuserController.create()
2024-03-15 14:09:19 | init: handle request: mod=_admin_hotspotuser
2024-03-15 14:09:28 | init: THotspotuserController.create()
2024-03-15 14:09:28 | init: handle request: mod=_admin_hotspotuser
2024-03-15 14:09:28 | init: THotspotuserController.create()
2024-03-15 14:09:28 | init: handle request: mod=_admin_hotspotuser
2024-03-15 14:09:39 | init: THotspotuserController.create()
2024-03-15 14:09:39 | init: handle request: mod=_admin_hotspotuser
2024-03-15 14:09:39 | init: THotspotuserController.create()
2024-03-15 14:09:39 | init: handle request: mod=_admin_hotspotuser
2024-03-15 14:10:44 | init: THotspotuserController.create()
2024-03-15 14:10:44 | init: handle request: mod=_admin_hotspotuser
2024-03-15 14:10:45 | init: THotspotuserController.create()
2024-03-15 14:10:45 | init: handle request: mod=_admin_hotspotuser
2024-03-15 14:10:59 | init: THotspotuserController.create()
2024-03-15 14:10:59 | init: handle request: mod=_admin_hotspotuser
2024-03-15 14:10:59 | init: THotspotuserController.create()
2024-03-15 14:10:59 | init: handle request: mod=_admin_hotspotuser
2024-03-15 14:12:41 | init: THotspotuserController.create()
2024-03-15 14:12:41 | init: handle request: mod=_admin_hotspotuser
2024-03-15 14:12:43 | init: THotspotuserController.create()
2024-03-15 14:12:43 | init: handle request: mod=_admin_hotspotuser
2024-03-15 14:12:50 | init: THotspotuserController.create()
2024-03-15 14:12:50 | init: handle request: mod=_admin_hotspotuser
2024-03-15 14:12:50 | init: THotspotuserController.create()
2024-03-15 14:12:50 | init: handle request: mod=_admin_hotspotuser
2024-03-15 14:13:27 | init: TAdminController.create()
2024-03-15 14:13:27 | init: handle request: mod=_admin
2024-03-15 14:13:30 | init: THotspotuserController.create()
2024-03-15 14:13:30 | init: handle request: mod=_admin_hotspotuser
2024-03-15 14:13:59 | init: THotspotuserController.create()
2024-03-15 14:13:59 | init: handle request: mod=_admin_hotspotuser
2024-03-15 14:15:01 | init: THotspotuserController.create()
2024-03-15 14:15:01 | init: handle request: mod=_admin_hotspotuser
2024-03-15 14:15:11 | init: THotspotuserController.create()
2024-03-15 14:15:11 | init: handle request: mod=_admin_hotspotuser
2024-03-15 14:15:11 | init: THotspotuserController.create()
2024-03-15 14:15:11 | init: handle request: mod=_admin_hotspotuser
2024-03-15 14:15:15 | init: THotspotuserController.create()
2024-03-15 14:15:15 | init: handle request: mod=_admin_hotspotuser
2024-03-15 14:15:16 | init: THotspotuserController.create()
2024-03-15 14:15:16 | init: handle request: mod=_admin_hotspotuser
2024-03-15 14:16:06 | init: THotspotuserController.create()
2024-03-15 14:16:06 | init: handle request: mod=_admin_hotspotuser
2024-03-15 14:16:10 | init: THotspotuserController.create()
2024-03-15 14:16:10 | init: handle request: mod=_admin_hotspotuser
2024-03-15 14:22:08 | init: THotspotuserController.create()
2024-03-15 14:22:08 | init: handle request: mod=_admin_hotspotuser
2024-03-15 14:22:46 | init: THotspotuserController.create()
2024-03-15 14:22:46 | init: handle request: mod=_admin_hotspotuser
2024-03-15 14:22:46 | init: THotspotuserController.create()
2024-03-15 14:22:46 | init: handle request: mod=_admin_hotspotuser
2024-03-15 14:22:56 | init: TAdminController.create()
2024-03-15 14:22:56 | init: handle request: mod=_admin
2024-03-15 14:23:02 | init: TAdminController.create()
2024-03-15 14:23:02 | init: handle request: mod=_admin
2024-03-15 14:23:02 | init: TAmandahotikController.create()
2024-03-15 14:23:02 | init: handle request: mod=_
2024-03-15 14:23:04 | init: TAmandahotikController.create()
2024-03-15 14:23:04 | init: handle request: mod=_
2024-03-15 14:23:04 | init: TAdminController.create()
2024-03-15 14:23:04 | init: handle request: mod=_admin
