2024-03-05 06:03:52 | init: TAmandahotikController.create()
2024-03-05 06:03:52 | init: handle request: mod=_
2024-03-05 06:06:11 | init: TAmandahotikController.create()
2024-03-05 06:06:11 | init: handle request: mod=_
2024-03-05 06:08:26 | init: TAmandahotikController.create()
2024-03-05 06:08:26 | init: handle request: mod=_
2024-03-05 06:08:36 | init: TAmandahotikController.create()
2024-03-05 06:08:36 | init: handle request: mod=_
2024-03-05 06:08:39 | init: TAmandahotikController.create()
2024-03-05 06:08:39 | init: handle request: mod=_
2024-03-05 06:14:30 | init: TAmandahotikController.create()
2024-03-05 06:14:30 | init: handle request: mod=_
2024-03-05 06:25:42 | init: TAmandahotikController.create()
2024-03-05 06:25:42 | init: handle request: mod=_
2024-03-05 06:26:12 | init: TAmandahotikController.create()
2024-03-05 06:26:12 | init: handle request: mod=_
2024-03-05 06:26:54 | init: TAmandahotikController.create()
2024-03-05 06:26:54 | init: handle request: mod=_
2024-03-05 06:27:12 | init: TAmandahotikController.create()
2024-03-05 06:27:12 | init: handle request: mod=_
2024-03-05 06:27:13 | init: TAmandahotikController.create()
2024-03-05 06:27:13 | init: handle request: mod=_
2024-03-05 06:27:22 | init: TAmandahotikController.create()
2024-03-05 06:27:22 | init: handle request: mod=_
2024-03-05 06:27:23 | init: TAmandahotikController.create()
2024-03-05 06:27:23 | init: handle request: mod=_
2024-03-05 06:27:30 | init: TAmandahotikController.create()
2024-03-05 06:27:30 | init: handle request: mod=_
2024-03-05 06:27:30 | init: TAmandahotikController.create()
2024-03-05 06:27:30 | init: handle request: mod=_
2024-03-05 06:27:31 | init: TAmandahotikController.create()
2024-03-05 06:27:31 | init: handle request: mod=_
2024-03-05 06:32:30 | init: TAmandahotikController.create()
2024-03-05 06:32:30 | init: handle request: mod=_
2024-03-05 06:33:51 | init: TAmandahotikController.create()
2024-03-05 06:33:51 | init: handle request: mod=_
2024-03-05 06:35:24 | init: TAmandahotikController.create()
2024-03-05 06:35:24 | init: handle request: mod=_
2024-03-05 06:35:27 | init: TAmandahotikController.create()
2024-03-05 06:35:27 | init: handle request: mod=_
2024-03-05 06:35:27 | init: TAmandahotikController.create()
2024-03-05 06:35:27 | init: handle request: mod=_
2024-03-05 06:35:27 | init: TAmandahotikController.create()
2024-03-05 06:35:27 | init: handle request: mod=_
2024-03-05 06:37:06 | init: TAmandahotikController.create()
2024-03-05 06:37:06 | init: handle request: mod=_
2024-03-05 06:37:07 | init: TAmandahotikController.create()
2024-03-05 06:37:07 | init: handle request: mod=_
2024-03-05 06:37:40 | init: TAmandahotikController.create()
2024-03-05 06:37:40 | init: handle request: mod=_
2024-03-05 06:37:41 | init: TAmandahotikController.create()
2024-03-05 06:37:41 | init: handle request: mod=_
2024-03-05 06:37:42 | init: TAmandahotikController.create()
2024-03-05 06:37:42 | init: handle request: mod=_
2024-03-05 06:37:52 | init: TAmandahotikController.create()
2024-03-05 06:37:52 | init: handle request: mod=_
2024-03-05 06:37:52 | init: TAmandahotikController.create()
2024-03-05 06:37:52 | init: handle request: mod=_
2024-03-05 06:38:09 | init: TAmandahotikController.create()
2024-03-05 06:38:09 | init: handle request: mod=_
2024-03-05 06:38:10 | init: TAmandahotikController.create()
2024-03-05 06:38:10 | init: handle request: mod=_
2024-03-05 06:43:47 | init: TAmandahotikController.create()
2024-03-05 06:43:47 | init: handle request: mod=_
2024-03-05 06:44:41 | init: TAmandahotikController.create()
2024-03-05 06:44:41 | init: handle request: mod=_
2024-03-05 06:45:31 | init: TAmandahotikController.create()
2024-03-05 06:45:31 | init: handle request: mod=_
2024-03-05 06:45:31 | init: TAmandahotikController.create()
2024-03-05 06:45:31 | init: handle request: mod=_
2024-03-05 06:45:32 | init: TAmandahotikController.create()
2024-03-05 06:45:32 | init: handle request: mod=_
2024-03-05 06:45:32 | init: TAmandahotikController.create()
2024-03-05 06:45:32 | init: handle request: mod=_
2024-03-05 06:45:41 | init: TAmandahotikController.create()
2024-03-05 06:45:41 | init: handle request: mod=_
2024-03-05 06:45:42 | init: TAmandahotikController.create()
2024-03-05 06:45:42 | init: handle request: mod=_
2024-03-05 06:45:42 | init: TAmandahotikController.create()
2024-03-05 06:45:42 | init: handle request: mod=_
2024-03-05 06:45:42 | init: TAmandahotikController.create()
2024-03-05 06:45:42 | init: handle request: mod=_
2024-03-05 06:45:58 | init: TAmandahotikController.create()
2024-03-05 06:45:58 | init: handle request: mod=_
2024-03-05 06:46:10 | init: TAmandahotikController.create()
2024-03-05 06:46:10 | init: handle request: mod=_
2024-03-05 06:46:11 | init: TAmandahotikController.create()
2024-03-05 06:46:11 | init: handle request: mod=_
2024-03-05 06:46:12 | init: TAmandahotikController.create()
2024-03-05 06:46:12 | init: handle request: mod=_
2024-03-05 06:46:13 | init: TAmandahotikController.create()
2024-03-05 06:46:13 | init: handle request: mod=_
2024-03-05 06:46:28 | init: TAmandahotikController.create()
2024-03-05 06:46:28 | init: handle request: mod=_
2024-03-05 06:46:29 | init: TAmandahotikController.create()
2024-03-05 06:46:29 | init: handle request: mod=_
2024-03-05 06:46:29 | init: TAmandahotikController.create()
2024-03-05 06:46:29 | init: handle request: mod=_
2024-03-05 06:46:29 | init: TAmandahotikController.create()
2024-03-05 06:46:29 | init: handle request: mod=_
2024-03-05 06:46:39 | init: TAmandahotikController.create()
2024-03-05 06:46:39 | init: handle request: mod=_
2024-03-05 06:46:41 | init: TAmandahotikController.create()
2024-03-05 06:46:41 | init: handle request: mod=_
2024-03-05 06:46:41 | init: TAmandahotikController.create()
2024-03-05 06:46:41 | init: handle request: mod=_
2024-03-05 06:46:41 | init: TAmandahotikController.create()
2024-03-05 06:46:41 | init: handle request: mod=_
2024-03-05 06:51:48 | init: TAmandahotikController.create()
2024-03-05 06:51:48 | init: handle request: mod=_
2024-03-05 06:51:49 | init: TAmandahotikController.create()
2024-03-05 06:51:49 | init: handle request: mod=_
2024-03-05 06:51:50 | init: TAmandahotikController.create()
2024-03-05 06:51:50 | init: handle request: mod=_
2024-03-05 06:52:04 | init: TAmandahotikController.create()
2024-03-05 06:52:04 | init: handle request: mod=_
2024-03-05 06:52:05 | init: TAmandahotikController.create()
2024-03-05 06:52:05 | init: handle request: mod=_
2024-03-05 06:52:05 | init: TAmandahotikController.create()
2024-03-05 06:52:05 | init: handle request: mod=_
2024-03-05 06:57:07 | init: TAmandahotikController.create()
2024-03-05 06:57:07 | init: handle request: mod=_
2024-03-05 06:57:07 | init: TAmandahotikController.create()
2024-03-05 06:57:07 | init: handle request: mod=_
2024-03-05 06:57:08 | init: TAmandahotikController.create()
2024-03-05 06:57:08 | init: handle request: mod=_
2024-03-05 06:57:08 | init: TAmandahotikController.create()
2024-03-05 06:57:08 | init: handle request: mod=_
2024-03-05 07:24:36 | init: TAmandahotikController.create()
2024-03-05 07:24:36 | init: handle request: mod=_
2024-03-05 07:26:25 | init: TAmandahotikController.create()
2024-03-05 07:26:25 | init: handle request: mod=_
2024-03-05 07:28:00 | init: TAmandahotikController.create()
2024-03-05 07:28:00 | init: handle request: mod=_
2024-03-05 07:28:01 | init: TAmandahotikController.create()
2024-03-05 07:28:01 | init: handle request: mod=_
2024-03-05 07:28:02 | init: TAmandahotikController.create()
2024-03-05 07:28:02 | init: handle request: mod=_
2024-03-05 07:28:53 | init: TAmandahotikController.create()
2024-03-05 07:28:53 | init: handle request: mod=_
2024-03-05 07:30:05 | init: TAmandahotikController.create()
2024-03-05 07:30:05 | init: handle request: mod=_
2024-03-05 07:30:23 | init: TAmandahotikController.create()
2024-03-05 07:30:23 | init: handle request: mod=_
2024-03-05 07:30:57 | init: TAmandahotikController.create()
2024-03-05 07:30:57 | init: handle request: mod=_
2024-03-05 07:30:58 | init: TAmandahotikController.create()
2024-03-05 07:30:58 | init: handle request: mod=_
2024-03-05 07:30:58 | init: TAmandahotikController.create()
2024-03-05 07:30:58 | init: handle request: mod=_
2024-03-05 07:30:58 | init: TAmandahotikController.create()
2024-03-05 07:30:58 | init: handle request: mod=_
2024-03-05 07:31:38 | init: TAmandahotikController.create()
2024-03-05 07:31:38 | init: handle request: mod=_
2024-03-05 07:31:46 | init: TAmandahotikController.create()
2024-03-05 07:31:46 | init: handle request: mod=_
2024-03-05 07:32:15 | init: TAmandahotikController.create()
2024-03-05 07:32:15 | init: handle request: mod=_
2024-03-05 07:32:16 | init: TAmandahotikController.create()
2024-03-05 07:32:16 | init: handle request: mod=_
2024-03-05 07:32:17 | init: TAmandahotikController.create()
2024-03-05 07:32:17 | init: handle request: mod=_
2024-03-05 07:32:31 | init: TAmandahotikController.create()
2024-03-05 07:32:31 | init: handle request: mod=_
2024-03-05 07:32:37 | init: TAmandahotikController.create()
2024-03-05 07:32:37 | init: handle request: mod=_
2024-03-05 07:32:38 | init: TAmandahotikController.create()
2024-03-05 07:32:38 | init: handle request: mod=_
2024-03-05 07:32:38 | init: TAmandahotikController.create()
2024-03-05 07:32:38 | init: handle request: mod=_
2024-03-05 07:32:39 | init: TAmandahotikController.create()
2024-03-05 07:32:39 | init: handle request: mod=_
2024-03-05 07:33:31 | init: TAmandahotikController.create()
2024-03-05 07:33:31 | init: handle request: mod=_
2024-03-05 07:33:32 | init: TAmandahotikController.create()
2024-03-05 07:33:32 | init: handle request: mod=_
2024-03-05 07:33:32 | init: TAmandahotikController.create()
2024-03-05 07:33:32 | init: handle request: mod=_
2024-03-05 07:34:18 | init: TAmandahotikController.create()
2024-03-05 07:34:18 | init: handle request: mod=_
2024-03-05 07:34:48 | init: TAmandahotikController.create()
2024-03-05 07:34:48 | init: handle request: mod=_
2024-03-05 07:34:49 | init: TAmandahotikController.create()
2024-03-05 07:34:49 | init: handle request: mod=_
2024-03-05 07:34:49 | init: TAmandahotikController.create()
2024-03-05 07:34:49 | init: handle request: mod=_
2024-03-05 07:36:06 | init: TAmandahotikController.create()
2024-03-05 07:36:06 | init: handle request: mod=_
2024-03-05 07:36:07 | init: TAmandahotikController.create()
2024-03-05 07:36:07 | init: handle request: mod=_
2024-03-05 07:36:08 | init: TAmandahotikController.create()
2024-03-05 07:36:08 | init: handle request: mod=_
2024-03-05 07:36:08 | init: TAmandahotikController.create()
2024-03-05 07:36:08 | init: handle request: mod=_
2024-03-05 07:36:09 | init: TAmandahotikController.create()
2024-03-05 07:36:09 | init: handle request: mod=_
2024-03-05 07:36:30 | init: TAmandahotikController.create()
2024-03-05 07:36:30 | init: handle request: mod=_
2024-03-05 07:36:31 | init: TAmandahotikController.create()
2024-03-05 07:36:31 | init: handle request: mod=_
2024-03-05 07:37:00 | init: TAmandahotikController.create()
2024-03-05 07:37:00 | init: handle request: mod=_
2024-03-05 07:37:33 | init: TAmandahotikController.create()
2024-03-05 07:37:33 | init: handle request: mod=_
2024-03-05 07:37:34 | init: TAmandahotikController.create()
2024-03-05 07:37:34 | init: handle request: mod=_
2024-03-05 07:38:07 | init: TAmandahotikController.create()
2024-03-05 07:38:07 | init: handle request: mod=_
2024-03-05 07:38:08 | init: TAmandahotikController.create()
2024-03-05 07:38:08 | init: handle request: mod=_
2024-03-05 07:38:09 | init: TAmandahotikController.create()
2024-03-05 07:38:09 | init: handle request: mod=_
2024-03-05 07:38:32 | init: TAmandahotikController.create()
2024-03-05 07:38:32 | init: handle request: mod=_
2024-03-05 07:38:33 | init: TAmandahotikController.create()
2024-03-05 07:38:33 | init: handle request: mod=_
2024-03-05 07:38:33 | init: TAmandahotikController.create()
2024-03-05 07:38:33 | init: handle request: mod=_
2024-03-05 07:39:08 | init: TAmandahotikController.create()
2024-03-05 07:39:08 | init: handle request: mod=_
2024-03-05 07:40:00 | init: TAmandahotikController.create()
2024-03-05 07:40:00 | init: handle request: mod=_
2024-03-05 07:40:01 | init: TAmandahotikController.create()
2024-03-05 07:40:01 | init: handle request: mod=_
2024-03-05 07:40:01 | init: TAmandahotikController.create()
2024-03-05 07:40:01 | init: handle request: mod=_
2024-03-05 07:40:24 | init: TAmandahotikController.create()
2024-03-05 07:40:24 | init: handle request: mod=_
2024-03-05 07:41:39 | init: TAmandahotikController.create()
2024-03-05 07:41:39 | init: handle request: mod=_
2024-03-05 07:41:40 | init: TAmandahotikController.create()
2024-03-05 07:41:40 | init: handle request: mod=_
2024-03-05 07:41:56 | init: TAmandahotikController.create()
2024-03-05 07:41:56 | init: handle request: mod=_
2024-03-05 07:42:17 | init: TAmandahotikController.create()
2024-03-05 07:42:17 | init: handle request: mod=_
2024-03-05 07:42:18 | init: TAmandahotikController.create()
2024-03-05 07:42:18 | init: handle request: mod=_
2024-03-05 07:42:19 | init: TAmandahotikController.create()
2024-03-05 07:42:19 | init: handle request: mod=_
2024-03-05 07:42:56 | init: TAmandahotikController.create()
2024-03-05 07:42:56 | init: handle request: mod=_
2024-03-05 07:43:35 | init: TAmandahotikController.create()
2024-03-05 07:43:35 | init: handle request: mod=_
2024-03-05 07:43:36 | init: TAmandahotikController.create()
2024-03-05 07:43:36 | init: handle request: mod=_
2024-03-05 07:43:36 | init: TAmandahotikController.create()
2024-03-05 07:43:36 | init: handle request: mod=_
2024-03-05 07:43:36 | init: TAmandahotikController.create()
2024-03-05 07:43:36 | init: handle request: mod=_
2024-03-05 07:44:12 | init: TAmandahotikController.create()
2024-03-05 07:44:12 | init: handle request: mod=_
2024-03-05 07:44:14 | init: TAmandahotikController.create()
2024-03-05 07:44:14 | init: handle request: mod=_
2024-03-05 07:44:14 | init: TAmandahotikController.create()
2024-03-05 07:44:14 | init: handle request: mod=_
2024-03-05 07:44:38 | init: TAmandahotikController.create()
2024-03-05 07:44:38 | init: handle request: mod=_
2024-03-05 07:45:15 | init: TAmandahotikController.create()
2024-03-05 07:45:15 | init: handle request: mod=_
2024-03-05 07:45:31 | init: TAmandahotikController.create()
2024-03-05 07:45:31 | init: handle request: mod=_
2024-03-05 07:46:12 | init: TAmandahotikController.create()
2024-03-05 07:46:12 | init: handle request: mod=_
2024-03-05 07:46:16 | init: TAmandahotikController.create()
2024-03-05 07:46:16 | init: handle request: mod=_
2024-03-05 07:46:48 | init: TAmandahotikController.create()
2024-03-05 07:46:48 | init: handle request: mod=_
2024-03-05 07:47:08 | init: TAmandahotikController.create()
2024-03-05 07:47:08 | init: handle request: mod=_
2024-03-05 07:47:09 | init: TAmandahotikController.create()
2024-03-05 07:47:09 | init: handle request: mod=_
2024-03-05 07:47:10 | init: TAmandahotikController.create()
2024-03-05 07:47:10 | init: handle request: mod=_
2024-03-05 07:47:10 | init: TAmandahotikController.create()
2024-03-05 07:47:10 | init: handle request: mod=_
2024-03-05 07:47:11 | init: TAmandahotikController.create()
2024-03-05 07:47:11 | init: handle request: mod=_
2024-03-05 07:47:11 | init: TAmandahotikController.create()
2024-03-05 07:47:11 | init: handle request: mod=_
2024-03-05 07:47:11 | init: TAmandahotikController.create()
2024-03-05 07:47:11 | init: handle request: mod=_
2024-03-05 07:47:15 | init: TAmandahotikController.create()
2024-03-05 07:47:15 | init: handle request: mod=_
2024-03-05 07:47:15 | init: TAmandahotikController.create()
2024-03-05 07:47:15 | init: handle request: mod=_
2024-03-05 07:47:33 | init: TAmandahotikController.create()
2024-03-05 07:47:33 | init: handle request: mod=_
2024-03-05 07:47:35 | init: TAmandahotikController.create()
2024-03-05 07:47:35 | init: handle request: mod=_
2024-03-05 07:48:04 | init: TAmandahotikController.create()
2024-03-05 07:48:04 | init: handle request: mod=_
2024-03-05 07:48:06 | init: TAmandahotikController.create()
2024-03-05 07:48:06 | init: handle request: mod=_
2024-03-05 07:49:03 | init: TAmandahotikController.create()
2024-03-05 07:49:03 | init: handle request: mod=_
2024-03-05 07:49:04 | init: TAmandahotikController.create()
2024-03-05 07:49:04 | init: handle request: mod=_
2024-03-05 07:49:04 | init: TAmandahotikController.create()
2024-03-05 07:49:04 | init: handle request: mod=_
2024-03-05 07:52:16 | init: TAmandahotikController.create()
2024-03-05 07:52:16 | init: handle request: mod=_
2024-03-05 07:52:16 | init: TAmandahotikController.create()
2024-03-05 07:52:16 | init: handle request: mod=_
2024-03-05 07:52:16 | init: TAmandahotikController.create()
2024-03-05 07:52:16 | init: handle request: mod=_
2024-03-05 07:52:17 | init: TAmandahotikController.create()
2024-03-05 07:52:17 | init: handle request: mod=_
2024-03-05 07:53:01 | init: TAmandahotikController.create()
2024-03-05 07:53:01 | init: handle request: mod=_
2024-03-05 07:53:02 | init: TAmandahotikController.create()
2024-03-05 07:53:02 | init: handle request: mod=_
2024-03-05 07:53:02 | init: TAmandahotikController.create()
2024-03-05 07:53:02 | init: handle request: mod=_
2024-03-05 07:54:32 | init: TAmandahotikController.create()
2024-03-05 07:54:32 | init: handle request: mod=_
2024-03-05 07:56:13 | init: TAmandahotikController.create()
2024-03-05 07:56:13 | init: handle request: mod=_
2024-03-05 07:56:14 | init: TAmandahotikController.create()
2024-03-05 07:56:14 | init: handle request: mod=_
2024-03-05 07:58:51 | init: TAmandahotikController.create()
2024-03-05 07:58:51 | init: handle request: mod=_
2024-03-05 07:58:51 | init: TAmandahotikController.create()
2024-03-05 07:58:51 | init: handle request: mod=_
2024-03-05 07:58:51 | init: TAmandahotikController.create()
2024-03-05 07:58:51 | init: handle request: mod=_
2024-03-05 07:58:52 | init: TAmandahotikController.create()
2024-03-05 07:58:52 | init: handle request: mod=_
2024-03-05 07:58:53 | init: TAmandahotikController.create()
2024-03-05 07:58:53 | init: handle request: mod=_
2024-03-05 07:58:53 | init: TAmandahotikController.create()
2024-03-05 07:58:53 | init: handle request: mod=_
2024-03-05 08:00:38 | init: TAmandahotikController.create()
2024-03-05 08:00:38 | init: handle request: mod=_
2024-03-05 08:00:40 | init: TAmandahotikController.create()
2024-03-05 08:00:40 | init: handle request: mod=_
2024-03-05 08:00:41 | init: TAmandahotikController.create()
2024-03-05 08:00:41 | init: handle request: mod=_
2024-03-05 08:00:41 | init: TAmandahotikController.create()
2024-03-05 08:00:41 | init: handle request: mod=_
2024-03-05 08:01:42 | init: TAmandahotikController.create()
2024-03-05 08:01:42 | init: handle request: mod=_
2024-03-05 08:01:42 | init: TAmandahotikController.create()
2024-03-05 08:01:42 | init: handle request: mod=_
2024-03-05 08:01:43 | init: TAmandahotikController.create()
2024-03-05 08:01:43 | init: handle request: mod=_
2024-03-05 08:01:56 | init: TAmandahotikController.create()
2024-03-05 08:01:56 | init: handle request: mod=_
2024-03-05 08:01:57 | init: TAmandahotikController.create()
2024-03-05 08:01:57 | init: handle request: mod=_
2024-03-05 08:02:14 | init: TAmandahotikController.create()
2024-03-05 08:02:14 | init: handle request: mod=_
2024-03-05 08:02:15 | init: TAmandahotikController.create()
2024-03-05 08:02:15 | init: handle request: mod=_
2024-03-05 08:02:31 | init: TAmandahotikController.create()
2024-03-05 08:02:31 | init: handle request: mod=_
2024-03-05 08:02:32 | init: TAmandahotikController.create()
2024-03-05 08:02:32 | init: handle request: mod=_
2024-03-05 08:02:32 | init: TAmandahotikController.create()
2024-03-05 08:02:32 | init: handle request: mod=_
2024-03-05 08:02:44 | init: TAmandahotikController.create()
2024-03-05 08:02:44 | init: handle request: mod=_
2024-03-05 08:02:45 | init: TAmandahotikController.create()
2024-03-05 08:02:45 | init: handle request: mod=_
2024-03-05 08:03:11 | init: TAmandahotikController.create()
2024-03-05 08:03:11 | init: handle request: mod=_
2024-03-05 08:03:19 | init: TAmandahotikController.create()
2024-03-05 08:03:19 | init: handle request: mod=_
2024-03-05 08:04:05 | init: TAmandahotikController.create()
2024-03-05 08:04:05 | init: handle request: mod=_
2024-03-05 08:04:39 | init: TAmandahotikController.create()
2024-03-05 08:04:39 | init: handle request: mod=_
2024-03-05 08:05:50 | init: TAmandahotikController.create()
2024-03-05 08:05:50 | init: handle request: mod=_
2024-03-05 08:05:51 | init: TAmandahotikController.create()
2024-03-05 08:05:51 | init: handle request: mod=_
2024-03-05 08:06:20 | init: TAmandahotikController.create()
2024-03-05 08:06:20 | init: handle request: mod=_
2024-03-05 08:06:47 | init: TAmandahotikController.create()
2024-03-05 08:06:47 | init: handle request: mod=_
2024-03-05 08:06:48 | init: TAmandahotikController.create()
2024-03-05 08:06:48 | init: handle request: mod=_
2024-03-05 08:07:22 | init: TAmandahotikController.create()
2024-03-05 08:07:22 | init: handle request: mod=_
2024-03-05 08:07:23 | init: TAmandahotikController.create()
2024-03-05 08:07:23 | init: handle request: mod=_
2024-03-05 08:09:22 | init: TAmandahotikController.create()
2024-03-05 08:09:22 | init: handle request: mod=_
2024-03-05 08:09:57 | init: TAmandahotikController.create()
2024-03-05 08:09:57 | init: handle request: mod=_
2024-03-05 08:09:58 | init: TAmandahotikController.create()
2024-03-05 08:09:58 | init: handle request: mod=_
2024-03-05 08:10:11 | init: TAmandahotikController.create()
2024-03-05 08:10:11 | init: handle request: mod=_
2024-03-05 08:12:00 | init: TAmandahotikController.create()
2024-03-05 08:12:00 | init: handle request: mod=_
2024-03-05 08:12:01 | init: TAmandahotikController.create()
2024-03-05 08:12:01 | init: handle request: mod=_
2024-03-05 08:12:01 | init: TAmandahotikController.create()
2024-03-05 08:12:01 | init: handle request: mod=_
2024-03-05 08:12:02 | init: TAmandahotikController.create()
2024-03-05 08:12:02 | init: handle request: mod=_
2024-03-05 08:12:02 | init: TAmandahotikController.create()
2024-03-05 08:12:02 | init: handle request: mod=_
2024-03-05 08:12:03 | init: TAmandahotikController.create()
2024-03-05 08:12:03 | init: handle request: mod=_
2024-03-05 08:12:44 | init: TAmandahotikController.create()
2024-03-05 08:12:44 | init: handle request: mod=_
2024-03-05 08:12:45 | init: TAmandahotikController.create()
2024-03-05 08:12:45 | init: handle request: mod=_
2024-03-05 08:13:01 | init: TAmandahotikController.create()
2024-03-05 08:13:01 | init: handle request: mod=_
2024-03-05 08:13:02 | init: TAmandahotikController.create()
2024-03-05 08:13:02 | init: handle request: mod=_
2024-03-05 08:13:03 | init: TAmandahotikController.create()
2024-03-05 08:13:03 | init: handle request: mod=_
2024-03-05 08:15:11 | init: TAmandahotikController.create()
2024-03-05 08:15:11 | init: handle request: mod=_
2024-03-05 08:15:12 | init: TAmandahotikController.create()
2024-03-05 08:15:12 | init: handle request: mod=_
2024-03-05 08:15:12 | init: TAmandahotikController.create()
2024-03-05 08:15:12 | init: handle request: mod=_
2024-03-05 08:15:12 | init: TAmandahotikController.create()
2024-03-05 08:15:12 | init: handle request: mod=_
2024-03-05 08:41:41 | init: TAmandahotikController.create()
2024-03-05 08:41:41 | init: handle request: mod=_
2024-03-05 08:42:49 | init: TAmandahotikController.create()
2024-03-05 08:42:49 | init: handle request: mod=_
2024-03-05 08:43:16 | init: TAmandahotikController.create()
2024-03-05 08:43:16 | init: handle request: mod=_
2024-03-05 08:43:17 | init: TAmandahotikController.create()
2024-03-05 08:43:17 | init: handle request: mod=_
2024-03-05 08:43:18 | init: TAmandahotikController.create()
2024-03-05 08:43:18 | init: handle request: mod=_
2024-03-05 08:43:18 | init: TAmandahotikController.create()
2024-03-05 08:43:18 | init: handle request: mod=_
2024-03-05 08:43:21 | init: TAmandahotikController.create()
2024-03-05 08:43:21 | init: handle request: mod=_
2024-03-05 08:43:21 | init: TAmandahotikController.create()
2024-03-05 08:43:21 | init: handle request: mod=_
2024-03-05 08:44:21 | init: TAmandahotikController.create()
2024-03-05 08:44:21 | init: handle request: mod=_
2024-03-05 08:44:22 | init: TAmandahotikController.create()
2024-03-05 08:44:22 | init: handle request: mod=_
2024-03-05 08:44:22 | init: TAmandahotikController.create()
2024-03-05 08:44:22 | init: handle request: mod=_
2024-03-05 08:44:22 | init: TAmandahotikController.create()
2024-03-05 08:44:22 | init: handle request: mod=_
2024-03-05 08:44:23 | init: TAmandahotikController.create()
2024-03-05 08:44:23 | init: handle request: mod=_
2024-03-05 08:44:23 | init: TAmandahotikController.create()
2024-03-05 08:44:23 | init: handle request: mod=_
2024-03-05 08:44:23 | init: TAmandahotikController.create()
2024-03-05 08:44:23 | init: handle request: mod=_
2024-03-05 08:44:23 | init: TAmandahotikController.create()
2024-03-05 08:44:23 | init: handle request: mod=_
2024-03-05 08:44:24 | init: TAmandahotikController.create()
2024-03-05 08:44:24 | init: handle request: mod=_
2024-03-05 08:44:24 | init: TAmandahotikController.create()
2024-03-05 08:44:24 | init: handle request: mod=_
2024-03-05 08:44:24 | init: TAmandahotikController.create()
2024-03-05 08:44:24 | init: handle request: mod=_
2024-03-05 08:44:25 | init: TAmandahotikController.create()
2024-03-05 08:44:25 | init: handle request: mod=_
2024-03-05 08:44:25 | init: TAmandahotikController.create()
2024-03-05 08:44:25 | init: handle request: mod=_
2024-03-05 08:44:25 | init: TAmandahotikController.create()
2024-03-05 08:44:25 | init: handle request: mod=_
2024-03-05 08:44:26 | init: TAmandahotikController.create()
2024-03-05 08:44:26 | init: handle request: mod=_
2024-03-05 08:44:26 | init: TAmandahotikController.create()
2024-03-05 08:44:26 | init: handle request: mod=_
2024-03-05 08:44:26 | init: TAmandahotikController.create()
2024-03-05 08:44:26 | init: handle request: mod=_
2024-03-05 08:44:58 | init: TAmandahotikController.create()
2024-03-05 08:44:58 | init: handle request: mod=_
2024-03-05 08:44:59 | init: TAmandahotikController.create()
2024-03-05 08:44:59 | init: handle request: mod=_
2024-03-05 08:44:59 | init: TAmandahotikController.create()
2024-03-05 08:44:59 | init: handle request: mod=_
2024-03-05 08:45:43 | init: TAmandahotikController.create()
2024-03-05 08:45:43 | init: handle request: mod=_
2024-03-05 08:45:44 | init: TAmandahotikController.create()
2024-03-05 08:45:44 | init: handle request: mod=_
2024-03-05 08:45:44 | init: TAmandahotikController.create()
2024-03-05 08:45:44 | init: handle request: mod=_
2024-03-05 09:16:59 | init: TAmandahotikController.create()
2024-03-05 09:16:59 | init: handle request: mod=_
2024-03-05 09:17:38 | init: TAmandahotikController.create()
2024-03-05 09:17:38 | init: handle request: mod=_
2024-03-05 09:17:39 | init: TAmandahotikController.create()
2024-03-05 09:17:39 | init: handle request: mod=_
2024-03-05 09:17:40 | init: TAmandahotikController.create()
2024-03-05 09:17:40 | init: handle request: mod=_
2024-03-05 09:18:47 | init: TAmandahotikController.create()
2024-03-05 09:18:47 | init: handle request: mod=_
2024-03-05 09:18:48 | init: TAmandahotikController.create()
2024-03-05 09:18:48 | init: handle request: mod=_
2024-03-05 09:19:16 | init: TAmandahotikController.create()
2024-03-05 09:19:16 | init: handle request: mod=_
2024-03-05 09:22:41 | init: TAmandahotikController.create()
2024-03-05 09:22:41 | init: handle request: mod=_
2024-03-05 09:22:42 | init: TAmandahotikController.create()
2024-03-05 09:22:42 | init: handle request: mod=_
2024-03-05 09:22:42 | init: TAmandahotikController.create()
2024-03-05 09:22:42 | init: handle request: mod=_
2024-03-05 09:23:53 | init: TAmandahotikController.create()
2024-03-05 09:23:53 | init: handle request: mod=_
2024-03-05 09:57:29 | init: TAmandahotikController.create()
2024-03-05 09:57:29 | init: handle request: mod=_
2024-03-05 09:57:30 | init: TAmandahotikController.create()
2024-03-05 09:57:30 | init: handle request: mod=_
2024-03-05 09:57:30 | init: TAmandahotikController.create()
2024-03-05 09:57:30 | init: handle request: mod=_
2024-03-05 09:57:30 | init: TAmandahotikController.create()
2024-03-05 09:57:30 | init: handle request: mod=_
2024-03-05 09:58:31 | init: TAmandahotikController.create()
2024-03-05 09:58:31 | init: handle request: mod=_
2024-03-05 09:58:32 | init: TAmandahotikController.create()
2024-03-05 09:58:32 | init: handle request: mod=_
2024-03-05 09:58:32 | init: TAmandahotikController.create()
2024-03-05 09:58:32 | init: handle request: mod=_
2024-03-05 09:58:32 | init: TAmandahotikController.create()
2024-03-05 09:58:32 | init: handle request: mod=_
2024-03-05 09:58:33 | init: TAmandahotikController.create()
2024-03-05 09:58:33 | init: handle request: mod=_
2024-03-05 09:58:33 | init: TAmandahotikController.create()
2024-03-05 09:58:33 | init: handle request: mod=_
2024-03-05 09:58:34 | init: TAmandahotikController.create()
2024-03-05 09:58:34 | init: handle request: mod=_
2024-03-05 10:00:08 | init: TAmandahotikController.create()
2024-03-05 10:00:08 | init: handle request: mod=_
2024-03-05 10:00:09 | init: TAmandahotikController.create()
2024-03-05 10:00:09 | init: handle request: mod=_
2024-03-05 10:00:09 | init: TAmandahotikController.create()
2024-03-05 10:00:09 | init: handle request: mod=_
2024-03-05 10:00:10 | init: TAmandahotikController.create()
2024-03-05 10:00:10 | init: handle request: mod=_
2024-03-05 10:00:31 | init: TAmandahotikController.create()
2024-03-05 10:00:31 | init: handle request: mod=_
2024-03-05 10:00:32 | init: TAmandahotikController.create()
2024-03-05 10:00:32 | init: handle request: mod=_
2024-03-05 10:00:32 | init: TAmandahotikController.create()
2024-03-05 10:00:32 | init: handle request: mod=_
2024-03-05 10:00:33 | init: TAmandahotikController.create()
2024-03-05 10:00:33 | init: handle request: mod=_
2024-03-05 10:01:04 | init: TAmandahotikController.create()
2024-03-05 10:01:04 | init: handle request: mod=_
2024-03-05 10:01:05 | init: TAmandahotikController.create()
2024-03-05 10:01:05 | init: handle request: mod=_
2024-03-05 10:01:05 | init: TAmandahotikController.create()
2024-03-05 10:01:05 | init: handle request: mod=_
2024-03-05 10:01:52 | init: TAmandahotikController.create()
2024-03-05 10:01:52 | init: handle request: mod=_
2024-03-05 10:01:54 | init: TAmandahotikController.create()
2024-03-05 10:01:54 | init: handle request: mod=_
2024-03-05 10:06:06 | exception: TCGIApplication: No REQUEST_METHOD passed from server.
2024-03-05 18:58:57 | init: TAmandahotikController.create()
2024-03-05 18:58:57 | init: handle request: mod=_
2024-03-05 18:59:51 | init: TAmandahotikController.create()
2024-03-05 18:59:51 | init: handle request: mod=_
2024-03-05 19:01:20 | init: TAmandahotikController.create()
2024-03-05 19:01:20 | init: handle request: mod=_
2024-03-05 19:01:21 | init: TAmandahotikController.create()
2024-03-05 19:01:21 | init: handle request: mod=_
2024-03-05 19:02:09 | init: TAmandahotikController.create()
2024-03-05 19:02:09 | init: handle request: mod=_
2024-03-05 19:02:10 | init: TAmandahotikController.create()
2024-03-05 19:02:10 | init: handle request: mod=_
2024-03-05 19:02:10 | init: TAmandahotikController.create()
2024-03-05 19:02:10 | init: handle request: mod=_
2024-03-05 19:16:21 | init: TAmandahotikController.create()
2024-03-05 19:16:21 | init: handle request: mod=_
2024-03-05 19:16:22 | init: TAmandahotikController.create()
2024-03-05 19:16:22 | init: handle request: mod=_
2024-03-05 19:17:31 | init: TAmandahotikController.create()
2024-03-05 19:17:31 | init: handle request: mod=_
2024-03-05 19:17:32 | init: TAmandahotikController.create()
2024-03-05 19:17:32 | init: handle request: mod=_
2024-03-05 19:17:33 | init: TAmandahotikController.create()
2024-03-05 19:17:33 | init: handle request: mod=_
2024-03-05 19:17:34 | init: TAmandahotikController.create()
2024-03-05 19:17:34 | init: handle request: mod=_
2024-03-05 19:18:40 | init: TAmandahotikController.create()
2024-03-05 19:18:40 | init: handle request: mod=_
2024-03-05 19:18:41 | init: TAmandahotikController.create()
2024-03-05 19:18:41 | init: handle request: mod=_
2024-03-05 19:18:41 | init: TAmandahotikController.create()
2024-03-05 19:18:41 | init: handle request: mod=_
2024-03-05 19:25:52 | init: TAmandahotikController.create()
2024-03-05 19:25:52 | init: handle request: mod=_
2024-03-05 19:25:58 | init: TAmandahotikController.create()
2024-03-05 19:25:58 | init: handle request: mod=_
2024-03-05 19:26:30 | init: TAmandahotikController.create()
2024-03-05 19:26:30 | init: handle request: mod=_
2024-03-05 19:26:35 | init: TAmandahotikController.create()
2024-03-05 19:26:35 | init: handle request: mod=_
2024-03-05 19:34:40 | init: TAmandahotikController.create()
2024-03-05 19:34:40 | init: handle request: mod=_
2024-03-05 19:34:51 | init: TAmandahotikController.create()
2024-03-05 19:34:51 | init: handle request: mod=_
2024-03-05 19:35:37 | init: TAmandahotikController.create()
2024-03-05 19:35:37 | init: handle request: mod=_
2024-03-05 19:35:38 | init: TAdminController.create()
2024-03-05 19:35:38 | init: handle request: mod=_admin
2024-03-05 19:35:38 | init: TAmandahotikController.create()
2024-03-05 19:35:38 | init: handle request: mod=_
2024-03-05 19:35:38 | init: TAmandahotikController.create()
2024-03-05 19:35:38 | init: handle request: mod=_
2024-03-05 19:35:38 | init: TAmandahotikController.create()
2024-03-05 19:35:38 | init: handle request: mod=_
2024-03-05 19:35:38 | init: TAmandahotikController.create()
2024-03-05 19:35:38 | init: handle request: mod=_
2024-03-05 19:35:38 | init: TAmandahotikController.create()
2024-03-05 19:35:38 | init: handle request: mod=_
2024-03-05 19:35:42 | init: TAdminController.create()
2024-03-05 19:35:42 | init: handle request: mod=_admin
2024-03-05 19:35:43 | init: TAmandahotikController.create()
2024-03-05 19:35:43 | init: handle request: mod=_
2024-03-05 19:35:43 | init: TAmandahotikController.create()
2024-03-05 19:35:43 | init: handle request: mod=_
2024-03-05 19:35:43 | init: TAmandahotikController.create()
2024-03-05 19:35:43 | init: handle request: mod=_
2024-03-05 19:35:43 | init: TAmandahotikController.create()
2024-03-05 19:35:43 | init: handle request: mod=_
2024-03-05 19:35:43 | init: TAmandahotikController.create()
2024-03-05 19:35:43 | init: handle request: mod=_
2024-03-05 19:36:37 | init: TAmandahotikController.create()
2024-03-05 19:36:37 | init: handle request: mod=_
2024-03-05 19:37:22 | init: TAdminController.create()
2024-03-05 19:37:22 | init: handle request: mod=_admin
2024-03-05 19:37:22 | init: TAmandahotikController.create()
2024-03-05 19:37:22 | init: handle request: mod=_
2024-03-05 19:37:22 | init: TAmandahotikController.create()
2024-03-05 19:37:22 | init: handle request: mod=_
2024-03-05 19:37:22 | init: TAmandahotikController.create()
2024-03-05 19:37:22 | init: handle request: mod=_
2024-03-05 19:37:22 | init: TAmandahotikController.create()
2024-03-05 19:37:22 | init: handle request: mod=_
2024-03-05 19:37:22 | init: TAmandahotikController.create()
2024-03-05 19:37:22 | init: handle request: mod=_
2024-03-05 19:37:32 | init: TAdminController.create()
2024-03-05 19:37:32 | init: handle request: mod=_admin
2024-03-05 19:37:32 | init: TAmandahotikController.create()
2024-03-05 19:37:32 | init: handle request: mod=_
2024-03-05 19:37:37 | init: TAdminController.create()
2024-03-05 19:37:37 | init: handle request: mod=_admin
2024-03-05 19:37:38 | init: TAmandahotikController.create()
2024-03-05 19:37:38 | init: handle request: mod=_
2024-03-05 19:37:44 | init: TAmandahotikController.create()
2024-03-05 19:37:44 | init: handle request: mod=_
2024-03-05 19:37:44 | init: TAdminController.create()
2024-03-05 19:37:44 | init: handle request: mod=_admin
2024-03-05 19:37:44 | init: TAmandahotikController.create()
2024-03-05 19:37:44 | init: handle request: mod=_
2024-03-05 19:37:44 | init: TAmandahotikController.create()
2024-03-05 19:37:44 | init: handle request: mod=_
2024-03-05 19:37:44 | init: TAmandahotikController.create()
2024-03-05 19:37:44 | init: handle request: mod=_
2024-03-05 19:37:44 | init: TAmandahotikController.create()
2024-03-05 19:37:44 | init: handle request: mod=_
2024-03-05 19:37:44 | init: TAmandahotikController.create()
2024-03-05 19:37:44 | init: handle request: mod=_
2024-03-05 19:39:44 | init: TAdminController.create()
2024-03-05 19:39:44 | init: handle request: mod=_admin
2024-03-05 19:39:44 | init: TAmandahotikController.create()
2024-03-05 19:39:44 | init: handle request: mod=_
2024-03-05 19:39:44 | init: TAmandahotikController.create()
2024-03-05 19:39:44 | init: handle request: mod=_
2024-03-05 19:39:44 | init: TAmandahotikController.create()
2024-03-05 19:39:44 | init: handle request: mod=_
2024-03-05 19:39:44 | init: TAmandahotikController.create()
2024-03-05 19:39:44 | init: handle request: mod=_
2024-03-05 19:39:44 | init: TAmandahotikController.create()
2024-03-05 19:39:44 | init: handle request: mod=_
2024-03-05 19:43:43 | init: TAdminController.create()
2024-03-05 19:43:43 | init: handle request: mod=_admin
2024-03-05 19:43:43 | init: TAmandahotikController.create()
2024-03-05 19:43:43 | init: handle request: mod=_
2024-03-05 19:43:43 | init: TAmandahotikController.create()
2024-03-05 19:43:43 | init: handle request: mod=_
2024-03-05 19:43:43 | init: TAmandahotikController.create()
2024-03-05 19:43:43 | init: handle request: mod=_
2024-03-05 19:43:43 | init: TAmandahotikController.create()
2024-03-05 19:43:43 | init: handle request: mod=_
2024-03-05 19:43:43 | init: TAmandahotikController.create()
2024-03-05 19:43:43 | init: handle request: mod=_
2024-03-05 19:43:47 | init: TIfaceController.create()
2024-03-05 19:43:47 | init: handle request: mod=_admin_iface
2024-03-05 19:43:47 | init: TAdminController.create()
2024-03-05 19:43:47 | init: handle request: mod=_admin
2024-03-05 19:43:47 | init: TAdminController.create()
2024-03-05 19:43:47 | init: handle request: mod=_admin
2024-03-05 19:43:47 | init: TAdminController.create()
2024-03-05 19:43:47 | init: handle request: mod=_admin
2024-03-05 19:43:47 | init: TAdminController.create()
2024-03-05 19:43:47 | init: handle request: mod=_admin
2024-03-05 19:45:02 | init: TIfaceController.create()
2024-03-05 19:45:02 | init: handle request: mod=_admin_iface
2024-03-05 19:45:03 | init: TAdminController.create()
2024-03-05 19:45:03 | init: handle request: mod=_admin
2024-03-05 19:45:03 | init: TAdminController.create()
2024-03-05 19:45:03 | init: handle request: mod=_admin
2024-03-05 19:45:03 | init: TAdminController.create()
2024-03-05 19:45:03 | init: handle request: mod=_admin
2024-03-05 19:45:03 | init: TAdminController.create()
2024-03-05 19:45:03 | init: handle request: mod=_admin
2024-03-05 19:45:03 | init: TAdminController.create()
2024-03-05 19:45:03 | init: handle request: mod=_admin
2024-03-05 19:45:03 | init: TAdminController.create()
2024-03-05 19:45:03 | init: handle request: mod=_admin
2024-03-05 19:45:03 | init: TAdminController.create()
2024-03-05 19:45:03 | init: handle request: mod=_admin
2024-03-05 19:45:03 | init: TAdminController.create()
2024-03-05 19:45:03 | init: handle request: mod=_admin
2024-03-05 19:45:03 | init: TAdminController.create()
2024-03-05 19:45:03 | init: handle request: mod=_admin
2024-03-05 19:45:03 | init: TAdminController.create()
2024-03-05 19:45:03 | init: handle request: mod=_admin
2024-03-05 19:45:03 | init: TAdminController.create()
2024-03-05 19:45:03 | init: handle request: mod=_admin
2024-03-05 19:45:03 | init: TIfaceController.create()
2024-03-05 19:45:03 | init: handle request: mod=_admin_iface
2024-03-05 19:45:04 | init: TAdminController.create()
2024-03-05 19:45:04 | init: handle request: mod=_admin
2024-03-05 19:45:04 | init: TAdminController.create()
2024-03-05 19:45:04 | init: handle request: mod=_admin
2024-03-05 19:45:04 | init: TAdminController.create()
2024-03-05 19:45:04 | init: handle request: mod=_admin
2024-03-05 19:45:04 | init: TAdminController.create()
2024-03-05 19:45:04 | init: handle request: mod=_admin
2024-03-05 19:45:04 | init: TAdminController.create()
2024-03-05 19:45:04 | init: handle request: mod=_admin
2024-03-05 19:45:04 | init: TAdminController.create()
2024-03-05 19:45:04 | init: handle request: mod=_admin
2024-03-05 19:45:04 | init: TAdminController.create()
2024-03-05 19:45:04 | init: handle request: mod=_admin
2024-03-05 19:45:04 | init: TAdminController.create()
2024-03-05 19:45:04 | init: handle request: mod=_admin
2024-03-05 19:45:04 | init: TAdminController.create()
2024-03-05 19:45:04 | init: handle request: mod=_admin
2024-03-05 19:45:04 | init: TAdminController.create()
2024-03-05 19:45:04 | init: handle request: mod=_admin
2024-03-05 19:45:04 | init: TAdminController.create()
2024-03-05 19:45:04 | init: handle request: mod=_admin
2024-03-05 19:45:09 | init: TIfaceController.create()
2024-03-05 19:45:09 | init: handle request: mod=_admin_iface
2024-03-05 19:45:09 | init: TAdminController.create()
2024-03-05 19:45:09 | init: handle request: mod=_admin
2024-03-05 19:45:09 | init: TAdminController.create()
2024-03-05 19:45:09 | init: handle request: mod=_admin
2024-03-05 19:45:09 | init: TAdminController.create()
2024-03-05 19:45:09 | init: handle request: mod=_admin
2024-03-05 19:45:09 | init: TAdminController.create()
2024-03-05 19:45:09 | init: handle request: mod=_admin
2024-03-05 19:45:09 | init: TAdminController.create()
2024-03-05 19:45:09 | init: handle request: mod=_admin
2024-03-05 19:45:09 | init: TAdminController.create()
2024-03-05 19:45:09 | init: handle request: mod=_admin
2024-03-05 19:45:09 | init: TAdminController.create()
2024-03-05 19:45:09 | init: handle request: mod=_admin
2024-03-05 19:45:09 | init: TAdminController.create()
2024-03-05 19:45:09 | init: handle request: mod=_admin
2024-03-05 19:45:10 | init: TAdminController.create()
2024-03-05 19:45:10 | init: handle request: mod=_admin
2024-03-05 19:45:10 | init: TAdminController.create()
2024-03-05 19:45:10 | init: handle request: mod=_admin
2024-03-05 19:45:10 | init: TAdminController.create()
2024-03-05 19:45:10 | init: handle request: mod=_admin
2024-03-05 19:45:17 | init: TAmandahotikController.create()
2024-03-05 19:45:17 | init: handle request: mod=_
2024-03-05 19:45:34 | init: TAmandahotikController.create()
2024-03-05 19:45:34 | init: handle request: mod=_
2024-03-05 19:46:04 | init: TAmandahotikController.create()
2024-03-05 19:46:04 | init: handle request: mod=_
2024-03-05 19:46:04 | init: TAdminController.create()
2024-03-05 19:46:04 | init: handle request: mod=_admin
2024-03-05 19:46:05 | init: TAmandahotikController.create()
2024-03-05 19:46:05 | init: handle request: mod=_
2024-03-05 19:46:05 | init: TAmandahotikController.create()
2024-03-05 19:46:05 | init: handle request: mod=_
2024-03-05 19:46:05 | init: TAmandahotikController.create()
2024-03-05 19:46:05 | init: handle request: mod=_
2024-03-05 19:46:05 | init: TAmandahotikController.create()
2024-03-05 19:46:05 | init: handle request: mod=_
2024-03-05 19:46:05 | init: TAmandahotikController.create()
2024-03-05 19:46:05 | init: handle request: mod=_
2024-03-05 19:46:07 | init: TIfaceController.create()
2024-03-05 19:46:07 | init: handle request: mod=_admin_iface
2024-03-05 19:46:07 | init: TAdminController.create()
2024-03-05 19:46:07 | init: handle request: mod=_admin
2024-03-05 19:46:07 | init: TAdminController.create()
2024-03-05 19:46:07 | init: handle request: mod=_admin
2024-03-05 19:46:07 | init: TAdminController.create()
2024-03-05 19:46:07 | init: handle request: mod=_admin
2024-03-05 19:46:07 | init: TAdminController.create()
2024-03-05 19:46:07 | init: handle request: mod=_admin
2024-03-05 19:46:07 | init: TAdminController.create()
2024-03-05 19:46:07 | init: handle request: mod=_admin
2024-03-05 19:46:07 | init: TAdminController.create()
2024-03-05 19:46:07 | init: handle request: mod=_admin
2024-03-05 19:46:07 | init: TAdminController.create()
2024-03-05 19:46:07 | init: handle request: mod=_admin
2024-03-05 19:46:07 | init: TAdminController.create()
2024-03-05 19:46:07 | init: handle request: mod=_admin
2024-03-05 19:46:07 | init: TAdminController.create()
2024-03-05 19:46:07 | init: handle request: mod=_admin
2024-03-05 19:46:07 | init: TAdminController.create()
2024-03-05 19:46:07 | init: handle request: mod=_admin
2024-03-05 19:46:07 | init: TAdminController.create()
2024-03-05 19:46:07 | init: handle request: mod=_admin
2024-03-05 19:46:33 | init: TIfaceController.create()
2024-03-05 19:46:33 | init: handle request: mod=_admin_iface
2024-03-05 19:46:33 | init: TAdminController.create()
2024-03-05 19:46:33 | init: handle request: mod=_admin
2024-03-05 19:46:33 | init: TAdminController.create()
2024-03-05 19:46:33 | init: handle request: mod=_admin
2024-03-05 19:46:33 | init: TAdminController.create()
2024-03-05 19:46:33 | init: handle request: mod=_admin
2024-03-05 19:46:33 | init: TAdminController.create()
2024-03-05 19:46:33 | init: handle request: mod=_admin
2024-03-05 19:46:33 | init: TAdminController.create()
2024-03-05 19:46:33 | init: handle request: mod=_admin
2024-03-05 19:46:33 | init: TAdminController.create()
2024-03-05 19:46:33 | init: handle request: mod=_admin
2024-03-05 19:46:33 | init: TAdminController.create()
2024-03-05 19:46:33 | init: handle request: mod=_admin
2024-03-05 19:46:34 | init: TIfaceController.create()
2024-03-05 19:46:34 | init: handle request: mod=_admin_iface
2024-03-05 19:46:34 | init: TAdminController.create()
2024-03-05 19:46:34 | init: handle request: mod=_admin
2024-03-05 19:46:34 | init: TAdminController.create()
2024-03-05 19:46:34 | init: handle request: mod=_admin
2024-03-05 19:46:34 | init: TAdminController.create()
2024-03-05 19:46:34 | init: handle request: mod=_admin
2024-03-05 19:46:34 | init: TAdminController.create()
2024-03-05 19:46:34 | init: handle request: mod=_admin
2024-03-05 19:46:34 | init: TAdminController.create()
2024-03-05 19:46:34 | init: handle request: mod=_admin
2024-03-05 19:46:34 | init: TAdminController.create()
2024-03-05 19:46:34 | init: handle request: mod=_admin
2024-03-05 19:46:34 | init: TAdminController.create()
2024-03-05 19:46:34 | init: handle request: mod=_admin
2024-03-05 19:47:09 | init: TIfaceController.create()
2024-03-05 19:47:09 | init: handle request: mod=_admin_iface
2024-03-05 19:47:09 | init: TAdminController.create()
2024-03-05 19:47:09 | init: handle request: mod=_admin
2024-03-05 19:47:09 | init: TAdminController.create()
2024-03-05 19:47:09 | init: handle request: mod=_admin
2024-03-05 19:47:09 | init: TAdminController.create()
2024-03-05 19:47:09 | init: handle request: mod=_admin
2024-03-05 19:47:09 | init: TAdminController.create()
2024-03-05 19:47:09 | init: handle request: mod=_admin
2024-03-05 19:47:09 | init: TAdminController.create()
2024-03-05 19:47:09 | init: handle request: mod=_admin
2024-03-05 19:47:09 | init: TAdminController.create()
2024-03-05 19:47:09 | init: handle request: mod=_admin
2024-03-05 19:47:09 | init: TAdminController.create()
2024-03-05 19:47:09 | init: handle request: mod=_admin
2024-03-05 19:48:07 | init: TIfaceController.create()
2024-03-05 19:48:07 | init: handle request: mod=_admin_iface
2024-03-05 19:48:07 | init: TAdminController.create()
2024-03-05 19:48:07 | init: handle request: mod=_admin
2024-03-05 19:48:07 | init: TAdminController.create()
2024-03-05 19:48:07 | init: handle request: mod=_admin
2024-03-05 19:48:07 | init: TAdminController.create()
2024-03-05 19:48:07 | init: handle request: mod=_admin
2024-03-05 19:48:07 | init: TAdminController.create()
2024-03-05 19:48:07 | init: handle request: mod=_admin
2024-03-05 19:48:08 | init: TIfaceController.create()
2024-03-05 19:48:08 | init: handle request: mod=_admin_iface
2024-03-05 19:48:08 | init: TAdminController.create()
2024-03-05 19:48:08 | init: handle request: mod=_admin
2024-03-05 19:48:08 | init: TAdminController.create()
2024-03-05 19:48:08 | init: handle request: mod=_admin
2024-03-05 19:48:08 | init: TAdminController.create()
2024-03-05 19:48:08 | init: handle request: mod=_admin
2024-03-05 19:48:08 | init: TAdminController.create()
2024-03-05 19:48:08 | init: handle request: mod=_admin
2024-03-05 19:48:10 | init: TIfaceController.create()
2024-03-05 19:48:10 | init: handle request: mod=_admin_iface
2024-03-05 19:48:10 | init: TAdminController.create()
2024-03-05 19:48:10 | init: handle request: mod=_admin
2024-03-05 19:48:10 | init: TAdminController.create()
2024-03-05 19:48:10 | init: handle request: mod=_admin
2024-03-05 19:48:10 | init: TAdminController.create()
2024-03-05 19:48:10 | init: handle request: mod=_admin
2024-03-05 19:48:10 | init: TAdminController.create()
2024-03-05 19:48:10 | init: handle request: mod=_admin
2024-03-05 19:48:12 | init: TIfaceController.create()
2024-03-05 19:48:12 | init: handle request: mod=_admin_iface
2024-03-05 19:48:12 | init: TAdminController.create()
2024-03-05 19:48:12 | init: handle request: mod=_admin
2024-03-05 19:48:12 | init: TAdminController.create()
2024-03-05 19:48:12 | init: handle request: mod=_admin
2024-03-05 19:48:12 | init: TAdminController.create()
2024-03-05 19:48:12 | init: handle request: mod=_admin
2024-03-05 19:48:12 | init: TAdminController.create()
2024-03-05 19:48:12 | init: handle request: mod=_admin
2024-03-05 19:48:17 | init: TAdminController.create()
2024-03-05 19:48:17 | init: handle request: mod=_admin
2024-03-05 19:48:17 | init: TAmandahotikController.create()
2024-03-05 19:48:17 | init: handle request: mod=_
2024-03-05 19:48:26 | init: TAmandahotikController.create()
2024-03-05 19:48:26 | init: handle request: mod=_
2024-03-05 19:48:26 | init: TAdminController.create()
2024-03-05 19:48:26 | init: handle request: mod=_admin
2024-03-05 19:48:26 | init: TAmandahotikController.create()
2024-03-05 19:48:26 | init: handle request: mod=_
2024-03-05 19:48:26 | init: TAmandahotikController.create()
2024-03-05 19:48:26 | init: handle request: mod=_
2024-03-05 19:48:26 | init: TAmandahotikController.create()
2024-03-05 19:48:26 | init: handle request: mod=_
2024-03-05 19:48:26 | init: TAmandahotikController.create()
2024-03-05 19:48:26 | init: handle request: mod=_
2024-03-05 19:48:26 | init: TAmandahotikController.create()
2024-03-05 19:48:26 | init: handle request: mod=_
2024-03-05 19:48:28 | init: TIfaceController.create()
2024-03-05 19:48:28 | init: handle request: mod=_admin_iface
2024-03-05 19:48:28 | init: TAdminController.create()
2024-03-05 19:48:28 | init: handle request: mod=_admin
2024-03-05 19:48:28 | init: TAdminController.create()
2024-03-05 19:48:28 | init: handle request: mod=_admin
2024-03-05 19:48:28 | init: TAdminController.create()
2024-03-05 19:48:28 | init: handle request: mod=_admin
2024-03-05 19:48:28 | init: TAdminController.create()
2024-03-05 19:48:28 | init: handle request: mod=_admin
2024-03-05 19:49:02 | init: TIfaceController.create()
2024-03-05 19:49:02 | init: handle request: mod=_admin_iface
2024-03-05 19:49:02 | init: TAdminController.create()
2024-03-05 19:49:02 | init: handle request: mod=_admin
2024-03-05 19:49:02 | init: TAdminController.create()
2024-03-05 19:49:02 | init: handle request: mod=_admin
2024-03-05 19:49:02 | init: TAdminController.create()
2024-03-05 19:49:02 | init: handle request: mod=_admin
2024-03-05 19:49:02 | init: TAdminController.create()
2024-03-05 19:49:02 | init: handle request: mod=_admin
2024-03-05 19:49:03 | init: TIfaceController.create()
2024-03-05 19:49:03 | init: handle request: mod=_admin_iface
2024-03-05 19:49:03 | init: TAdminController.create()
2024-03-05 19:49:03 | init: handle request: mod=_admin
2024-03-05 19:49:03 | init: TAdminController.create()
2024-03-05 19:49:03 | init: handle request: mod=_admin
2024-03-05 19:49:03 | init: TAdminController.create()
2024-03-05 19:49:03 | init: handle request: mod=_admin
2024-03-05 19:49:03 | init: TAdminController.create()
2024-03-05 19:49:03 | init: handle request: mod=_admin
2024-03-05 19:49:03 | init: TIfaceController.create()
2024-03-05 19:49:03 | init: handle request: mod=_admin_iface
2024-03-05 19:49:03 | init: TAdminController.create()
2024-03-05 19:49:03 | init: handle request: mod=_admin
2024-03-05 19:49:03 | init: TAdminController.create()
2024-03-05 19:49:03 | init: handle request: mod=_admin
2024-03-05 19:49:03 | init: TAdminController.create()
2024-03-05 19:49:03 | init: handle request: mod=_admin
2024-03-05 19:49:04 | init: TAdminController.create()
2024-03-05 19:49:04 | init: handle request: mod=_admin
2024-03-05 19:49:43 | init: TIfaceController.create()
2024-03-05 19:49:43 | init: handle request: mod=_admin_iface
2024-03-05 19:49:43 | init: TAdminController.create()
2024-03-05 19:49:43 | init: handle request: mod=_admin
2024-03-05 19:49:43 | init: TAdminController.create()
2024-03-05 19:49:43 | init: handle request: mod=_admin
2024-03-05 19:49:43 | init: TAdminController.create()
2024-03-05 19:49:43 | init: handle request: mod=_admin
2024-03-05 19:49:43 | init: TAdminController.create()
2024-03-05 19:49:43 | init: handle request: mod=_admin
2024-03-05 19:49:46 | init: TIfaceController.create()
2024-03-05 19:49:46 | init: handle request: mod=_admin_iface
2024-03-05 19:49:46 | init: TAdminController.create()
2024-03-05 19:49:46 | init: handle request: mod=_admin
2024-03-05 19:49:46 | init: TAdminController.create()
2024-03-05 19:49:46 | init: handle request: mod=_admin
2024-03-05 19:49:46 | init: TAdminController.create()
2024-03-05 19:49:46 | init: handle request: mod=_admin
2024-03-05 19:49:46 | init: TAdminController.create()
2024-03-05 19:49:46 | init: handle request: mod=_admin
2024-03-05 19:50:04 | init: TIfaceController.create()
2024-03-05 19:50:04 | init: handle request: mod=_admin_iface
2024-03-05 19:50:04 | init: TAdminController.create()
2024-03-05 19:50:04 | init: handle request: mod=_admin
2024-03-05 19:50:04 | init: TAdminController.create()
2024-03-05 19:50:04 | init: handle request: mod=_admin
2024-03-05 19:50:04 | init: TAdminController.create()
2024-03-05 19:50:04 | init: handle request: mod=_admin
2024-03-05 19:50:04 | init: TAdminController.create()
2024-03-05 19:50:04 | init: handle request: mod=_admin
2024-03-05 19:50:11 | init: TIfaceController.create()
2024-03-05 19:50:11 | init: handle request: mod=_admin_iface
2024-03-05 19:50:11 | init: TAdminController.create()
2024-03-05 19:50:11 | init: handle request: mod=_admin
2024-03-05 19:50:11 | init: TAdminController.create()
2024-03-05 19:50:11 | init: handle request: mod=_admin
2024-03-05 19:50:11 | init: TAdminController.create()
2024-03-05 19:50:11 | init: handle request: mod=_admin
2024-03-05 19:50:11 | init: TAdminController.create()
2024-03-05 19:50:11 | init: handle request: mod=_admin
2024-03-05 19:50:12 | init: TIfaceController.create()
2024-03-05 19:50:12 | init: handle request: mod=_admin_iface
2024-03-05 19:50:12 | init: TAdminController.create()
2024-03-05 19:50:12 | init: handle request: mod=_admin
2024-03-05 19:50:12 | init: TAdminController.create()
2024-03-05 19:50:12 | init: handle request: mod=_admin
2024-03-05 19:50:12 | init: TAdminController.create()
2024-03-05 19:50:12 | init: handle request: mod=_admin
2024-03-05 19:50:12 | init: TAdminController.create()
2024-03-05 19:50:12 | init: handle request: mod=_admin
2024-03-05 19:51:09 | init: TIfaceController.create()
2024-03-05 19:51:09 | init: handle request: mod=_admin_iface
2024-03-05 19:51:09 | init: TAdminController.create()
2024-03-05 19:51:09 | init: handle request: mod=_admin
2024-03-05 19:51:09 | init: TAdminController.create()
2024-03-05 19:51:09 | init: handle request: mod=_admin
2024-03-05 19:51:09 | init: TAdminController.create()
2024-03-05 19:51:09 | init: handle request: mod=_admin
2024-03-05 19:51:09 | init: TAdminController.create()
2024-03-05 19:51:09 | init: handle request: mod=_admin
2024-03-05 19:51:10 | init: TIfaceController.create()
2024-03-05 19:51:10 | init: handle request: mod=_admin_iface
2024-03-05 19:51:10 | init: TAdminController.create()
2024-03-05 19:51:10 | init: handle request: mod=_admin
2024-03-05 19:51:10 | init: TAdminController.create()
2024-03-05 19:51:10 | init: handle request: mod=_admin
2024-03-05 19:51:10 | init: TAdminController.create()
2024-03-05 19:51:10 | init: handle request: mod=_admin
2024-03-05 19:51:10 | init: TAdminController.create()
2024-03-05 19:51:10 | init: handle request: mod=_admin
2024-03-05 19:51:11 | init: TIfaceController.create()
2024-03-05 19:51:11 | init: handle request: mod=_admin_iface
2024-03-05 19:51:11 | init: TAdminController.create()
2024-03-05 19:51:11 | init: handle request: mod=_admin
2024-03-05 19:51:11 | init: TAdminController.create()
2024-03-05 19:51:11 | init: handle request: mod=_admin
2024-03-05 19:51:11 | init: TAdminController.create()
2024-03-05 19:51:11 | init: handle request: mod=_admin
2024-03-05 19:51:11 | init: TAdminController.create()
2024-03-05 19:51:11 | init: handle request: mod=_admin
2024-03-05 19:51:40 | init: TIfaceController.create()
2024-03-05 19:51:40 | init: handle request: mod=_admin_iface
2024-03-05 19:51:40 | init: TAdminController.create()
2024-03-05 19:51:40 | init: handle request: mod=_admin
2024-03-05 19:51:40 | init: TAdminController.create()
2024-03-05 19:51:40 | init: handle request: mod=_admin
2024-03-05 19:51:40 | init: TAdminController.create()
2024-03-05 19:51:40 | init: handle request: mod=_admin
2024-03-05 19:51:40 | init: TAdminController.create()
2024-03-05 19:51:40 | init: handle request: mod=_admin
2024-03-05 19:51:41 | init: TIfaceController.create()
2024-03-05 19:51:41 | init: handle request: mod=_admin_iface
2024-03-05 19:51:41 | init: TAdminController.create()
2024-03-05 19:51:41 | init: handle request: mod=_admin
2024-03-05 19:51:41 | init: TAdminController.create()
2024-03-05 19:51:41 | init: handle request: mod=_admin
2024-03-05 19:51:41 | init: TAdminController.create()
2024-03-05 19:51:41 | init: handle request: mod=_admin
2024-03-05 19:51:41 | init: TAdminController.create()
2024-03-05 19:51:41 | init: handle request: mod=_admin
2024-03-05 19:51:43 | init: TIfaceController.create()
2024-03-05 19:51:43 | init: handle request: mod=_admin_iface
2024-03-05 19:51:43 | init: TAdminController.create()
2024-03-05 19:51:43 | init: handle request: mod=_admin
2024-03-05 19:51:43 | init: TAdminController.create()
2024-03-05 19:51:43 | init: handle request: mod=_admin
2024-03-05 19:51:43 | init: TAdminController.create()
2024-03-05 19:51:43 | init: handle request: mod=_admin
2024-03-05 19:51:43 | init: TAdminController.create()
2024-03-05 19:51:43 | init: handle request: mod=_admin
2024-03-05 19:51:44 | init: TIfaceController.create()
2024-03-05 19:51:44 | init: handle request: mod=_admin_iface
2024-03-05 19:51:44 | init: TAdminController.create()
2024-03-05 19:51:44 | init: handle request: mod=_admin
2024-03-05 19:51:44 | init: TAdminController.create()
2024-03-05 19:51:44 | init: handle request: mod=_admin
2024-03-05 19:51:44 | init: TAdminController.create()
2024-03-05 19:51:44 | init: handle request: mod=_admin
2024-03-05 19:51:44 | init: TAdminController.create()
2024-03-05 19:51:44 | init: handle request: mod=_admin
2024-03-05 19:52:45 | init: TIfaceController.create()
2024-03-05 19:52:45 | init: handle request: mod=_admin_iface
2024-03-05 19:52:45 | init: TAdminController.create()
2024-03-05 19:52:45 | init: handle request: mod=_admin
2024-03-05 19:52:45 | init: TAdminController.create()
2024-03-05 19:52:45 | init: handle request: mod=_admin
2024-03-05 19:52:45 | init: TAdminController.create()
2024-03-05 19:52:45 | init: handle request: mod=_admin
2024-03-05 19:52:45 | init: TAdminController.create()
2024-03-05 19:52:45 | init: handle request: mod=_admin
2024-03-05 19:52:47 | init: TIfaceController.create()
2024-03-05 19:52:47 | init: handle request: mod=_admin_iface
2024-03-05 19:52:47 | init: TAdminController.create()
2024-03-05 19:52:47 | init: handle request: mod=_admin
2024-03-05 19:52:47 | init: TAdminController.create()
2024-03-05 19:52:47 | init: handle request: mod=_admin
2024-03-05 19:52:47 | init: TAdminController.create()
2024-03-05 19:52:47 | init: handle request: mod=_admin
2024-03-05 19:52:47 | init: TAdminController.create()
2024-03-05 19:52:47 | init: handle request: mod=_admin
2024-03-05 19:53:28 | init: TIfaceController.create()
2024-03-05 19:53:28 | init: handle request: mod=_admin_iface
2024-03-05 19:53:28 | init: TAdminController.create()
2024-03-05 19:53:28 | init: handle request: mod=_admin
2024-03-05 19:53:28 | init: TAdminController.create()
2024-03-05 19:53:28 | init: handle request: mod=_admin
2024-03-05 19:53:28 | init: TAdminController.create()
2024-03-05 19:53:28 | init: handle request: mod=_admin
2024-03-05 19:53:28 | init: TAdminController.create()
2024-03-05 19:53:28 | init: handle request: mod=_admin
2024-03-05 19:53:29 | init: TIfaceController.create()
2024-03-05 19:53:29 | init: handle request: mod=_admin_iface
2024-03-05 19:53:29 | init: TAdminController.create()
2024-03-05 19:53:29 | init: handle request: mod=_admin
2024-03-05 19:53:29 | init: TAdminController.create()
2024-03-05 19:53:29 | init: handle request: mod=_admin
2024-03-05 19:53:29 | init: TAdminController.create()
2024-03-05 19:53:29 | init: handle request: mod=_admin
2024-03-05 19:53:29 | init: TAdminController.create()
2024-03-05 19:53:29 | init: handle request: mod=_admin
2024-03-05 19:54:28 | init: TIfaceController.create()
2024-03-05 19:54:28 | init: handle request: mod=_admin_iface
2024-03-05 19:54:28 | init: TAdminController.create()
2024-03-05 19:54:28 | init: handle request: mod=_admin
2024-03-05 19:54:28 | init: TAdminController.create()
2024-03-05 19:54:28 | init: handle request: mod=_admin
2024-03-05 19:54:28 | init: TAdminController.create()
2024-03-05 19:54:28 | init: handle request: mod=_admin
2024-03-05 19:54:28 | init: TAdminController.create()
2024-03-05 19:54:28 | init: handle request: mod=_admin
2024-03-05 19:54:29 | init: TIfaceController.create()
2024-03-05 19:54:29 | init: handle request: mod=_admin_iface
2024-03-05 19:54:29 | init: TAdminController.create()
2024-03-05 19:54:29 | init: handle request: mod=_admin
2024-03-05 19:54:29 | init: TAdminController.create()
2024-03-05 19:54:29 | init: handle request: mod=_admin
2024-03-05 19:54:29 | init: TAdminController.create()
2024-03-05 19:54:29 | init: handle request: mod=_admin
2024-03-05 19:54:29 | init: TAdminController.create()
2024-03-05 19:54:29 | init: handle request: mod=_admin
2024-03-05 19:54:30 | init: TIfaceController.create()
2024-03-05 19:54:30 | init: handle request: mod=_admin_iface
2024-03-05 19:54:30 | init: TAdminController.create()
2024-03-05 19:54:30 | init: handle request: mod=_admin
2024-03-05 19:54:31 | init: TAdminController.create()
2024-03-05 19:54:31 | init: handle request: mod=_admin
2024-03-05 19:54:31 | init: TAdminController.create()
2024-03-05 19:54:31 | init: handle request: mod=_admin
2024-03-05 19:54:31 | init: TAdminController.create()
2024-03-05 19:54:31 | init: handle request: mod=_admin
2024-03-05 19:55:02 | init: TIfaceController.create()
2024-03-05 19:55:02 | init: handle request: mod=_admin_iface
2024-03-05 19:55:02 | init: TAdminController.create()
2024-03-05 19:55:02 | init: handle request: mod=_admin
2024-03-05 19:55:02 | init: TAdminController.create()
2024-03-05 19:55:02 | init: handle request: mod=_admin
2024-03-05 19:55:02 | init: TAdminController.create()
2024-03-05 19:55:02 | init: handle request: mod=_admin
2024-03-05 19:55:02 | init: TAdminController.create()
2024-03-05 19:55:02 | init: handle request: mod=_admin
2024-03-05 19:55:04 | init: TAdminController.create()
2024-03-05 19:55:04 | init: handle request: mod=_admin
2024-03-05 19:55:04 | init: TAmandahotikController.create()
2024-03-05 19:55:04 | init: handle request: mod=_
2024-03-05 19:55:04 | init: TAmandahotikController.create()
2024-03-05 19:55:04 | init: handle request: mod=_
2024-03-05 19:55:04 | init: TAmandahotikController.create()
2024-03-05 19:55:04 | init: handle request: mod=_
2024-03-05 19:55:04 | init: TAmandahotikController.create()
2024-03-05 19:55:04 | init: handle request: mod=_
2024-03-05 19:55:04 | init: TAmandahotikController.create()
2024-03-05 19:55:04 | init: handle request: mod=_
2024-03-05 19:55:08 | init: TAdminController.create()
2024-03-05 19:55:08 | init: handle request: mod=_admin
2024-03-05 19:55:09 | init: TAdminController.create()
2024-03-05 19:55:09 | init: handle request: mod=_admin
2024-03-05 19:55:09 | init: TAdminController.create()
2024-03-05 19:55:09 | init: handle request: mod=_admin
2024-03-05 19:55:09 | init: TAdminController.create()
2024-03-05 19:55:09 | init: handle request: mod=_admin
2024-03-05 19:55:09 | init: TAdminController.create()
2024-03-05 19:55:09 | init: handle request: mod=_admin
2024-03-05 19:55:09 | init: TAdminController.create()
2024-03-05 19:55:09 | init: handle request: mod=_admin
2024-03-05 19:55:11 | init: TAdminController.create()
2024-03-05 19:55:11 | init: handle request: mod=_admin
2024-03-05 19:55:11 | init: TAmandahotikController.create()
2024-03-05 19:55:11 | init: handle request: mod=_
2024-03-05 19:55:11 | init: TAmandahotikController.create()
2024-03-05 19:55:11 | init: handle request: mod=_
2024-03-05 19:55:11 | init: TAmandahotikController.create()
2024-03-05 19:55:11 | init: handle request: mod=_
2024-03-05 19:55:11 | init: TAmandahotikController.create()
2024-03-05 19:55:11 | init: handle request: mod=_
2024-03-05 19:55:11 | init: TAmandahotikController.create()
2024-03-05 19:55:11 | init: handle request: mod=_
2024-03-05 19:55:24 | init: TAdminController.create()
2024-03-05 19:55:24 | init: handle request: mod=_admin
2024-03-05 19:55:24 | init: TAdminController.create()
2024-03-05 19:55:24 | init: handle request: mod=_admin
2024-03-05 19:55:24 | init: TAdminController.create()
2024-03-05 19:55:24 | init: handle request: mod=_admin
2024-03-05 19:55:24 | init: TAdminController.create()
2024-03-05 19:55:24 | init: handle request: mod=_admin
2024-03-05 19:55:24 | init: TAdminController.create()
2024-03-05 19:55:24 | init: handle request: mod=_admin
2024-03-05 19:55:24 | init: TAdminController.create()
2024-03-05 19:55:24 | init: handle request: mod=_admin
2024-03-05 19:55:27 | init: TAdminController.create()
2024-03-05 19:55:27 | init: handle request: mod=_admin
2024-03-05 19:55:27 | init: TAdminController.create()
2024-03-05 19:55:27 | init: handle request: mod=_admin
2024-03-05 19:55:27 | init: TAdminController.create()
2024-03-05 19:55:27 | init: handle request: mod=_admin
2024-03-05 19:55:27 | init: TAdminController.create()
2024-03-05 19:55:27 | init: handle request: mod=_admin
2024-03-05 19:55:27 | init: TAdminController.create()
2024-03-05 19:55:27 | init: handle request: mod=_admin
2024-03-05 19:55:27 | init: TAdminController.create()
2024-03-05 19:55:27 | init: handle request: mod=_admin
2024-03-05 19:55:28 | init: TAdminController.create()
2024-03-05 19:55:28 | init: handle request: mod=_admin
2024-03-05 19:55:28 | init: TAdminController.create()
2024-03-05 19:55:28 | init: handle request: mod=_admin
2024-03-05 19:55:28 | init: TAdminController.create()
2024-03-05 19:55:28 | init: handle request: mod=_admin
2024-03-05 19:55:28 | init: TAdminController.create()
2024-03-05 19:55:28 | init: handle request: mod=_admin
2024-03-05 19:55:28 | init: TAdminController.create()
2024-03-05 19:55:28 | init: handle request: mod=_admin
2024-03-05 19:55:28 | init: TAdminController.create()
2024-03-05 19:55:28 | init: handle request: mod=_admin
2024-03-05 19:55:47 | init: TAdminController.create()
2024-03-05 19:55:47 | init: handle request: mod=_admin
2024-03-05 19:55:47 | init: TAmandahotikController.create()
2024-03-05 19:55:47 | init: handle request: mod=_
2024-03-05 19:55:47 | init: TAmandahotikController.create()
2024-03-05 19:55:47 | init: handle request: mod=_
2024-03-05 19:55:47 | init: TAmandahotikController.create()
2024-03-05 19:55:47 | init: handle request: mod=_
2024-03-05 19:55:47 | init: TAmandahotikController.create()
2024-03-05 19:55:47 | init: handle request: mod=_
2024-03-05 19:55:47 | init: TAmandahotikController.create()
2024-03-05 19:55:47 | init: handle request: mod=_
2024-03-05 19:55:49 | init: TIfaceController.create()
2024-03-05 19:55:49 | init: handle request: mod=_admin_iface
2024-03-05 19:55:49 | init: TAdminController.create()
2024-03-05 19:55:49 | init: handle request: mod=_admin
2024-03-05 19:55:49 | init: TAdminController.create()
2024-03-05 19:55:49 | init: handle request: mod=_admin
2024-03-05 19:55:49 | init: TAdminController.create()
2024-03-05 19:55:49 | init: handle request: mod=_admin
2024-03-05 19:55:49 | init: TAdminController.create()
2024-03-05 19:55:49 | init: handle request: mod=_admin
2024-03-05 20:13:22 | init: TIfaceController.create()
2024-03-05 20:13:22 | init: handle request: mod=_admin_iface
2024-03-05 20:28:33 | init: TIfaceController.create()
2024-03-05 20:28:33 | init: handle request: mod=_admin_iface
2024-03-05 20:29:04 | init: TAdminController.create()
2024-03-05 20:29:04 | init: handle request: mod=_admin
2024-03-05 20:29:04 | init: TAmandahotikController.create()
2024-03-05 20:29:04 | init: handle request: mod=_
2024-03-05 20:29:11 | init: TAmandahotikController.create()
2024-03-05 20:29:11 | init: handle request: mod=_
2024-03-05 20:29:11 | init: TAdminController.create()
2024-03-05 20:29:11 | init: handle request: mod=_admin
2024-03-05 20:29:11 | init: TAmandahotikController.create()
2024-03-05 20:29:11 | init: handle request: mod=_
2024-03-05 20:29:11 | init: TAmandahotikController.create()
2024-03-05 20:29:11 | init: handle request: mod=_
2024-03-05 20:29:11 | init: TAmandahotikController.create()
2024-03-05 20:29:11 | init: handle request: mod=_
2024-03-05 20:29:11 | init: TAmandahotikController.create()
2024-03-05 20:29:11 | init: handle request: mod=_
2024-03-05 20:29:11 | init: TAmandahotikController.create()
2024-03-05 20:29:11 | init: handle request: mod=_
2024-03-05 20:29:14 | init: TIfaceController.create()
2024-03-05 20:29:14 | init: handle request: mod=_admin_iface
2024-03-05 20:29:14 | init: TAdminController.create()
2024-03-05 20:29:14 | init: handle request: mod=_admin
2024-03-05 20:29:14 | init: TAdminController.create()
2024-03-05 20:29:14 | init: handle request: mod=_admin
2024-03-05 20:29:14 | init: TAdminController.create()
2024-03-05 20:29:14 | init: handle request: mod=_admin
2024-03-05 20:29:14 | init: TAdminController.create()
2024-03-05 20:29:14 | init: handle request: mod=_admin
2024-03-05 20:30:16 | init: TIfaceController.create()
2024-03-05 20:30:16 | init: handle request: mod=_admin_iface
2024-03-05 20:30:16 | init: TAdminController.create()
2024-03-05 20:30:16 | init: handle request: mod=_admin
2024-03-05 20:30:16 | init: TAdminController.create()
2024-03-05 20:30:16 | init: handle request: mod=_admin
2024-03-05 20:30:16 | init: TAdminController.create()
2024-03-05 20:30:16 | init: handle request: mod=_admin
2024-03-05 20:30:16 | init: TAdminController.create()
2024-03-05 20:30:16 | init: handle request: mod=_admin
2024-03-05 20:30:22 | init: TIfaceController.create()
2024-03-05 20:30:22 | init: handle request: mod=_admin_iface
2024-03-05 20:30:22 | init: TAdminController.create()
2024-03-05 20:30:22 | init: handle request: mod=_admin
2024-03-05 20:30:22 | init: TAdminController.create()
2024-03-05 20:30:22 | init: handle request: mod=_admin
2024-03-05 20:30:22 | init: TAdminController.create()
2024-03-05 20:30:22 | init: handle request: mod=_admin
2024-03-05 20:30:22 | init: TAdminController.create()
2024-03-05 20:30:22 | init: handle request: mod=_admin
2024-03-05 20:30:23 | init: TIfaceController.create()
2024-03-05 20:30:23 | init: handle request: mod=_admin_iface
2024-03-05 20:30:23 | init: TAdminController.create()
2024-03-05 20:30:23 | init: handle request: mod=_admin
2024-03-05 20:30:23 | init: TAdminController.create()
2024-03-05 20:30:23 | init: handle request: mod=_admin
2024-03-05 20:30:23 | init: TAdminController.create()
2024-03-05 20:30:23 | init: handle request: mod=_admin
2024-03-05 20:30:23 | init: TAdminController.create()
2024-03-05 20:30:23 | init: handle request: mod=_admin
2024-03-05 20:30:53 | init: TIfaceController.create()
2024-03-05 20:30:53 | init: handle request: mod=_admin_iface
2024-03-05 20:30:53 | init: TAdminController.create()
2024-03-05 20:30:53 | init: handle request: mod=_admin
2024-03-05 20:30:53 | init: TAdminController.create()
2024-03-05 20:30:53 | init: handle request: mod=_admin
2024-03-05 20:30:53 | init: TAdminController.create()
2024-03-05 20:30:53 | init: handle request: mod=_admin
2024-03-05 20:30:53 | init: TAdminController.create()
2024-03-05 20:30:53 | init: handle request: mod=_admin
2024-03-05 20:31:14 | init: TIfaceController.create()
2024-03-05 20:31:14 | init: handle request: mod=_admin_iface
2024-03-05 20:31:14 | init: TAdminController.create()
2024-03-05 20:31:14 | init: handle request: mod=_admin
2024-03-05 20:31:14 | init: TAdminController.create()
2024-03-05 20:31:14 | init: handle request: mod=_admin
2024-03-05 20:31:14 | init: TAdminController.create()
2024-03-05 20:31:14 | init: handle request: mod=_admin
2024-03-05 20:31:14 | init: TAdminController.create()
2024-03-05 20:31:14 | init: handle request: mod=_admin
2024-03-05 20:34:12 | init: TIfaceController.create()
2024-03-05 20:34:12 | init: handle request: mod=_admin_iface
2024-03-05 20:34:12 | init: TAdminController.create()
2024-03-05 20:34:12 | init: handle request: mod=_admin
2024-03-05 20:34:12 | init: TAdminController.create()
2024-03-05 20:34:12 | init: handle request: mod=_admin
2024-03-05 20:34:12 | init: TAdminController.create()
2024-03-05 20:34:12 | init: handle request: mod=_admin
2024-03-05 20:34:12 | init: TAdminController.create()
2024-03-05 20:34:12 | init: handle request: mod=_admin
2024-03-05 20:34:38 | init: TIfaceController.create()
2024-03-05 20:34:38 | init: handle request: mod=_admin_iface
2024-03-05 20:34:38 | init: TAdminController.create()
2024-03-05 20:34:38 | init: handle request: mod=_admin
2024-03-05 20:34:38 | init: TAdminController.create()
2024-03-05 20:34:38 | init: handle request: mod=_admin
2024-03-05 20:34:38 | init: TAdminController.create()
2024-03-05 20:34:38 | init: handle request: mod=_admin
2024-03-05 20:34:38 | init: TAdminController.create()
2024-03-05 20:34:38 | init: handle request: mod=_admin
2024-03-05 20:34:42 | init: TAdminController.create()
2024-03-05 20:34:42 | init: handle request: mod=_admin
2024-03-05 20:34:43 | init: TAmandahotikController.create()
2024-03-05 20:34:43 | init: handle request: mod=_
2024-03-05 20:34:50 | init: TAmandahotikController.create()
2024-03-05 20:34:50 | init: handle request: mod=_
2024-03-05 20:34:50 | init: TAdminController.create()
2024-03-05 20:34:50 | init: handle request: mod=_admin
2024-03-05 20:34:50 | init: TAmandahotikController.create()
2024-03-05 20:34:50 | init: handle request: mod=_
2024-03-05 20:35:09 | init: TIfaceController.create()
2024-03-05 20:35:09 | init: handle request: mod=_admin_iface
2024-03-05 20:35:09 | init: TAdminController.create()
2024-03-05 20:35:09 | init: handle request: mod=_admin
2024-03-05 20:35:09 | init: TAdminController.create()
2024-03-05 20:35:09 | init: handle request: mod=_admin
2024-03-05 20:35:09 | init: TAdminController.create()
2024-03-05 20:35:09 | init: handle request: mod=_admin
2024-03-05 20:35:09 | init: TAdminController.create()
2024-03-05 20:35:09 | init: handle request: mod=_admin
2024-03-05 20:37:23 | init: TIfaceController.create()
2024-03-05 20:37:23 | init: handle request: mod=_admin_iface
2024-03-05 20:37:23 | init: TAdminController.create()
2024-03-05 20:37:23 | init: handle request: mod=_admin
2024-03-05 20:37:23 | init: TAdminController.create()
2024-03-05 20:37:23 | init: handle request: mod=_admin
2024-03-05 20:37:23 | init: TAdminController.create()
2024-03-05 20:37:23 | init: handle request: mod=_admin
2024-03-05 20:37:23 | init: TAdminController.create()
2024-03-05 20:37:23 | init: handle request: mod=_admin
2024-03-05 20:40:05 | init: TIfaceController.create()
2024-03-05 20:40:05 | init: handle request: mod=_admin_iface
2024-03-05 20:40:05 | init: TAdminController.create()
2024-03-05 20:40:05 | init: handle request: mod=_admin
2024-03-05 20:40:05 | init: TAdminController.create()
2024-03-05 20:40:05 | init: handle request: mod=_admin
2024-03-05 20:40:05 | init: TAdminController.create()
2024-03-05 20:40:05 | init: handle request: mod=_admin
2024-03-05 20:40:05 | init: TAdminController.create()
2024-03-05 20:40:05 | init: handle request: mod=_admin
2024-03-05 20:40:11 | init: TIfaceController.create()
2024-03-05 20:40:11 | init: handle request: mod=_admin_iface
2024-03-05 20:40:11 | init: TAdminController.create()
2024-03-05 20:40:11 | init: handle request: mod=_admin
2024-03-05 20:40:11 | init: TAdminController.create()
2024-03-05 20:40:11 | init: handle request: mod=_admin
2024-03-05 20:40:11 | init: TAdminController.create()
2024-03-05 20:40:11 | init: handle request: mod=_admin
2024-03-05 20:40:11 | init: TAdminController.create()
2024-03-05 20:40:11 | init: handle request: mod=_admin
2024-03-05 20:40:12 | init: TIfaceController.create()
2024-03-05 20:40:12 | init: handle request: mod=_admin_iface
2024-03-05 20:40:12 | init: TAdminController.create()
2024-03-05 20:40:12 | init: handle request: mod=_admin
2024-03-05 20:40:12 | init: TAdminController.create()
2024-03-05 20:40:12 | init: handle request: mod=_admin
2024-03-05 20:40:12 | init: TAdminController.create()
2024-03-05 20:40:12 | init: handle request: mod=_admin
2024-03-05 20:40:12 | init: TAdminController.create()
2024-03-05 20:40:12 | init: handle request: mod=_admin
2024-03-05 20:40:12 | init: TIfaceController.create()
2024-03-05 20:40:12 | init: handle request: mod=_admin_iface
2024-03-05 20:40:13 | init: TAdminController.create()
2024-03-05 20:40:13 | init: handle request: mod=_admin
2024-03-05 20:40:13 | init: TAdminController.create()
2024-03-05 20:40:13 | init: handle request: mod=_admin
2024-03-05 20:40:13 | init: TAdminController.create()
2024-03-05 20:40:13 | init: handle request: mod=_admin
2024-03-05 20:40:13 | init: TAdminController.create()
2024-03-05 20:40:13 | init: handle request: mod=_admin
2024-03-05 20:40:16 | init: TAdminController.create()
2024-03-05 20:40:16 | init: handle request: mod=_admin
2024-03-05 20:40:17 | init: TAmandahotikController.create()
2024-03-05 20:40:17 | init: handle request: mod=_
2024-03-05 20:40:24 | init: TAmandahotikController.create()
2024-03-05 20:40:24 | init: handle request: mod=_
2024-03-05 20:40:24 | init: TAdminController.create()
2024-03-05 20:40:24 | init: handle request: mod=_admin
2024-03-05 20:40:24 | init: TAmandahotikController.create()
2024-03-05 20:40:24 | init: handle request: mod=_
2024-03-05 20:40:26 | init: TIfaceController.create()
2024-03-05 20:40:26 | init: handle request: mod=_admin_iface
2024-03-05 20:40:27 | init: TAdminController.create()
2024-03-05 20:40:27 | init: handle request: mod=_admin
2024-03-05 20:40:27 | init: TAdminController.create()
2024-03-05 20:40:27 | init: handle request: mod=_admin
2024-03-05 20:40:27 | init: TAdminController.create()
2024-03-05 20:40:27 | init: handle request: mod=_admin
2024-03-05 20:40:27 | init: TAdminController.create()
2024-03-05 20:40:27 | init: handle request: mod=_admin
2024-03-05 20:40:52 | init: TAdminController.create()
2024-03-05 20:40:52 | init: handle request: mod=_admin
2024-03-05 20:40:52 | init: TAmandahotikController.create()
2024-03-05 20:40:52 | init: handle request: mod=_
2024-03-05 20:40:54 | init: TAdminController.create()
2024-03-05 20:40:54 | init: handle request: mod=_admin
2024-03-05 20:40:54 | init: TAmandahotikController.create()
2024-03-05 20:40:54 | init: handle request: mod=_
2024-03-05 20:46:16 | init: TAdminController.create()
2024-03-05 20:46:16 | init: handle request: mod=_admin
2024-03-05 20:46:16 | init: TAmandahotikController.create()
2024-03-05 20:46:16 | init: handle request: mod=_
2024-03-05 20:46:22 | init: TAmandahotikController.create()
2024-03-05 20:46:22 | init: handle request: mod=_
2024-03-05 20:46:23 | init: TAdminController.create()
2024-03-05 20:46:23 | init: handle request: mod=_admin
2024-03-05 20:46:23 | init: TAmandahotikController.create()
2024-03-05 20:46:23 | init: handle request: mod=_
2024-03-05 20:46:26 | init: TIfaceController.create()
2024-03-05 20:46:26 | init: handle request: mod=_admin_iface
2024-03-05 20:46:26 | init: TAdminController.create()
2024-03-05 20:46:26 | init: handle request: mod=_admin
2024-03-05 20:46:26 | init: TAdminController.create()
2024-03-05 20:46:26 | init: handle request: mod=_admin
2024-03-05 20:46:26 | init: TAdminController.create()
2024-03-05 20:46:26 | init: handle request: mod=_admin
2024-03-05 20:46:26 | init: TAdminController.create()
2024-03-05 20:46:26 | init: handle request: mod=_admin
2024-03-05 20:46:28 | init: TIfaceController.create()
2024-03-05 20:46:28 | init: handle request: mod=_admin_iface
2024-03-05 20:46:28 | init: TAdminController.create()
2024-03-05 20:46:28 | init: handle request: mod=_admin
2024-03-05 20:46:28 | init: TAdminController.create()
2024-03-05 20:46:28 | init: handle request: mod=_admin
2024-03-05 20:46:28 | init: TAdminController.create()
2024-03-05 20:46:28 | init: handle request: mod=_admin
2024-03-05 20:46:28 | init: TAdminController.create()
2024-03-05 20:46:28 | init: handle request: mod=_admin
2024-03-05 20:47:27 | init: TIfaceController.create()
2024-03-05 20:47:27 | init: handle request: mod=_admin_iface
2024-03-05 20:47:27 | init: TAdminController.create()
2024-03-05 20:47:27 | init: handle request: mod=_admin
2024-03-05 20:47:27 | init: TAdminController.create()
2024-03-05 20:47:27 | init: handle request: mod=_admin
2024-03-05 20:47:27 | init: TAdminController.create()
2024-03-05 20:47:27 | init: handle request: mod=_admin
2024-03-05 20:47:27 | init: TAdminController.create()
2024-03-05 20:47:27 | init: handle request: mod=_admin
2024-03-05 20:49:09 | init: TIfaceController.create()
2024-03-05 20:49:09 | init: handle request: mod=_admin_iface
2024-03-05 20:49:09 | init: TAdminController.create()
2024-03-05 20:49:09 | init: handle request: mod=_admin
2024-03-05 20:49:09 | init: TAdminController.create()
2024-03-05 20:49:09 | init: handle request: mod=_admin
2024-03-05 20:49:09 | init: TAdminController.create()
2024-03-05 20:49:09 | init: handle request: mod=_admin
2024-03-05 20:49:10 | init: TAdminController.create()
2024-03-05 20:49:10 | init: handle request: mod=_admin
2024-03-05 20:49:12 | init: TIfaceController.create()
2024-03-05 20:49:12 | init: handle request: mod=_admin_iface
2024-03-05 20:49:13 | init: TAdminController.create()
2024-03-05 20:49:13 | init: handle request: mod=_admin
2024-03-05 20:49:13 | init: TAdminController.create()
2024-03-05 20:49:13 | init: handle request: mod=_admin
2024-03-05 20:49:13 | init: TAdminController.create()
2024-03-05 20:49:13 | init: handle request: mod=_admin
2024-03-05 20:49:13 | init: TAdminController.create()
2024-03-05 20:49:13 | init: handle request: mod=_admin
2024-03-05 20:49:17 | init: TAdminController.create()
2024-03-05 20:49:17 | init: handle request: mod=_admin
2024-03-05 20:49:17 | init: TAmandahotikController.create()
2024-03-05 20:49:17 | init: handle request: mod=_
